806,824,830,724,822,827,879,869
806,824,830,724,822,827,879,869
806,824,830,724,822,827,879,869
806,824,830,724,822,827,879,869
806,824,830,724,822,827,880,869
806,823,830,724,822,827,879,869
806,824,830,724,822,827,879,869
806,825,830,724,822,827,880,869
806,823,830,724,822,827,879,869
806,823,830,724,822,827,880,869
806,824,830,723,822,827,880,869
806,823,830,724,822,827,880,869
806,823,830,724,822,827,879,869
806,823,830,724,822,827,879,869
806,823,830,724,822,827,879,869
806,824,830,724,822,827,880,869
806,824,830,724,822,827,879,869
806,824,830,724,822,827,880,869
806,824,830,724,822,827,880,869
806,825,830,724,822,827,880,869
806,824,830,724,822,827,880,869
806,824,830,724,822,827,879,869
806,824,830,723,822,827,880,869
806,824,830,724,822,827,880,869
806,825,830,724,822,827,880,869
806,824,829,724,822,827,879,869
806,824,830,724,822,827,879,869
805,825,830,724,822,827,880,869
806,825,829,724,821,827,879,869
806,825,830,724,822,826,879,869
805,825,829,724,822,827,880,869
805,825,829,724,822,827,880,869
805,825,829,724,822,827,879,869
805,825,829,724,822,827,879,869
805,825,829,723,822,826,879,869
805,825,829,724,822,826,879,869
805,826,829,724,822,826,879,869
805,825,829,724,822,827,879,869
805,826,829,724,822,826,879,869
805,825,829,724,822,826,879,869
805,825,829,724,821,826,879,869
805,826,829,724,822,827,879,869
805,825,829,724,822,826,879,869
805,824,829,724,822,827,880,869
805,825,829,724,822,827,879,869
805,824,829,724,822,827,879,869
805,825,829,724,822,826,879,869
805,825,829,724,822,826,879,869
805,825,829,724,822,827,879,869
805,826,829,724,822,826,879,869
805,825,829,724,822,826,879,869
805,825,829,724,822,826,879,869
806,825,829,724,821,826,879,869
805,825,829,724,822,826,879,869
805,825,829,724,822,826,879,869
805,825,829,724,822,827,879,869
805,825,829,724,822,827,879,869
805,825,829,724,822,826,879,869
805,826,829,724,822,826,879,869
805,825,829,724,822,826,879,869
805,825,829,724,822,826,879,869
805,825,829,724,822,826,879,869
805,825,829,724,822,826,879,869
805,825,828,724,822,826,879,869
805,825,829,724,822,826,879,869
805,826,829,724,822,826,879,869
805,825,829,724,822,826,879,869
805,824,829,724,822,827,879,869
805,825,829,724,822,826,879,869
805,825,829,724,822,826,879,869
805,825,829,724,822,826,879,869
805,825,829,724,822,826,879,869
805,825,829,724,822,826,879,869
805,825,829,724,822,826,879,869
805,824,829,724,822,826,879,869
805,825,829,724,822,826,879,869
805,825,829,724,822,826,879,869
805,824,829,724,822,827,879,869
805,825,830,724,822,826,879,869
805,825,830,724,822,826,879,869
805,824,830,724,822,826,879,869
805,824,829,723,822,826,879,869
805,825,830,724,822,826,879,869
805,825,830,724,822,826,879,869
805,825,829,724,822,826,879,869
805,825,829,724,822,826,879,869
805,824,829,724,822,826,879,869
805,824,829,724,822,826,879,869
805,825,829,724,822,826,879,869
805,826,830,724,822,826,880,869
805,825,829,724,822,826,879,869
805,825,829,724,822,826,879,869
805,825,829,724,822,826,879,869
805,825,829,723,822,826,879,869
805,825,829,724,822,826,879,869
805,825,829,724,822,826,879,869
805,825,829,724,822,826,879,869
805,826,829,724,822,826,879,869
804,825,829,724,822,826,879,869
805,826,829,724,822,826,879,869
805,827,829,724,822,826,879,869
805,828,829,724,822,826,879,869
805,826,829,724,822,826,879,869
805,826,829,724,822,826,879,869
805,825,829,724,822,826,879,869
805,826,829,723,822,826,879,869
805,824,829,724,822,826,879,869
805,823,829,724,822,826,879,869
805,823,829,724,822,826,879,869
805,823,829,724,822,826,879,869
805,823,829,724,822,826,879,869
805,824,829,724,821,826,879,869
805,824,829,724,822,826,879,869
805,824,829,724,822,826,879,869
805,824,829,724,822,827,879,869
805,823,829,724,822,826,879,869
805,822,829,724,822,826,879,869
805,823,829,724,822,826,879,869
805,822,829,724,822,826,879,869
805,823,829,724,822,826,879,869
805,822,829,724,822,826,879,869
805,823,829,724,822,826,879,869
805,823,829,724,822,826,879,869
805,823,829,724,821,826,879,869
805,823,829,724,822,826,879,869
805,823,829,724,822,826,879,869
805,823,829,724,822,826,879,869
805,823,829,724,822,826,879,869
805,823,829,724,822,826,879,869
805,823,829,724,822,826,879,868
805,823,829,724,822,826,879,869
805,826,830,724,822,827,880,870
805,826,830,724,823,828,882,870
805,825,830,724,823,831,883,871
805,824,830,724,824,832,885,871
805,823,829,724,825,833,886,872
807,822,829,725,826,833,888,872
808,821,828,724,826,834,889,873
808,820,827,724,826,835,889,873
808,819,826,757,827,835,890,873
808,818,826,751,827,835,890,873
808,818,826,756,827,835,890,873
808,818,826,765,827,835,890,874
807,818,825,740,827,836,891,874
807,818,825,738,827,836,891,874
807,819,825,730,827,836,891,874
807,818,825,729,827,836,891,874
808,817,825,727,828,836,891,874
808,817,826,725,827,836,891,874
808,818,826,725,828,837,891,874
808,821,826,727,828,837,891,874
808,819,826,725,828,836,891,874
808,819,826,725,828,836,891,874
808,821,826,729,828,837,892,874
809,818,826,743,828,837,892,874
809,817,826,733,828,837,892,874
809,816,825,734,828,837,892,870
809,817,825,734,828,837,892,870
811,816,825,732,828,837,892,869
811,816,825,730,828,837,892,869
812,817,825,728,828,837,892,868
813,817,825,728,828,837,892,868
812,816,825,727,828,837,892,868
812,816,825,728,828,837,892,868
812,816,825,724,828,836,892,868
812,816,825,724,828,837,892,868
812,816,825,724,828,837,892,868
812,816,825,724,828,837,892,867
813,816,825,725,828,837,892,867
813,816,825,724,828,837,892,867
813,815,825,725,828,837,892,867
813,815,826,726,828,837,892,867
813,816,825,726,828,837,892,867
813,816,826,733,828,837,892,867
814,816,826,729,828,837,892,867
814,816,825,727,828,837,892,867
813,816,825,730,828,837,892,867
814,815,825,728,828,837,892,867
814,815,825,728,828,837,892,867
814,816,825,750,828,837,892,867
814,815,825,727,828,838,892,867
814,815,825,725,828,838,892,867
815,815,825,724,828,838,892,867
815,814,825,724,828,838,892,867
815,813,825,724,828,838,893,867
815,813,825,724,828,838,892,867
815,813,825,724,828,838,892,867
815,813,825,724,828,838,892,867
815,814,825,726,828,837,892,866
814,815,826,746,827,836,891,866
813,831,830,728,824,831,885,871
811,829,829,726,824,830,884,871
810,826,828,725,824,829,884,871
810,820,828,725,823,829,883,871
810,819,828,725,823,829,882,870
809,819,827,727,823,829,883,870
810,819,827,731,823,829,882,870
808,819,827,732,823,829,882,870
808,819,827,732,823,828,881,870
808,819,827,731,823,828,881,870
807,820,827,732,823,828,881,870
808,819,827,732,823,828,881,870
808,819,827,733,823,828,880,870
808,819,827,733,823,828,880,870
808,819,827,733,823,828,881,870
808,818,826,734,822,828,880,870
808,819,826,734,823,828,880,870
808,819,826,734,823,828,880,870
808,819,826,735,823,828,880,870
808,819,826,735,823,827,880,870
808,820,826,736,823,828,880,870
808,820,826,736,823,827,880,870
808,819,826,737,823,827,880,869
808,819,826,738,823,827,880,870
806,818,826,739,823,827,880,870
806,819,826,739,823,827,880,870
806,820,826,740,822,827,880,870
806,820,826,741,822,827,879,870
806,819,826,742,823,827,880,870
805,820,826,742,822,827,880,870
805,819,826,742,822,827,879,870
805,819,826,742,822,827,879,870
805,819,826,742,822,827,879,870
805,820,826,744,822,827,879,870
805,820,826,745,822,827,879,870
805,820,826,746,822,827,879,870
805,821,826,746,822,827,879,870
804,820,826,747,822,827,879,870
804,821,825,747,822,827,879,870
804,821,826,747,822,827,879,870
804,821,826,747,822,827,879,870
804,824,826,748,822,827,879,870
804,822,826,747,822,827,879,870
804,822,826,747,822,827,879,870
804,821,826,746,822,827,879,870
804,822,826,746,822,827,879,870
804,821,826,747,822,827,879,869
804,822,826,746,822,827,879,870
805,821,826,746,822,827,879,870
804,821,826,746,822,827,879,870
804,823,826,747,822,827,879,870
804,821,826,747,822,827,878,870
805,822,826,746,822,827,879,870
804,821,827,736,822,827,879,870
805,820,827,736,822,827,879,869
804,820,827,736,822,827,879,869
804,819,827,736,822,827,879,869
804,819,827,736,822,827,879,870
804,819,827,736,822,827,879,869
805,820,826,736,822,827,879,870
805,820,827,736,822,827,879,870
804,819,826,736,822,827,879,870
805,819,826,736,822,827,879,869
805,818,826,736,822,827,878,870
805,817,827,736,822,827,879,870
804,817,827,735,822,827,879,869
804,818,827,736,822,827,879,870
804,818,826,736,822,827,879,869
804,818,826,735,822,827,879,869
804,818,826,736,822,827,878,869
803,818,826,736,822,827,879,869
803,818,827,735,822,827,879,870
804,818,827,736,822,827,878,869
803,818,827,736,822,827,878,869
804,818,826,736,822,827,879,869
803,818,827,736,822,827,878,870
804,818,827,735,822,827,879,870
804,818,827,736,822,827,879,869
804,818,827,736,822,827,879,869
804,818,827,736,822,827,878,869
804,818,827,735,822,827,878,869
804,818,827,736,822,827,878,869
805,818,827,736,822,827,878,870
805,818,827,735,822,827,878,870
804,818,827,736,822,827,878,869
804,818,827,736,822,827,878,869
804,820,826,736,821,827,879,869
805,821,827,736,822,828,879,870
805,821,827,736,823,830,882,870
804,820,827,734,824,831,883,871
804,820,826,731,825,832,885,872
804,820,825,737,825,833,886,872
806,819,824,732,826,834,888,873
805,818,824,737,826,834,888,872
806,819,823,736,827,835,889,873
807,818,823,734,827,835,889,874
808,818,823,749,827,835,890,873
810,818,823,732,827,835,890,874
811,818,823,726,827,836,890,874
811,821,823,742,827,836,890,874
811,817,822,725,827,836,890,874
811,817,822,724,827,836,890,874
811,817,822,725,827,836,890,874
811,817,822,728,827,836,891,874
812,821,822,727,828,836,891,874
812,823,822,729,827,836,891,874
812,830,822,727,828,836,891,874
813,826,822,726,828,837,891,874
813,816,822,724,828,836,891,874
813,816,822,723,828,837,891,874
813,817,822,723,827,837,891,874
814,817,822,722,828,837,891,874
814,817,822,722,828,837,891,874
814,816,822,722,827,837,891,874
814,816,822,722,828,837,891,867
814,816,822,722,828,837,891,866
814,817,822,722,828,836,891,866
815,817,822,722,828,837,891,866
815,818,822,722,828,837,891,866
815,819,823,722,828,837,892,866
815,819,823,722,828,837,892,866
816,819,822,722,828,837,892,866
815,819,822,722,828,837,892,866
815,819,822,722,828,837,892,866
815,819,822,722,828,837,892,866
815,818,822,722,828,837,892,866
815,820,822,723,828,837,892,866
815,819,822,723,828,837,892,866
817,819,823,723,828,837,892,866
816,819,822,723,828,837,892,866
814,819,823,722,828,837,892,866
814,819,823,722,828,837,892,866
813,819,822,722,828,837,892,866
814,819,823,722,828,837,892,866
814,819,823,722,828,837,892,866
813,819,823,722,828,837,892,866
813,819,822,722,828,837,892,866
813,819,822,722,828,837,892,866
814,819,822,723,828,837,892,866
814,819,822,723,828,837,892,866
815,819,822,724,828,838,892,865
816,819,822,725,828,838,892,866
816,820,822,727,828,838,892,866
815,820,822,731,828,838,892,866
816,821,822,728,828,837,891,865
812,838,827,744,825,832,887,869
809,829,827,750,824,830,885,871
808,829,826,748,824,830,884,871
806,830,826,733,824,829,883,871
806,830,826,743,823,829,883,871
806,831,825,748,823,829,882,871
805,831,825,745,823,829,882,870
805,832,825,746,823,829,882,870
805,830,825,747,823,829,882,870
804,828,825,747,823,829,882,870
803,828,825,746,823,829,881,870
803,827,824,746,823,829,881,870
803,826,824,746,822,828,880,870
804,826,825,746,823,828,880,870
803,826,824,747,823,828,880,870
803,824,824,748,823,828,880,870
803,823,824,750,823,828,880,870
803,823,824,752,823,828,880,870
803,823,824,752,823,828,880,870
803,822,824,751,823,828,880,870
803,822,824,752,823,828,880,870
803,822,824,752,823,828,880,870
803,823,824,752,823,828,880,870
802,823,824,750,823,828,879,870
803,823,824,751,822,828,879,870
803,822,824,752,823,828,879,870
802,822,824,752,823,828,879,870
802,822,824,751,822,828,879,870
801,822,824,750,822,828,879,870
801,821,824,751,822,828,879,870
801,821,824,752,822,828,879,869
801,821,824,747,822,828,879,870
801,822,823,747,822,827,879,870
801,821,824,746,822,827,879,870
802,821,823,746,822,827,879,870
801,821,824,745,822,827,879,870
802,821,824,745,822,827,879,870
802,821,824,746,822,827,879,870
802,821,824,745,822,827,879,870
802,821,824,745,822,827,879,870
802,821,824,745,822,827,879,870
801,820,823,746,822,827,879,869
801,821,824,746,822,827,879,869
801,821,824,745,822,827,879,870
801,821,824,745,822,827,879,870
801,821,824,745,822,827,879,870
800,820,824,745,822,827,879,870
799,820,823,745,822,827,879,869
799,820,824,745,822,827,878,869
798,820,824,745,822,827,879,869
798,819,824,745,822,827,879,869
798,820,824,745,822,827,879,869
798,819,824,745,822,827,879,869
798,821,824,745,822,827,879,869
798,820,824,745,822,827,879,869
797,820,824,745,822,827,878,869
797,820,824,746,822,827,878,869
797,820,824,746,822,827,879,869
797,819,824,745,822,828,879,869
797,819,825,746,822,827,878,869
797,819,824,745,822,827,878,869
797,820,824,746,822,827,878,869
797,819,824,745,822,827,878,869
797,819,824,745,822,827,878,869
796,819,824,745,822,827,878,869
797,819,824,746,822,827,878,869
797,819,825,745,822,827,878,869
797,820,825,745,822,827,878,869
797,819,825,745,822,827,878,869
796,819,825,745,822,827,878,869
796,819,825,745,822,827,878,869
796,819,825,745,822,827,878,869
797,819,825,745,822,827,878,869
797,819,825,745,822,827,878,869
797,818,825,745,822,827,878,869
797,819,825,745,822,827,878,869
797,818,825,745,822,827,878,869
797,819,825,745,822,827,878,869
796,819,825,745,822,827,878,869
796,819,825,745,822,827,878,869
797,819,825,745,822,827,878,869
796,819,825,745,822,827,878,869
796,819,825,745,822,827,878,869
796,819,825,745,822,827,877,869
796,820,825,744,822,827,878,869
796,820,825,744,822,827,878,869
796,820,825,744,822,827,878,869
796,819,825,745,822,827,878,869
796,819,825,744,822,827,878,869
796,820,825,744,822,827,878,869
796,819,825,744,822,827,878,869
796,820,825,744,822,827,878,869
796,820,825,744,822,827,878,869
796,822,826,745,822,827,879,870
796,822,826,745,823,829,880,870
796,822,826,745,823,830,882,871
796,822,826,745,824,831,884,871
796,821,826,736,825,832,885,872
799,821,824,743,826,833,886,872
799,819,824,743,826,834,887,873
799,820,823,729,826,834,888,873
800,819,823,737,826,834,889,872
800,819,823,757,827,835,889,873
800,819,823,745,827,835,889,873
800,819,823,729,827,835,889,873
800,819,823,729,827,836,890,873
801,819,823,732,826,836,890,874
801,819,823,731,827,836,890,874
801,819,823,730,827,836,890,874
802,819,823,731,827,836,890,874
802,819,823,730,827,836,890,874
802,818,823,736,827,836,890,874
802,818,823,728,827,836,890,874
804,818,823,723,827,836,891,868
804,818,823,723,827,836,891,866
805,821,823,724,827,836,891,866
805,831,823,726,827,836,891,866
806,822,823,729,827,837,891,865
805,822,823,733,827,836,891,865
806,821,823,736,827,837,891,865
806,821,823,735,828,837,891,865
806,822,823,732,827,837,891,865
806,825,823,727,828,837,891,865
806,825,823,727,828,837,891,865
807,824,823,727,828,836,891,865
807,822,823,726,828,837,891,865
807,822,823,728,828,836,891,865
807,821,823,730,828,837,891,865
807,820,823,730,828,837,891,865
807,820,822,731,828,837,891,865
807,821,824,731,827,837,891,865
808,821,824,732,828,837,892,865
808,821,823,732,828,837,891,865
808,821,823,731,828,837,891,865
809,820,823,731,828,837,892,865
808,820,823,732,828,837,892,865
809,820,823,734,828,837,892,865
809,820,823,733,828,837,892,865
808,821,823,734,828,837,892,865
808,820,823,734,828,837,892,865
808,820,823,736,828,837,892,865
809,821,823,740,827,837,892,865
808,822,823,747,828,837,891,865
808,822,823,735,828,837,892,865
808,822,823,735,828,837,892,865
809,823,823,733,828,837,892,865
809,823,823,732,828,837,892,865
810,823,823,732,828,837,892,865
810,824,823,734,828,837,892,865
811,824,823,736,828,837,892,865
811,823,824,737,827,837,891,865
811,823,825,760,827,835,890,865
808,828,828,743,824,831,885,871
807,829,827,747,824,830,884,871
806,828,827,734,823,830,882,871
805,827,827,737,823,830,882,870
804,827,827,743,823,830,882,870
804,827,827,738,823,829,882,870
804,826,826,745,823,829,882,870
804,826,826,746,823,829,881,870
803,826,826,735,823,829,881,869
804,826,826,733,823,829,881,870
803,824,826,737,823,829,881,870
802,825,826,738,823,829,881,870
801,824,826,739,823,829,881,870
802,824,825,740,822,829,881,870
802,824,826,742,823,829,880,870
802,825,826,743,823,828,880,870
802,825,826,741,823,828,880,870
801,824,825,740,822,828,880,870
802,824,825,739,823,828,880,870
802,823,825,738,822,828,880,870
802,822,825,739,822,828,880,869
802,820,825,740,822,828,880,870
801,820,825,740,822,828,880,870
802,821,825,740,822,828,880,870
802,820,825,742,822,828,880,870
802,820,825,742,822,828,880,870
802,820,825,743,822,828,880,870
802,820,825,743,822,828,880,870
801,820,825,743,822,828,880,869
800,819,825,743,822,828,880,869
800,819,825,743,822,828,879,869
800,819,825,744,822,827,879,869
800,819,825,744,822,828,879,869
800,819,825,744,822,828,879,870
800,819,825,745,822,828,879,869
798,819,825,745,822,828,879,869
798,819,825,745,822,828,879,869
798,818,825,744,822,828,879,869
798,818,825,745,822,828,879,869
797,818,825,745,822,828,879,869
797,819,825,745,822,828,879,869
797,816,825,745,822,827,879,869
797,816,825,745,822,827,879,869
797,817,825,746,822,827,879,870
797,817,825,746,822,827,879,869
797,816,825,747,822,827,879,870
797,815,825,746,822,827,879,869
797,815,825,746,822,827,879,869
797,815,825,746,822,827,879,869
797,815,825,746,822,828,879,869
797,815,825,746,822,827,879,869
797,815,825,747,822,827,879,869
797,815,825,746,822,827,879,869
797,815,825,745,822,827,879,869
797,815,825,745,822,827,879,869
797,814,825,746,822,827,879,869
797,814,825,746,822,827,879,869
797,814,825,746,822,827,879,869
797,814,825,746,822,827,879,869
796,814,825,745,822,827,879,869
797,814,825,745,821,827,879,869
796,814,825,745,822,827,879,869
796,814,825,745,822,827,879,869
796,814,825,746,822,827,879,869
796,814,825,746,822,827,879,869
796,814,825,746,822,827,879,869
796,814,825,745,822,827,879,869
796,814,825,745,822,827,879,869
796,814,825,746,822,827,879,869
796,814,825,746,822,827,879,869
796,813,825,746,822,827,879,869
795,814,824,745,822,827,879,869
796,813,825,745,822,827,879,869
796,813,825,744,822,827,879,869
795,813,825,744,822,827,879,869
795,813,825,745,822,827,879,869
795,813,825,745,822,827,879,869
795,813,825,744,822,827,879,869
795,813,825,745,822,826,878,869
795,813,825,745,822,827,879,869
795,813,825,745,822,827,879,869
795,812,825,745,822,827,879,869
794,813,825,745,822,827,879,869
795,813,825,745,822,827,879,869
794,813,825,744,822,827,878,869
794,813,825,744,822,827,879,869
794,814,825,744,822,827,879,869
794,813,825,744,822,827,878,869
794,813,825,744,822,827,878,869
794,812,825,743,822,827,878,869
794,812,825,744,822,827,878,869
794,816,825,744,822,827,879,869
794,816,825,744,822,828,880,870
794,820,825,745,823,830,882,870
794,816,825,754,824,831,883,871
794,815,824,748,825,832,885,871
796,814,824,741,825,833,886,872
797,814,822,743,826,834,887,872
797,813,822,758,826,834,888,873
798,813,822,756,826,835,888,873
798,812,822,752,827,835,889,873
798,812,822,741,827,835,889,873
799,812,822,737,827,835,889,873
800,811,822,733,827,835,889,873
801,811,822,734,827,835,890,873
801,811,821,749,827,836,890,874
801,811,821,733,827,836,890,874
802,811,821,732,827,836,890,874
802,811,822,732,827,836,890,874
803,811,821,728,827,836,890,874
804,811,822,724,827,836,890,874
804,811,822,724,827,836,890,874
802,810,822,724,827,837,890,874
803,811,822,723,827,835,891,874
803,811,822,723,827,836,891,874
804,811,822,723,827,836,891,874
803,811,822,723,827,836,891,874
804,810,822,723,827,836,891,874
803,810,821,723,827,836,891,874
804,810,822,723,827,836,891,867
806,810,822,723,828,836,891,865
806,810,822,722,828,836,891,865
806,810,822,723,828,836,891,865
807,811,822,722,828,836,891,865
806,810,822,722,828,837,891,865
806,811,822,723,828,837,891,865
807,811,822,723,828,837,891,865
807,812,821,723,828,837,891,865
808,811,822,722,828,837,891,865
808,811,821,726,828,837,891,865
808,811,821,725,828,837,891,865
808,811,821,726,828,837,891,865
808,811,821,726,828,837,891,865
808,811,822,725,828,837,891,865
808,811,822,727,828,837,891,865
810,811,821,727,828,837,891,865
812,811,821,727,828,837,891,865
810,812,821,728,828,837,891,864
810,812,821,729,828,837,891,865
810,812,821,732,828,838,891,865
810,812,821,742,828,837,891,865
809,812,821,733,828,837,891,865
810,812,821,733,827,837,891,865
810,812,821,737,828,837,891,865
810,812,821,733,828,837,891,865
810,812,821,734,828,837,891,865
809,812,821,725,828,837,891,865
810,812,821,726,828,837,891,865
810,812,821,725,828,837,891,864
809,814,821,725,827,837,890,865
806,818,826,740,824,831,885,871
806,819,825,757,824,830,884,871
805,820,825,751,823,830,883,870
802,819,825,751,823,829,883,870
802,818,824,750,823,829,882,870
802,817,825,747,823,829,882,870
801,817,824,750,823,829,882,870
801,816,824,751,823,829,881,870
800,816,824,746,823,829,881,870
800,816,824,743,823,829,881,870
800,816,824,741,823,829,881,869
800,815,824,741,823,829,881,870
800,816,824,742,823,829,881,870
800,815,824,742,823,829,880,870
799,814,824,743,823,829,880,870
799,814,823,743,823,828,880,870
799,814,824,743,823,828,880,870
799,814,824,743,823,828,880,870
799,814,824,743,823,828,880,869
798,814,825,743,823,828,880,869
798,814,824,743,822,828,880,869
798,814,824,743,822,828,880,869
798,814,824,743,822,828,880,869
798,814,824,741,822,828,880,869
798,814,823,740,822,828,880,870
797,814,824,740,822,827,880,869
797,814,823,740,822,827,880,869
797,814,823,740,822,827,879,869
797,814,823,741,822,827,880,869
797,813,823,741,822,827,880,869
796,812,824,740,822,827,880,869
797,812,824,741,822,827,879,869
796,812,824,741,822,827,879,869
795,812,824,740,822,827,879,869
795,811,824,741,822,827,879,869
795,812,824,741,822,827,879,869
795,811,824,741,822,827,879,869
795,811,824,740,822,827,879,869
794,812,824,741,822,827,879,869
794,811,824,740,822,827,879,869
794,811,824,741,822,827,879,869
794,811,824,741,822,827,879,869
794,811,823,741,822,827,879,869
794,811,824,740,822,827,879,869
794,811,824,740,822,827,879,869
794,811,823,741,822,827,879,868
794,811,823,740,822,827,879,869
794,811,824,740,822,827,879,869
794,810,824,740,822,827,879,869
793,811,824,740,822,827,879,869
793,811,823,740,822,827,879,869
794,811,824,740,822,827,879,869
794,811,824,740,822,827,879,869
794,811,824,740,822,827,879,869
793,811,824,740,822,827,879,869
793,810,824,740,822,827,879,869
793,811,824,740,822,827,879,869
793,810,824,740,822,827,879,869
793,810,824,740,822,827,879,869
793,810,824,740,822,827,879,869
793,811,823,740,822,827,879,869
792,810,823,740,822,827,879,869
793,810,823,740,822,827,879,869
793,810,823,740,822,827,879,869
793,810,823,740,822,827,879,869
793,810,823,740,822,827,879,869
793,810,823,740,822,827,879,869
793,809,823,740,822,827,879,869
793,810,823,740,822,827,879,869
793,810,823,740,822,827,879,869
793,810,824,740,822,827,879,869
793,810,824,740,822,827,879,869
793,810,823,740,822,827,879,869
793,810,823,740,822,827,879,869
793,810,823,740,822,827,878,869
793,809,823,740,822,827,879,869
793,809,823,740,822,827,879,869
793,809,823,740,822,827,879,869
793,809,823,740,822,827,879,869
793,809,823,740,822,827,878,869
793,809,823,740,822,827,878,868
793,809,823,739,822,827,878,869
793,809,823,740,822,827,878,869
793,809,823,740,822,827,878,869
793,810,823,740,822,827,878,869
793,809,823,740,822,827,878,869
793,809,823,740,822,827,878,869
793,809,823,740,822,827,878,869
793,809,823,740,822,827,878,869
793,809,823,740,822,827,879,869
793,812,823,740,822,828,880,869
793,813,824,739,823,829,881,870
793,813,824,742,823,830,882,870
793,812,824,735,824,831,884,871
793,812,823,760,825,832,885,872
795,811,823,741,825,833,887,872
795,811,822,732,826,834,887,872
796,811,821,745,826,834,888,873
797,811,821,751,826,834,888,873
798,811,821,752,827,834,889,873
798,810,820,759,827,835,889,865
799,810,820,747,827,835,889,864
799,810,820,746,827,835,889,864
799,810,820,755,827,835,890,864
800,811,820,755,827,836,890,864
799,810,820,760,827,836,890,864
800,810,820,746,827,835,890,864
800,811,820,724,827,836,890,864
801,810,820,751,827,836,890,864
802,810,820,758,827,836,889,864
802,811,820,760,827,836,890,864
801,811,820,728,827,836,890,864
802,811,820,751,827,836,890,864
802,811,820,756,827,836,891,864
802,811,820,747,827,836,890,864
803,812,820,739,827,836,891,863
801,811,820,734,827,836,891,864
802,811,820,740,827,836,891,864
801,811,820,745,827,836,891,864
802,811,820,749,827,836,891,864
803,812,820,747,827,836,891,864
803,812,820,770,828,836,891,864
803,812,820,746,827,836,891,864
803,812,820,742,827,837,891,864
803,813,820,741,827,837,891,864
803,813,820,743,827,836,891,864
803,813,820,747,827,836,891,864
804,814,820,744,828,836,891,863
804,814,820,742,828,836,891,864
804,815,820,741,828,836,891,864
804,816,820,745,828,836,891,864
803,817,820,744,828,836,891,864
804,819,820,744,827,836,891,864
804,820,820,744,828,837,891,864
804,822,820,739,828,837,891,864
805,824,820,739,828,837,891,864
805,826,820,742,828,837,891,864
806,828,820,744,828,836,891,864
805,825,820,744,828,836,891,864
805,823,820,742,828,837,891,864
805,820,820,740,828,837,891,864
805,820,820,744,828,837,891,864
805,818,820,743,828,837,891,864
805,816,820,742,828,837,891,864
805,816,820,740,828,837,891,864
807,815,820,742,828,837,891,864
807,814,820,741,827,837,891,864
807,814,820,741,827,836,890,864
805,819,824,739,825,832,887,866
803,820,824,738,824,830,884,871
802,820,824,747,824,829,883,870
801,819,823,731,823,830,883,870
799,818,823,726,823,829,882,870
799,818,823,726,823,829,882,870
799,818,823,737,823,829,882,870
798,818,822,750,823,829,881,870
798,817,823,730,823,829,881,870
798,817,822,735,823,829,881,870
798,817,823,735,823,829,881,870
798,816,822,730,823,829,881,870
798,816,822,733,823,829,880,870
797,815,822,733,823,828,880,870
797,815,822,727,823,828,880,869
797,815,822,726,823,828,880,870
797,814,822,725,822,828,880,870
797,814,822,725,823,828,880,870
796,813,822,726,822,828,880,870
796,812,822,726,822,828,880,869
796,812,822,726,823,828,880,869
796,812,822,728,822,828,880,869
795,812,822,729,822,828,880,870
796,812,822,731,822,827,880,869
795,812,822,733,822,827,879,869
795,812,822,735,822,827,879,869
795,812,822,737,822,827,879,869
795,812,822,739,822,827,879,869
795,811,823,740,822,827,879,869
795,811,823,740,822,827,879,869
795,812,823,741,822,828,879,869
793,811,823,741,822,828,879,869
793,811,823,741,822,828,879,869
793,811,823,741,822,828,879,869
793,811,823,744,822,828,879,869
793,811,823,745,822,827,879,869
792,811,823,747,822,828,879,869
792,811,823,750,822,827,879,869
793,811,823,746,822,828,879,869
792,811,823,746,822,827,879,869
793,811,823,746,822,827,879,869
793,811,823,747,822,827,879,869
792,810,823,748,822,827,879,869
793,810,823,748,822,828,878,869
793,811,823,747,822,828,879,869
793,811,823,745,822,827,879,869
792,811,823,745,822,828,879,869
792,811,823,747,822,827,879,869
792,811,823,744,822,828,879,869
792,811,823,745,822,827,879,869
792,811,823,746,822,827,879,869
792,811,823,746,822,827,879,869
792,811,823,745,822,827,879,869
792,811,823,744,822,827,879,869
792,811,822,744,821,828,879,869
792,811,823,744,822,827,878,869
792,811,823,744,822,828,879,869
792,811,823,743,822,827,879,869
792,811,823,744,822,827,879,869
792,810,823,744,822,827,879,869
792,810,823,744,822,827,878,869
791,810,823,744,822,827,878,869
791,810,822,744,822,827,879,869
792,810,823,744,822,827,878,869
792,810,823,744,822,827,879,869
791,810,823,743,822,827,879,869
791,810,823,743,822,827,878,869
791,809,823,744,822,828,878,869
791,809,823,743,822,827,878,869
791,809,823,744,822,828,878,869
791,809,823,744,822,827,878,869
791,809,823,744,822,827,878,869
791,810,823,744,822,827,878,869
791,809,822,744,822,828,878,869
791,809,822,743,822,827,878,869
791,809,823,744,822,827,878,869
791,808,823,744,822,827,878,869
791,808,823,743,822,827,878,869
791,808,823,743,822,828,877,869
791,809,822,742,822,828,878,869
791,809,822,742,822,827,878,869
791,809,822,742,822,827,878,869
791,809,822,742,822,827,878,869
791,809,822,741,822,827,878,869
791,809,822,741,822,827,878,869
791,809,822,741,822,827,878,869
791,809,822,741,822,827,878,869
791,809,822,741,822,828,878,869
791,809,822,742,822,827,878,869
790,809,822,741,821,828,878,869
790,809,822,741,822,827,878,869
791,809,822,742,822,827,878,869
790,809,822,742,822,827,878,869
790,810,822,741,822,828,879,869
791,814,822,741,822,829,880,869
791,812,823,747,823,830,881,870
791,811,823,744,824,831,882,871
791,811,822,748,824,832,884,871
793,810,821,737,825,833,885,871
794,810,820,763,826,833,887,872
794,809,819,740,826,834,887,872
795,809,819,751,826,834,888,873
795,809,819,753,826,834,888,873
795,808,819,750,827,835,889,873
796,808,819,750,827,835,889,873
797,808,819,745,827,835,889,873
798,808,818,752,827,835,889,873
798,808,818,748,827,835,889,873
798,808,818,746,827,835,890,873
799,808,818,752,827,835,890,873
799,808,818,744,827,836,890,873
799,809,818,746,827,835,890,873
800,809,818,749,827,836,890,873
800,809,818,748,827,836,889,865
800,809,818,748,827,836,890,865
800,809,818,748,827,836,890,864
800,809,818,750,827,836,890,864
802,809,818,741,827,836,890,864
802,808,818,743,827,836,890,864
800,809,818,727,827,836,890,864
801,809,818,726,827,836,890,864
802,809,819,730,827,836,890,864
800,808,819,732,827,836,890,864
800,809,818,737,827,836,891,864
801,809,818,760,827,836,890,864
801,809,819,756,827,836,890,864
801,808,819,755,827,836,891,864
799,809,819,754,827,836,891,864
800,809,819,755,827,836,891,864
800,809,819,757,827,836,891,864
800,809,819,742,827,836,891,864
800,809,819,732,827,837,891,863
800,809,819,733,827,837,891,864
800,809,819,732,827,837,891,864
800,809,819,732,827,837,891,864
800,809,819,732,827,837,891,864
800,809,819,732,827,837,891,864
800,809,819,733,827,837,891,864
801,809,819,734,827,837,891,864
801,810,819,734,827,837,891,864
801,810,819,737,827,837,891,864
801,810,819,740,828,837,891,864
802,810,819,740,828,836,891,864
801,810,819,742,827,837,891,863
801,810,819,744,827,837,891,864
802,810,819,747,827,837,891,864
802,811,819,745,827,837,891,864
802,815,819,747,827,837,891,864
802,815,819,743,827,837,891,864
802,810,819,740,828,837,891,864
802,810,819,741,827,837,891,864
802,810,819,740,827,836,890,864
800,815,823,724,824,831,885,871
798,816,823,745,824,830,883,871
798,815,822,724,823,829,883,870
798,815,822,723,823,829,882,870
797,814,822,730,823,829,882,870
797,814,822,726,823,829,882,870
796,815,821,735,823,829,881,870
796,814,821,726,823,829,881,870
795,815,821,727,823,829,881,870
796,814,821,727,823,829,881,870
795,814,821,724,823,829,880,870
795,814,821,723,823,828,880,870
795,814,821,723,823,828,880,870
795,813,821,722,822,828,880,870
795,813,821,723,822,828,880,869
795,813,821,723,822,828,880,870
795,812,821,724,822,828,880,870
795,813,821,726,822,828,880,870
795,812,821,726,822,828,880,870
795,812,821,725,822,828,879,869
795,812,821,725,822,828,879,870
795,812,821,725,822,828,880,869
795,812,821,724,822,828,879,869
794,811,821,724,822,828,879,869
794,812,821,724,822,827,879,869
794,811,822,724,822,827,879,869
794,811,822,725,822,828,879,869
794,811,822,726,822,827,879,869
794,811,822,726,822,827,879,869
794,811,822,727,822,827,879,869
792,811,821,727,822,828,879,869
792,810,822,727,822,828,879,869
792,810,822,727,822,827,879,869
791,810,822,727,822,827,879,869
791,810,822,727,822,827,879,869
791,810,822,727,822,827,879,869
791,810,822,727,822,827,879,869
791,810,821,728,822,827,879,869
791,810,822,728,822,827,879,869
791,810,822,728,822,827,879,869
791,809,822,728,822,827,879,869
790,809,821,728,822,827,879,869
790,809,821,728,822,827,879,869
790,810,822,728,822,827,878,869
790,810,822,728,822,827,879,869
790,810,821,728,822,827,878,869
791,810,821,728,822,827,878,869
790,810,821,728,822,827,878,869
790,810,821,728,822,827,878,869
790,809,821,728,822,827,878,868
790,809,821,728,822,827,878,869
790,810,821,728,822,827,878,869
790,810,821,728,822,827,878,869
790,809,821,728,822,827,878,869
790,810,821,728,822,827,878,869
790,809,822,728,822,827,878,869
790,809,822,728,822,827,878,869
790,809,821,728,822,827,878,869
790,809,821,728,822,827,878,869
790,809,821,728,822,827,878,869
790,809,821,728,822,826,878,869
790,809,821,728,822,827,878,869
790,809,821,728,822,827,878,869
790,810,821,728,822,827,878,869
790,809,821,728,822,827,878,869
790,809,821,728,822,827,878,869
790,809,821,728,822,827,878,869
789,809,821,728,822,827,878,869
790,810,821,728,822,827,878,869
789,810,821,728,822,827,878,869
789,810,821,728,822,827,878,869
789,810,821,727,822,827,878,869
789,810,821,728,822,827,878,869
789,810,821,728,822,827,878,869
789,810,821,728,822,827,878,869
789,811,821,728,822,827,878,869
789,810,821,728,822,827,878,869
789,810,821,728,821,827,878,869
789,810,821,727,822,827,877,869
789,809,821,728,822,827,878,869
789,809,821,728,822,827,878,869
789,810,821,728,822,827,878,869
789,810,821,727,822,827,878,869
789,810,821,727,822,827,878,869
789,809,821,728,822,827,878,868
789,810,821,727,822,827,878,869
789,810,821,727,822,827,878,869
789,810,821,728,822,827,878,869
789,809,821,727,822,827,878,869
789,810,821,727,821,827,878,869
789,809,821,727,822,827,877,869
789,810,821,727,822,827,879,869
789,815,821,728,822,828,879,869
789,813,821,727,823,829,881,870
789,812,821,735,823,831,882,871
789,811,821,748,824,831,884,871
791,810,821,753,825,832,885,871
791,810,820,731,826,833,886,872
792,809,819,751,826,834,887,872
792,808,818,747,826,834,888,873
792,809,817,738,826,834,888,873
793,808,818,749,827,835,888,873
793,808,818,746,827,835,889,873
794,808,817,745,827,835,889,873
794,807,817,754,827,836,889,873
795,807,817,763,827,836,889,873
797,806,817,757,827,836,889,873
797,807,817,763,827,836,889,873
797,807,817,767,827,836,889,873
797,807,817,762,827,836,889,873
798,807,817,759,827,836,889,867
798,807,817,761,827,836,890,865
798,807,817,761,827,836,890,864
798,807,817,740,827,836,889,864
796,807,817,742,827,836,890,864
796,808,817,741,827,836,890,864
796,807,817,745,827,836,890,864
797,807,817,758,827,837,890,864
797,807,817,742,827,836,890,864
798,807,817,743,827,836,890,863
797,807,817,754,827,837,890,864
797,808,817,756,827,837,890,863
797,808,817,752,827,837,890,863
797,807,817,756,827,836,890,863
797,806,817,755,827,836,890,864
797,809,817,724,827,837,890,863
797,808,817,740,827,837,890,864
798,807,817,763,827,837,890,863
798,807,817,764,827,837,890,863
798,806,818,741,827,837,891,863
799,807,818,739,828,836,890,863
800,807,817,744,827,837,891,863
799,807,818,748,827,837,891,863
800,807,817,732,828,837,891,863
799,807,818,730,828,837,891,863
800,807,817,741,827,837,891,863
800,807,817,736,827,837,891,863
800,807,818,738,827,837,890,863
799,807,818,735,828,837,891,863
799,807,818,731,827,837,891,863
800,807,818,723,827,837,891,863
800,807,818,722,828,837,891,863
800,807,818,722,828,836,891,863
800,807,818,723,828,837,891,863
800,807,818,724,828,837,891,863
801,807,818,723,828,837,891,863
801,807,818,722,828,837,891,863
802,807,817,722,828,837,891,863
803,807,818,722,827,837,890,863
802,813,818,722,827,836,889,863
799,815,822,722,824,831,884,871
797,814,822,721,824,830,883,870
796,815,821,721,823,829,882,870
795,816,821,721,823,829,882,870
795,816,821,722,823,829,882,870
795,816,820,721,823,829,881,870
794,816,820,721,823,829,881,870
794,818,820,721,823,828,881,870
793,819,820,721,823,829,881,870
793,816,820,721,823,829,880,870
793,818,820,721,823,829,880,870
793,816,820,721,823,828,880,870
793,815,820,721,823,828,880,870
793,815,819,721,823,828,880,870
792,816,820,721,823,828,880,870
792,816,819,721,822,828,880,869
792,816,819,721,822,828,879,869
792,815,819,721,822,829,879,870
792,814,820,721,822,828,879,870
792,814,820,721,822,828,879,870
792,813,820,721,822,828,879,870
792,813,820,721,822,828,879,870
792,813,820,721,822,828,879,870
792,812,820,721,822,828,879,869
792,813,820,721,822,828,879,869
792,811,820,721,822,828,879,869
792,811,820,721,822,828,879,869
792,814,820,721,822,828,879,869
792,815,820,721,822,828,879,869
792,814,820,721,822,828,879,869
792,815,820,721,822,828,879,869
790,815,820,721,822,828,879,869
790,814,819,721,822,828,879,869
790,814,820,721,822,828,878,869
790,814,820,721,822,828,879,869
790,814,820,721,822,828,878,869
790,815,820,721,822,828,878,869
790,814,820,721,822,827,878,869
789,811,820,721,822,828,878,869
789,811,820,721,822,827,878,869
789,809,820,721,822,828,878,869
789,809,820,721,822,828,878,869
789,808,820,721,822,828,878,869
788,809,820,721,822,828,878,869
789,810,820,721,822,828,878,869
789,810,820,721,822,828,878,869
789,809,820,721,822,828,878,869
789,809,820,721,822,828,878,869
789,809,820,721,822,828,878,869
789,808,820,721,822,828,878,869
789,808,820,721,822,828,878,869
789,808,820,721,822,827,878,868
789,808,820,721,822,827,878,869
789,808,820,721,822,827,878,869
789,808,820,721,822,827,878,869
788,808,820,721,822,827,878,869
789,808,820,721,821,827,878,869
789,808,820,721,822,827,878,869
789,807,820,721,822,827,878,869
788,808,820,721,822,827,878,869
788,809,820,721,822,827,878,869
788,808,820,721,822,827,878,869
788,809,820,721,822,827,878,869
788,809,820,721,822,827,878,869
788,809,819,721,822,827,878,869
788,809,820,721,822,827,878,869
788,808,820,721,822,827,878,869
788,808,819,721,822,827,878,869
788,808,820,721,822,827,877,869
788,808,820,721,822,827,878,869
788,807,819,721,822,827,878,869
788,808,820,721,822,827,878,869
788,808,820,721,822,827,878,869
788,808,820,721,822,827,878,869
788,808,820,721,822,827,878,869
788,807,820,721,822,827,878,869
788,807,820,721,822,827,878,869
788,808,820,721,822,827,878,869
788,808,820,721,822,827,878,869
787,807,820,721,821,827,878,869
787,807,820,721,822,827,877,869
787,808,820,721,822,827,878,869
788,808,820,721,822,827,878,869
788,807,820,721,822,827,878,869
787,807,820,721,822,827,878,869
787,807,820,721,822,827,878,869
787,807,820,721,822,827,878,868
788,807,820,721,822,827,877,869
787,808,820,721,822,827,878,869
787,807,820,721,822,827,878,869
787,809,820,721,822,827,879,869
787,813,820,721,822,828,879,870
787,814,820,722,823,830,880,870
787,813,821,723,824,831,882,871
787,812,820,764,824,832,884,871
789,813,820,755,825,833,885,872
789,812,819,752,825,833,886,872
790,812,818,746,826,834,887,872
790,816,817,739,826,834,887,873
790,819,817,752,826,834,888,873
790,817,817,760,826,835,888,873
790,813,817,740,826,834,889,873
791,807,816,747,827,835,889,873
792,807,817,745,826,835,889,873
792,806,817,747,827,835,889,873
793,813,816,749,827,835,889,873
793,809,816,752,827,835,889,873
794,809,816,748,827,836,889,873
794,806,816,740,827,835,890,873
794,809,816,747,827,836,890,873
794,806,816,747,827,836,890,873
795,806,816,721,827,836,890,866
795,810,817,721,827,836,890,865
795,809,816,721,827,836,890,864
795,808,816,721,827,836,890,864
796,808,816,721,827,836,889,864
796,807,816,721,827,836,890,864
796,805,816,721,827,836,890,864
797,805,816,721,827,836,890,863
797,806,816,721,827,836,890,863
796,805,816,720,827,836,890,863
797,805,816,721,827,836,890,863
797,806,816,721,827,836,890,863
797,806,816,721,827,836,891,863
799,806,817,721,827,836,891,863
798,806,816,720,827,836,890,863
799,807,816,720,827,836,891,863
799,808,817,720,827,836,890,863
799,808,816,720,827,836,891,863
799,807,816,720,827,836,891,863
800,807,816,720,827,836,891,863
799,806,816,721,827,836,891,863
799,807,816,720,827,836,891,863
799,806,816,721,827,836,891,863
799,806,817,721,827,836,891,863
799,806,816,721,827,837,891,863
799,806,817,721,827,836,891,863
800,806,817,721,827,836,891,863
799,806,817,721,827,836,891,863
800,806,817,721,827,837,891,863
800,806,816,721,827,837,891,863
800,806,817,722,827,837,891,863
800,806,817,723,827,837,891,863
801,806,817,725,827,837,891,863
800,806,817,725,827,836,891,863
801,806,817,728,827,837,891,863
801,806,816,731,827,837,891,863
801,806,817,732,827,836,890,863
801,807,818,725,827,835,889,864
798,811,821,721,824,831,884,871
796,811,820,722,823,830,882,870
795,824,820,732,823,829,882,870
795,813,819,736,823,829,882,870
794,812,819,748,823,829,882,870
794,812,819,728,823,829,881,870
793,812,819,722,823,829,881,870
793,812,819,723,823,828,881,869
792,811,819,721,823,829,881,870
792,812,819,722,823,828,881,870
792,811,819,725,823,828,880,870
791,810,819,727,822,828,880,870
792,810,819,724,822,828,880,870
792,810,819,723,822,828,880,869
792,809,819,722,822,828,880,869
791,810,819,722,822,828,880,870
791,809,819,722,822,828,880,869
792,808,819,722,822,828,880,869
791,809,819,721,822,828,879,869
791,809,819,722,822,828,879,869
791,809,819,727,822,828,879,869
791,807,819,726,822,828,879,869
791,807,819,724,822,828,879,869
791,808,819,725,822,828,879,869
791,808,820,727,822,828,879,869
791,808,820,724,822,828,879,869
791,808,820,722,822,828,879,869
791,807,820,722,822,828,879,869
790,807,820,722,822,828,879,869
789,806,820,722,822,828,879,869
789,807,819,723,822,827,879,869
789,807,820,724,822,828,879,869
789,806,820,724,822,828,879,869
789,807,820,724,822,828,879,869
788,807,820,724,822,828,879,869
789,807,819,725,822,828,879,869
788,807,820,725,822,828,878,869
788,807,820,725,822,828,879,869
788,807,820,725,822,828,879,869
788,807,820,725,822,828,879,869
788,807,820,726,822,828,879,869
787,806,820,726,822,828,878,869
788,807,820,727,822,827,878,868
787,807,820,727,822,828,878,869
787,807,819,728,822,828,878,869
787,806,819,728,822,828,878,869
787,806,819,728,822,828,878,869
787,806,819,728,821,828,878,869
787,806,820,728,822,828,878,869
787,806,820,728,822,828,878,869
787,807,819,728,822,828,878,869
787,806,820,728,822,828,878,869
787,806,820,727,822,827,878,869
787,806,819,727,822,827,878,869
787,806,820,727,822,828,878,869
787,806,819,727,822,827,878,869
787,806,820,727,822,827,878,869
787,806,820,727,822,828,878,869
787,806,819,727,822,827,878,869
787,806,820,727,822,828,878,869
787,806,819,727,822,827,878,869
787,807,820,727,822,828,878,869
786,807,819,727,822,827,878,869
786,806,819,727,822,827,878,869
786,806,819,726,822,828,878,869
786,807,819,727,822,827,878,869
786,807,819,727,822,827,878,869
786,807,819,727,822,828,878,869
786,807,819,727,822,828,878,869
786,807,819,727,822,827,878,869
786,806,819,727,821,828,878,869
786,806,819,727,822,828,877,869
786,806,819,728,822,828,878,869
786,806,819,728,822,828,878,869
786,806,819,728,822,827,878,869
786,806,819,728,822,828,878,869
786,806,819,728,822,827,878,869
786,806,819,728,822,827,878,869
786,806,819,728,822,827,878,869
787,806,819,728,822,827,878,869
786,807,819,728,822,827,878,869
786,807,819,728,822,827,878,869
786,807,819,728,821,827,878,869
786,806,819,728,822,827,878,869
786,807,819,729,822,827,878,869
786,806,819,729,822,827,878,869
786,806,819,729,822,827,878,869
786,806,819,729,822,827,878,869
786,806,819,729,822,827,878,869
786,806,819,729,822,827,878,869
786,806,819,729,822,827,878,869
786,806,819,729,822,827,878,869
786,806,819,729,822,827,878,869
786,812,818,729,822,828,879,869
786,807,819,729,822,829,879,870
786,807,819,733,823,831,881,870
786,814,819,737,824,832,883,871
787,811,818,752,824,832,884,871
788,810,818,751,825,833,886,872
789,808,817,734,826,834,887,872
790,808,817,734,826,834,887,872
790,806,817,729,826,835,888,873
790,806,816,728,826,835,888,873
791,806,815,730,826,835,888,873
792,805,816,732,826,835,888,873
792,805,815,750,826,835,889,873
792,805,816,744,827,835,888,873
793,806,815,745,827,836,889,873
793,804,815,752,827,836,889,873
793,804,815,738,827,836,889,873
793,803,815,743,827,836,889,873
793,804,815,765,827,835,889,873
794,804,815,757,827,835,889,867
795,804,815,771,827,836,890,865
795,803,815,741,827,836,890,864
793,803,815,744,827,836,889,864
793,803,814,747,827,836,890,864
794,803,815,740,827,836,890,864
794,803,815,744,827,836,890,863
794,803,815,742,827,836,890,863
795,803,815,737,827,836,890,863
796,803,815,742,827,836,890,863
796,803,815,741,827,836,890,863
796,803,815,731,827,836,890,863
797,803,815,726,827,836,890,863
797,803,815,726,827,836,890,863
797,803,815,726,827,836,890,863
798,804,815,725,827,836,890,863
798,803,815,725,827,836,890,863
798,804,815,725,827,836,889,863
798,804,815,725,827,836,890,863
799,804,815,726,827,836,890,863
799,804,815,726,827,836,890,863
796,804,816,728,827,836,890,863
797,804,815,746,827,836,890,863
796,804,815,750,827,836,890,863
796,804,815,747,827,836,890,863
798,804,816,746,827,836,890,863
798,803,816,746,827,836,890,863
798,804,816,743,827,836,891,863
799,804,815,747,827,836,890,863
800,803,816,742,827,837,891,863
800,803,816,722,827,836,891,863
800,803,816,721,827,836,891,863
800,803,816,721,827,836,891,863
800,803,816,721,827,837,891,863
800,804,816,721,827,836,891,863
800,804,816,720,827,837,891,863
800,804,816,720,827,837,891,863
800,804,815,720,827,837,890,863
800,803,816,720,827,836,890,863
800,816,819,735,825,832,887,872
796,810,819,726,823,830,883,871
795,811,819,724,823,830,883,870
795,812,818,721,823,829,882,870
793,810,818,721,823,829,882,870
792,809,818,721,823,829,881,870
792,809,817,721,823,829,881,870
792,810,817,721,823,828,881,870
792,810,817,721,823,829,881,870
792,809,817,721,823,828,880,870
791,809,817,721,823,828,880,870
791,809,817,721,823,828,880,870
791,809,817,721,822,828,880,870
791,809,817,721,822,828,879,870
791,809,818,721,822,828,880,869
791,809,818,721,822,828,880,869
791,809,818,721,822,828,880,869
790,808,818,721,822,828,879,869
790,808,818,721,822,828,879,869
790,808,818,721,822,828,879,869
790,808,818,722,822,828,879,869
790,808,818,722,822,828,879,869
790,808,818,722,822,828,879,869
790,808,818,723,822,828,879,869
790,808,818,723,821,828,879,869
790,808,818,723,822,828,879,869
790,808,818,724,822,828,879,869
790,808,818,723,822,828,879,869
790,808,818,723,822,828,879,869
790,807,818,724,822,827,879,869
790,807,818,723,822,827,879,869
790,807,818,724,822,828,879,869
788,807,818,724,822,828,879,869
788,807,818,724,822,827,879,869
788,807,818,724,822,828,879,869
787,807,817,724,822,828,879,869
788,807,818,724,821,828,878,869
788,807,818,724,822,828,879,869
787,807,818,724,822,828,878,869
788,808,818,724,822,828,879,869
788,807,818,724,822,828,878,869
787,807,818,723,822,827,878,869
787,807,818,724,822,827,878,869
787,807,818,724,822,827,878,869
787,807,818,724,822,828,878,869
787,807,818,724,822,828,878,869
787,807,818,724,822,828,878,869
787,807,818,724,822,828,878,869
787,807,818,724,822,828,878,869
787,807,818,724,822,828,878,869
787,807,818,724,822,828,878,869
787,806,819,724,822,827,878,869
786,806,818,724,822,827,878,869
786,806,819,723,822,827,878,869
786,806,818,724,822,827,878,869
786,806,818,724,822,827,878,869
786,806,818,724,822,827,878,869
786,806,818,724,822,827,878,869
786,806,818,724,822,828,878,869
786,806,818,724,821,828,878,869
786,806,818,724,822,827,878,869
786,806,818,724,822,827,878,869
786,806,818,724,822,827,878,869
786,806,818,724,822,827,878,869
786,806,818,724,822,827,878,869
786,806,818,724,822,827,878,869
786,806,818,724,822,827,878,869
786,806,818,724,822,827,878,869
786,806,818,724,822,827,878,869
785,806,818,724,822,827,878,869
786,806,818,724,822,827,878,869
786,806,818,724,822,827,878,869
786,806,818,724,822,828,878,869
786,806,818,724,822,827,878,869
786,806,818,724,822,827,878,869
786,807,818,724,822,827,878,869
786,807,818,723,822,827,878,869
786,806,818,724,822,826,877,868
786,806,818,724,822,827,878,869
786,806,818,724,822,827,878,869
785,806,818,724,822,827,878,869
785,806,818,724,821,827,877,869
786,806,818,724,821,827,877,869
786,806,818,724,822,827,877,869
786,806,818,724,822,827,878,869
786,806,818,724,822,827,878,869
786,806,818,724,822,827,877,869
786,806,818,724,822,827,878,869
786,807,818,724,822,826,878,869
785,807,818,724,822,827,877,869
785,807,818,724,822,827,879,869
786,809,818,724,822,828,879,870
786,809,819,725,823,830,881,870
785,808,818,741,824,831,882,870
786,808,819,754,824,832,883,871
788,808,819,759,825,832,885,872
788,807,818,742,825,833,886,872
789,806,818,742,826,834,887,872
790,805,817,748,826,833,887,873
790,806,817,762,826,834,887,873
790,807,816,725,826,834,888,873
791,805,816,760,826,834,888,873
791,805,815,766,826,834,888,873
792,804,815,748,826,834,888,873
792,804,815,759,826,835,889,873
793,804,814,753,826,835,889,873
793,804,815,749,826,834,888,873
793,804,815,756,827,835,889,873
793,804,815,747,827,835,889,873
794,804,815,769,827,835,889,873
794,804,815,769,827,835,889,873
794,804,815,760,827,835,889,873
795,804,815,750,827,835,889,873
796,804,814,750,827,835,889,873
796,804,815,751,827,835,889,865
796,804,815,754,827,835,889,864
796,804,815,767,827,836,889,864
796,805,815,760,826,836,889,864
796,806,815,760,827,836,890,864
798,806,815,760,827,836,890,864
797,806,815,760,827,836,890,864
797,806,815,758,827,836,890,864
797,806,815,760,827,836,890,863
797,807,815,755,827,835,890,863
798,807,815,753,827,836,890,863
798,807,815,758,827,836,890,863
799,807,815,746,827,836,890,863
800,807,815,745,827,836,890,863
799,807,814,745,827,836,890,863
798,807,815,744,827,836,890,863
799,806,815,743,827,836,890,863
801,806,815,743,827,836,890,863
799,805,815,743,827,836,890,863
799,805,815,745,827,835,890,863
800,805,815,746,827,835,890,863
800,806,815,747,827,835,890,863
800,806,815,762,827,835,890,863
800,806,815,744,827,835,890,863
800,805,815,749,827,836,890,863
802,805,815,750,827,835,890,863
802,805,815,757,827,835,890,863
803,805,815,760,827,836,890,863
804,805,815,753,827,836,890,863
803,805,815,756,827,836,890,863
802,805,815,756,827,836,891,863
802,805,815,754,827,836,891,863
802,805,815,748,827,836,891,863
802,805,815,748,827,835,890,862
802,806,815,733,826,834,889,863
800,810,819,723,824,830,884,871
799,809,818,724,823,829,883,870
797,809,818,723,823,828,883,870
797,810,817,723,823,828,882,870
796,810,818,723,823,828,882,870
794,810,817,724,823,828,882,870
794,810,817,725,823,827,882,870
793,811,817,726,822,827,881,870
793,809,817,725,822,827,881,870
793,810,817,722,822,827,881,869
793,810,817,722,822,827,881,870
793,810,817,724,822,827,881,870
793,809,817,729,822,827,881,870
792,809,817,723,822,827,881,870
792,809,816,722,822,827,880,869
792,808,817,722,822,826,880,870
792,808,817,723,822,826,880,869
792,808,817,724,822,826,880,870
792,808,817,731,822,826,880,869
791,808,817,731,822,826,880,869
791,808,817,731,822,826,880,869
791,808,817,723,822,826,880,869
792,807,818,723,822,826,880,869
792,808,817,731,822,826,880,869
791,808,818,726,822,826,880,869
791,808,818,729,822,826,880,869
792,808,817,732,822,826,879,869
791,807,818,732,822,826,879,869
791,807,817,732,822,826,880,869
790,807,817,732,822,826,879,869
790,808,817,732,822,826,879,869
790,807,818,731,822,826,879,869
789,807,818,731,822,826,879,869
789,807,818,731,822,826,879,869
789,808,818,731,822,826,879,869
789,807,818,731,822,826,879,869
789,807,818,729,822,826,879,869
788,807,818,728,822,826,879,869
788,807,818,728,821,826,879,869
788,807,818,728,822,826,879,869
789,808,818,729,822,826,879,869
788,808,818,730,822,826,879,869
788,807,818,731,822,826,879,869
788,807,818,731,821,826,879,869
788,807,818,731,822,826,879,869
788,807,818,731,822,826,879,869
788,806,818,731,822,826,879,868
787,807,818,731,822,826,879,868
788,806,818,731,822,826,879,868
788,806,818,731,822,826,879,868
788,806,818,730,822,826,879,868
788,806,818,730,822,826,879,868
788,806,818,730,822,826,879,868
788,806,818,730,822,826,879,868
788,806,818,730,822,826,879,868
788,807,817,729,822,826,879,868
788,806,818,730,822,826,879,868
788,806,817,730,822,826,879,868
788,805,818,730,822,826,879,868
788,806,818,729,822,826,879,868
787,805,817,729,822,826,879,868
788,805,817,729,821,826,879,868
787,806,818,729,822,826,878,868
787,806,818,729,822,826,879,868
788,806,818,729,822,826,879,868
788,806,818,729,822,826,879,868
787,805,817,729,822,826,879,868
787,806,817,729,822,826,879,868
787,805,817,730,822,826,879,868
787,806,817,729,822,826,879,868
787,805,817,730,822,826,878,868
787,806,817,730,822,826,878,868
787,806,817,730,822,826,879,868
787,806,817,729,821,826,879,868
787,806,818,729,822,826,879,868
787,806,817,730,822,826,879,868
787,805,817,730,822,826,878,868
787,806,817,730,822,826,878,868
787,806,817,730,822,826,878,868
787,806,817,730,822,826,878,868
787,806,817,730,822,826,878,868
786,806,817,730,822,826,878,868
786,806,817,730,822,826,878,868
786,806,817,730,822,826,878,868
786,806,817,730,822,826,878,868
786,806,817,730,821,826,878,868
786,806,817,730,822,826,878,868
786,806,817,730,822,826,878,868
787,806,817,730,822,826,878,868
786,806,817,730,822,826,878,868
786,806,817,729,822,826,878,868
786,806,817,729,822,826,878,867
786,806,817,729,821,827,878,868
786,806,817,729,821,826,878,868
786,806,817,729,821,826,878,868
786,807,817,729,821,827,878,868
786,807,817,728,821,827,878,868
786,806,817,728,822,826,878,868
786,806,817,728,822,826,878,868
786,807,816,728,822,826,878,868
786,806,817,728,822,826,878,868
786,806,817,728,822,826,878,868
786,807,816,728,822,826,878,868
786,806,817,728,821,826,878,868
786,806,816,727,821,826,878,868
786,806,817,727,821,826,878,868
786,806,817,727,821,826,878,868
786,806,817,727,821,826,878,868
786,806,817,727,821,826,878,868
786,806,816,727,822,826,878,868
786,806,817,727,822,827,878,868
786,806,816,727,821,826,878,868
785,806,816,727,821,826,878,868
785,806,816,726,821,827,878,867
786,806,816,727,821,827,878,868
785,806,817,726,821,826,878,868
785,806,817,726,821,827,878,867
785,805,816,726,821,827,878,867
785,806,816,726,821,827,878,868
785,806,816,726,821,827,878,868
786,805,817,726,821,826,877,868
785,806,816,726,822,827,878,868
785,806,817,726,822,826,878,868
785,806,816,726,821,826,878,868
785,805,816,726,821,827,878,868
785,806,816,726,821,826,878,867
785,806,817,726,821,826,878,867
785,806,817,726,821,826,878,868
785,806,817,726,821,826,878,867
785,806,817,726,821,827,878,868
785,806,817,726,821,826,878,868
785,806,817,726,821,827,878,868
785,806,817,726,822,826,878,868
785,805,817,726,821,826,878,868
785,805,817,726,822,827,878,868
785,806,817,726,821,827,878,867
785,805,816,726,821,827,878,867
785,806,817,726,821,826,878,867
785,806,817,726,821,827,878,867
785,805,817,726,821,827,878,867
785,806,817,726,821,826,878,867
785,806,816,726,821,826,878,868
785,806,816,726,821,827,878,868
785,806,816,726,821,827,877,868
785,806,817,726,821,827,878,868
785,806,817,726,821,826,878,868
785,806,816,726,821,826,878,867
785,805,816,726,821,826,878,867
785,806,817,725,821,826,878,868
785,806,816,726,821,826,878,867
785,806,816,726,821,826,878,868
785,806,816,726,821,826,878,868
785,806,816,726,821,827,878,867
785,806,816,726,821,826,878,867
785,806,816,726,821,826,878,868
785,805,816,726,821,826,878,868
785,806,816,726,821,826,878,868
785,806,816,726,821,826,878,868
785,806,816,726,821,826,878,867
785,806,816,725,821,826,878,867
785,806,816,725,821,826,878,867
785,806,816,726,821,826,878,868
785,806,816,726,821,826,878,867
785,806,816,726,821,826,878,867
785,806,816,725,821,826,878,867
785,806,815,725,821,826,878,867
785,806,816,725,821,826,877,867
785,805,816,725,821,826,878,868
785,806,816,725,821,826,878,867
785,806,816,726,821,826,878,867
785,806,816,725,821,826,878,867
785,806,816,725,821,826,878,867
785,806,816,725,821,825,878,867
785,806,816,725,821,826,878,868
785,806,816,725,821,826,878,867
785,806,816,725,821,826,878,867
784,806,816,725,821,826,878,867
785,806,816,725,821,826,878,867
785,806,816,725,821,826,877,868
785,806,816,725,821,826,878,867
785,806,816,725,821,826,878,867
785,806,816,725,821,826,878,867
785,805,816,725,821,826,878,867
785,806,816,725,821,825,878,867
785,806,816,725,821,826,878,867
785,806,816,725,821,826,878,867
785,806,816,725,821,826,878,867
785,806,816,725,821,826,878,867
786,817,815,725,821,825,878,867
785,821,816,725,821,826,878,867
785,808,816,726,821,826,878,868
785,808,816,726,821,826,878,868
785,808,816,726,821,826,878,867
785,807,816,727,821,826,878,867
785,807,816,727,821,825,878,867
785,808,816,728,821,825,878,867
785,807,816,729,821,826,878,867
785,807,816,729,821,826,878,867
785,807,816,729,821,826,878,867
785,807,816,729,821,826,877,867
785,807,816,729,821,826,878,867
785,807,816,729,821,826,877,867
785,807,816,729,821,826,878,867
785,807,816,729,821,826,878,867
785,807,816,729,821,825,878,867
785,807,816,729,821,826,878,867
785,807,816,729,821,826,878,867
785,807,816,729,821,825,878,867
785,807,816,729,821,826,878,867
785,807,816,729,821,825,878,867
785,807,816,729,821,825,878,867
784,807,816,729,821,825,877,867
785,807,816,729,821,826,877,867
785,807,816,729,821,826,877,868
785,807,816,729,821,826,878,867
785,807,816,729,821,825,878,867
785,807,816,729,821,826,878,867
785,807,816,729,821,826,877,867
785,807,816,729,821,825,877,867
785,807,816,729,821,826,878,867
785,807,816,729,821,826,877,867
785,807,816,729,821,826,877,867
784,807,816,729,821,826,877,867
784,807,815,729,821,826,877,867
784,807,816,729,821,825,877,867
784,807,816,729,821,826,878,867
785,807,816,729,821,826,878,867
784,807,816,729,821,825,878,867
784,807,816,729,821,825,877,867
785,807,816,729,821,825,877,867
785,807,816,729,821,826,877,867
784,807,816,729,821,826,877,867
785,807,816,729,821,826,877,867
785,807,816,729,821,826,877,867
784,807,816,729,821,825,877,867
785,814,815,729,821,825,877,867
784,813,816,729,821,825,877,867
784,812,816,729,821,825,877,867
785,811,816,729,821,825,878,867
784,811,816,729,821,825,877,867
784,811,816,728,821,825,877,867
784,811,816,728,821,826,878,867
784,812,816,728,821,825,877,867
784,812,816,728,821,825,877,867
784,810,816,728,821,825,877,867
784,809,816,727,821,825,877,867
785,809,816,727,821,825,877,867
784,808,816,725,821,825,877,867
784,808,816,726,821,825,877,867
784,809,816,727,821,825,877,867
784,809,816,729,821,825,877,867
784,807,816,729,821,825,877,867
784,806,816,729,821,825,877,867
784,807,816,729,821,825,877,867
784,807,816,729,821,825,877,867
784,808,816,729,821,825,877,867
784,810,816,729,821,825,877,867
784,810,816,729,821,825,877,867
784,810,816,729,821,825,877,867
784,810,816,729,821,825,877,867
784,810,816,729,821,825,877,867
784,811,816,729,821,825,878,867
784,810,816,729,821,825,877,867
784,810,816,729,821,825,877,867
784,810,816,728,821,825,877,867
784,810,816,729,821,825,877,867
784,810,816,729,821,825,877,867
784,811,816,729,821,826,877,867
784,810,816,729,821,826,877,867
784,810,816,729,821,826,877,867
784,810,816,729,821,825,877,867
784,810,816,729,821,825,877,867
784,810,816,729,821,825,877,867
784,811,816,729,821,825,877,867
784,810,816,729,821,825,877,867
784,810,816,729,821,825,877,867
784,810,816,729,821,825,877,867
784,810,816,729,821,825,877,867
784,810,816,729,821,825,877,867
784,811,816,729,821,825,877,867
784,811,816,729,821,825,877,867
784,811,815,729,821,825,877,867
784,811,816,729,821,825,877,867
784,811,816,729,821,825,877,867
784,811,816,729,821,825,877,867
784,812,816,729,821,825,877,867
784,813,816,729,821,825,877,867
784,815,816,728,821,825,877,867
784,816,816,729,821,825,877,867
784,816,816,729,821,825,877,867
784,814,816,729,821,825,877,867
784,813,816,729,821,825,877,867
784,812,816,729,821,825,877,867
784,805,815,729,821,825,877,867
784,805,816,729,821,825,877,867
784,805,816,729,821,825,877,867
784,805,816,729,821,825,877,867
784,805,816,729,821,825,877,867
784,804,816,729,821,825,877,867
784,805,816,729,821,825,877,867
784,805,816,729,821,825,877,867
784,805,816,729,821,825,877,867
784,805,816,729,821,825,877,867
784,805,816,729,821,825,877,867
784,805,816,729,821,825,877,867
784,805,816,729,821,825,877,867
784,805,816,729,821,825,877,867
784,805,816,729,821,825,877,867
784,805,816,729,821,825,877,867
784,805,816,729,821,825,877,867
784,805,816,729,821,825,877,867
784,805,816,729,821,824,877,867
784,805,816,729,821,825,877,867
784,805,816,729,821,825,877,867
784,805,816,729,821,825,877,867
784,805,816,729,821,825,877,867
784,806,816,729,821,825,877,867
784,805,816,729,821,825,876,867
784,805,816,729,821,825,877,867
784,805,816,729,821,825,877,867
784,805,816,729,821,825,877,867
784,805,816,729,821,825,877,867
784,805,816,729,821,825,877,867
784,805,816,729,821,824,877,867
784,806,816,729,821,825,877,867
784,805,816,729,821,825,877,867
784,805,816,729,821,825,877,867
784,806,816,729,821,825,877,867
784,805,816,729,820,825,877,867
784,805,816,729,821,825,877,867
784,805,816,729,821,825,877,867
784,805,816,729,821,825,877,867
784,805,816,729,821,825,877,867
784,805,816,729,821,825,877,867
784,805,816,729,821,824,877,867
784,805,816,729,821,825,877,867
784,805,816,729,821,825,877,867
784,805,816,729,821,825,877,867
784,805,816,729,821,825,877,867
784,805,816,729,821,825,877,867
784,805,816,729,820,825,877,867
784,805,816,729,821,825,877,867
784,805,816,729,821,825,877,867
784,805,816,729,821,825,877,867
784,805,816,729,821,825,877,867
784,805,816,728,821,825,877,867
784,805,816,729,821,825,877,867
784,805,816,729,821,825,877,867
784,805,816,729,821,825,877,867
784,805,816,729,821,825,877,867
784,805,816,729,821,825,877,867
784,805,816,729,821,825,877,867
784,805,816,729,821,825,877,867
784,805,816,729,821,825,877,867
784,805,816,729,821,825,877,867
784,805,816,729,821,825,877,867
784,805,816,729,821,825,877,867
784,805,816,729,821,825,877,867
784,805,816,729,821,825,877,867
784,805,816,729,821,825,877,867
784,805,816,729,821,825,877,867
784,805,816,729,821,825,877,867
784,805,816,729,821,825,877,867
784,805,816,729,821,825,877,867
784,805,816,729,821,825,877,867
784,805,816,729,821,825,877,867
784,805,816,729,821,825,877,867
784,805,816,729,821,825,877,867
784,805,816,729,821,825,877,867
784,805,816,729,821,824,877,867
784,805,816,729,821,825,877,867
784,805,816,729,821,825,877,867
784,805,816,729,821,825,877,867
784,805,816,729,821,825,877,867
784,805,815,729,821,825,877,867
784,805,816,729,821,825,876,867
784,805,816,729,821,825,877,867
784,805,816,729,821,825,877,867
784,805,816,729,821,825,877,867
784,805,816,729,821,825,877,867
783,805,816,728,821,825,877,867
784,805,816,729,821,825,877,867
784,805,816,729,821,825,877,867
784,805,816,729,821,825,877,867
784,805,816,729,821,825,877,867
783,805,815,729,821,825,877,867
784,805,816,729,820,825,877,867
784,805,816,729,821,825,877,867
784,805,816,729,821,825,877,867
784,805,816,729,821,825,877,867
784,805,816,729,821,825,877,867
784,805,816,729,821,825,877,867
784,805,816,729,821,824,877,867
784,805,816,729,821,825,877,867
784,805,816,729,821,825,877,867
784,805,816,729,821,825,877,867
783,805,816,729,821,825,877,867
783,805,815,729,821,825,877,867
784,805,815,729,821,825,877,867
784,805,816,729,821,825,877,867
784,805,816,729,821,825,877,867
784,805,816,729,821,825,877,867
784,805,816,729,821,825,877,867
783,805,816,728,821,825,877,867
783,805,815,729,821,825,877,867
783,805,816,729,821,825,877,867
783,805,815,729,821,825,877,867
783,805,816,729,821,825,877,867
783,805,816,729,821,825,877,867
783,805,815,729,820,825,877,867
783,805,816,729,821,825,877,867
783,805,816,729,821,825,877,867
783,805,816,729,821,825,877,867
783,804,816,729,821,825,877,867
783,804,816,729,821,825,877,867
783,804,816,729,821,825,877,867
783,805,816,729,821,825,877,867
783,805,816,729,821,825,877,867
783,804,816,729,821,825,877,867
783,804,816,729,821,825,877,867
783,805,815,729,821,825,877,867
783,805,816,729,820,825,877,867
783,805,816,729,821,825,877,867
783,805,816,729,821,825,877,867
783,805,816,729,821,825,877,867
783,805,816,729,821,825,877,867
783,804,816,729,821,825,877,867
783,805,816,729,821,824,877,867
783,805,816,729,821,825,877,867
783,805,816,729,821,825,877,867
783,805,816,729,821,825,877,867
783,805,816,729,821,825,877,867
783,805,816,729,821,825,877,867
783,805,816,729,821,825,876,867
783,805,816,729,821,825,877,867
783,805,816,729,821,825,877,867
783,805,816,729,821,825,877,867
783,805,816,729,821,825,877,867
783,805,816,728,821,825,877,867
783,805,816,729,821,825,877,867
783,805,816,729,821,825,877,867
783,805,816,729,821,825,877,867
783,805,816,729,821,825,877,867
783,805,816,729,821,825,877,867
783,805,815,729,820,825,877,867
783,805,816,729,821,825,877,867
783,805,816,729,821,825,877,867
783,805,816,729,821,825,877,867
783,805,816,729,821,825,877,867
783,804,816,729,821,825,877,867
783,805,816,729,821,824,877,867
783,805,816,729,821,825,877,867
783,805,815,729,821,825,877,867
783,805,816,729,821,825,877,867
783,805,815,729,821,825,877,867
783,805,815,729,821,825,877,867
783,805,816,729,821,825,877,867
783,805,816,729,821,825,877,867
783,805,816,729,821,825,877,867
783,805,815,729,821,825,877,867
783,805,816,729,821,825,877,867
