782,806,815,728,821,824,876,867
782,806,814,728,821,824,876,867
782,806,814,728,820,824,876,867
782,806,815,728,821,824,876,867
782,806,814,728,821,824,876,867
782,807,815,728,821,825,876,867
782,807,814,728,821,825,876,867
782,806,815,728,821,824,876,867
782,807,814,728,821,824,876,867
782,807,814,728,821,824,876,867
782,807,814,728,821,824,876,867
782,807,814,728,821,824,876,867
782,807,815,728,821,824,876,867
782,807,814,728,820,824,876,867
782,807,814,728,820,824,876,867
782,807,814,728,821,824,876,867
782,807,814,728,820,824,876,867
782,807,814,728,821,824,876,867
782,807,814,728,821,824,876,867
782,806,814,728,821,824,876,867
782,807,814,728,821,824,876,867
782,807,814,728,821,824,876,867
782,807,814,728,821,824,876,867
782,807,815,728,821,824,876,867
782,807,815,728,821,824,876,867
782,807,814,728,821,825,876,867
782,807,815,728,820,824,876,867
782,807,815,728,821,824,876,867
782,807,815,728,821,824,876,867
782,806,815,728,821,824,876,867
782,807,814,728,821,824,876,867
782,807,814,728,821,824,876,867
782,807,814,728,821,824,876,867
782,806,814,728,821,824,876,867
782,807,815,728,821,824,876,867
782,807,814,728,821,825,876,867
782,807,815,728,820,824,876,867
782,807,814,728,820,824,876,867
782,807,815,728,821,824,876,867
782,807,815,728,821,824,876,867
782,807,815,728,820,824,876,867
782,807,815,728,821,824,876,867
782,807,814,728,821,824,876,867
782,807,815,728,820,824,876,867
782,807,815,728,821,824,876,867
782,807,815,728,821,824,876,867
782,807,815,728,821,824,876,867
782,807,815,728,821,824,876,867
781,807,814,728,821,824,876,867
782,807,815,728,821,824,876,867
782,807,815,728,821,824,876,867
782,807,815,728,821,824,876,867
782,807,815,728,821,824,876,867
782,808,815,728,821,824,876,867
782,807,815,728,821,824,876,867
782,807,815,728,820,824,876,867
782,807,815,728,820,824,876,867
782,807,815,728,820,824,876,867
782,807,815,728,821,824,876,867
782,807,815,728,821,825,876,867
782,807,814,728,821,824,876,867
782,807,815,728,820,824,876,867
782,807,815,728,821,824,876,867
782,807,815,728,821,824,876,867
782,807,815,728,821,824,876,867
782,807,815,728,820,824,876,867
782,807,815,727,821,825,876,867
782,807,815,728,821,824,876,867
782,807,815,728,820,824,876,867
782,807,815,728,821,824,876,866
782,807,815,728,821,824,876,867
781,807,815,728,821,824,876,867
782,807,815,728,820,824,876,867
782,807,815,728,821,824,876,867
782,807,815,728,821,825,876,867
782,807,815,728,821,824,876,867
782,807,815,728,821,824,876,867
782,807,815,728,821,824,876,867
782,807,815,728,820,824,876,867
782,808,815,728,821,824,876,867
782,807,815,728,821,824,876,867
782,807,815,728,821,824,876,867
782,807,815,728,821,824,876,867
782,807,815,728,820,824,876,867
782,807,815,728,820,824,876,867
782,807,815,728,820,824,876,867
782,807,815,728,820,824,876,867
782,807,815,728,820,824,876,867
782,807,815,728,821,824,876,867
782,807,815,728,820,824,876,867
782,807,815,728,821,824,876,867
782,807,815,728,821,824,876,867
782,807,815,728,820,824,876,867
782,807,815,728,821,824,876,867
782,807,815,728,821,824,876,867
782,808,814,728,821,824,876,867
782,807,815,728,820,824,875,867
782,807,815,728,821,824,876,867
782,807,815,728,820,824,876,867
782,807,815,728,821,824,876,867
782,807,815,728,820,824,876,867
782,807,815,727,821,824,876,867
782,807,815,728,821,824,876,866
782,807,815,728,820,824,876,867
782,807,815,728,821,824,876,867
782,807,815,728,820,824,876,867
782,807,815,728,820,824,876,867
782,807,814,728,820,824,876,867
782,807,815,728,821,824,876,867
782,807,815,728,820,824,876,867
782,807,815,728,821,824,876,867
782,807,815,728,820,824,876,867
782,807,815,728,820,824,876,867
782,807,815,728,821,824,876,867
782,808,815,728,820,824,876,867
782,807,815,728,820,824,876,867
782,807,815,728,821,824,876,867
782,808,815,728,820,824,876,867
782,808,814,728,821,824,876,867
782,808,815,728,820,824,876,867
782,808,815,728,821,824,876,867
782,808,815,728,821,824,876,867
782,808,815,728,820,824,876,867
782,808,815,728,821,824,876,867
782,808,815,728,820,824,876,867
782,808,815,728,820,824,876,867
782,808,815,728,821,824,876,867
782,808,815,728,820,824,876,867
782,808,815,728,821,824,876,867
782,808,815,728,821,824,876,867
782,807,814,728,821,824,876,867
782,808,815,728,821,824,876,867
782,808,815,728,820,824,876,867
782,808,815,728,820,824,876,867
782,808,815,728,820,824,876,867
782,807,815,728,821,824,876,867
782,808,815,728,820,824,876,867
782,808,815,728,821,824,876,867
782,808,815,728,821,824,876,867
782,808,815,728,821,824,876,867
782,808,815,728,820,824,876,867
782,808,814,728,821,824,876,867
782,809,815,728,820,824,876,867
782,808,815,728,820,824,876,867
782,808,814,728,821,824,876,867
782,808,815,728,820,824,876,867
782,808,815,728,820,824,876,867
782,812,816,728,820,825,876,867
782,808,818,729,821,825,876,867
782,808,819,731,822,826,877,867
782,808,821,732,823,826,877,867
782,807,821,733,824,826,878,867
782,807,821,734,825,827,879,867
782,806,821,735,826,828,879,867
782,806,821,735,827,828,879,868
782,805,821,735,827,829,879,868
782,805,821,735,828,829,879,868
782,805,821,732,828,830,879,868
782,805,821,730,828,830,879,868
782,805,821,730,828,831,879,868
782,805,821,730,828,831,879,868
782,804,821,730,829,831,879,868
782,804,821,731,829,831,880,868
782,804,821,741,829,831,879,868
782,803,821,744,829,832,879,868
782,803,821,737,829,832,879,868
782,803,821,743,829,832,880,868
782,803,821,745,829,833,880,868
782,803,821,750,829,833,880,868
782,803,821,752,829,833,880,868
783,803,821,755,829,833,880,868
782,804,821,743,829,833,880,868
783,804,821,747,830,834,880,868
783,805,821,745,830,834,880,868
783,805,821,745,830,834,880,868
783,805,821,747,830,834,880,868
783,804,821,759,830,834,880,868
783,805,821,750,829,834,880,868
783,804,821,760,830,834,880,868
783,804,821,756,830,834,880,868
783,804,821,757,830,834,880,868
783,804,821,759,830,835,880,868
783,804,821,754,830,835,880,868
783,805,821,758,830,834,880,868
783,805,821,756,830,835,880,868
783,804,821,757,830,835,880,868
783,805,821,758,830,835,880,868
783,805,821,760,830,835,880,868
783,805,821,759,830,835,880,868
783,805,821,757,830,835,880,868
783,805,822,756,830,835,880,868
783,805,822,759,830,835,880,868
783,804,821,762,830,835,880,868
783,805,821,759,831,835,880,868
784,804,821,761,831,835,880,868
784,805,821,763,831,836,880,868
784,806,821,759,831,836,880,868
784,806,821,754,831,836,880,868
784,805,821,760,831,836,880,868
783,805,821,755,831,836,880,868
784,806,821,758,831,836,880,868
784,805,821,760,831,836,880,868
784,805,821,758,831,836,880,868
784,806,821,759,831,836,880,868
784,807,822,758,830,835,880,868
784,807,822,760,830,835,880,868
784,808,826,727,826,839,877,867
784,809,824,725,825,839,877,867
784,809,824,724,824,838,877,867
784,809,823,724,824,838,877,867
783,811,823,724,824,838,877,867
783,810,823,724,824,838,877,867
784,811,822,724,824,838,877,867
783,812,822,724,824,838,877,867
783,814,822,724,824,838,877,867
783,814,822,723,823,837,876,867
783,814,822,723,823,837,876,867
783,814,822,723,823,837,876,867
783,815,822,723,823,837,876,867
783,815,821,723,823,837,876,867
783,815,821,723,823,837,876,867
783,816,821,723,823,837,876,867
783,817,821,723,823,837,876,867
783,817,821,723,823,837,876,867
783,817,821,723,823,837,876,867
783,817,821,723,823,837,876,867
783,819,821,723,823,837,876,867
783,817,821,723,823,837,876,867
783,816,821,723,823,837,876,867
783,815,821,723,823,836,876,867
783,816,821,723,823,837,876,867
783,816,821,723,823,837,876,867
783,816,821,723,823,836,876,867
783,816,821,723,823,837,876,867
783,816,821,723,823,837,876,867
783,816,821,723,823,837,876,867
783,816,821,723,823,836,876,867
783,816,821,723,823,836,876,867
783,817,821,723,823,836,876,867
783,816,820,723,823,837,876,867
783,816,820,723,823,837,876,867
783,816,821,722,823,837,876,867
783,816,820,723,823,836,876,867
783,816,820,723,822,836,876,867
783,816,820,723,822,836,876,867
783,816,820,723,822,836,876,867
783,817,820,722,822,836,876,867
783,815,820,722,822,836,876,867
783,815,820,723,823,836,876,867
783,815,820,722,822,836,876,867
783,816,820,722,822,836,876,867
783,815,820,722,822,836,876,867
783,815,820,722,822,836,876,867
783,816,820,722,822,836,876,867
783,816,820,722,822,836,876,867
783,815,820,722,822,836,876,867
783,815,820,722,822,836,876,867
783,815,820,722,822,836,876,867
783,815,819,722,822,836,876,867
783,815,820,722,822,836,876,867
783,815,820,722,822,836,876,867
783,815,820,722,822,836,876,867
783,816,820,722,822,836,876,867
783,816,820,722,822,836,876,867
783,815,820,722,822,836,876,867
783,815,820,722,822,836,876,867
783,815,819,722,822,836,876,867
783,815,819,722,822,836,876,867
783,815,819,722,822,836,876,867
783,815,819,722,822,836,876,867
783,814,820,722,822,836,876,867
783,816,819,722,822,836,876,867
783,815,819,722,822,836,876,867
783,815,819,722,822,836,876,867
783,815,819,722,822,836,876,867
783,815,819,722,822,836,876,867
783,816,819,722,822,836,876,867
783,816,819,722,822,836,876,867
783,816,819,722,822,836,876,867
783,816,819,722,822,836,876,867
783,816,819,722,822,836,876,867
783,816,819,722,822,836,876,867
783,815,820,724,822,834,876,867
783,815,820,725,823,832,876,867
783,815,820,726,824,830,877,867
783,814,819,727,826,830,878,867
783,814,819,728,827,831,879,868
783,811,818,727,828,832,879,868
783,810,818,757,828,833,879,868
783,810,818,749,829,834,879,868
783,810,818,758,829,834,879,868
783,809,818,733,829,835,879,868
782,810,818,734,829,835,879,868
783,810,818,742,830,836,879,868
783,810,818,742,830,836,879,868
783,810,819,744,830,836,880,868
783,810,819,735,830,836,879,868
784,810,818,748,830,836,879,868
783,809,819,741,830,836,880,868
783,810,819,735,830,836,879,868
784,811,819,743,830,836,879,868
784,810,819,743,830,836,879,868
784,810,819,755,830,837,879,868
784,809,819,762,830,837,879,868
784,809,819,759,830,837,879,868
784,809,819,734,830,837,879,868
784,808,819,740,830,837,880,868
784,808,819,767,830,838,880,868
785,807,819,744,831,837,880,868
784,807,819,774,830,837,880,868
785,806,820,755,830,837,880,869
784,807,820,751,831,837,880,868
784,807,820,769,831,838,880,869
785,807,819,767,831,838,880,868
785,807,820,766,831,838,880,868
785,806,820,766,831,838,880,868
785,807,819,752,831,838,880,868
785,807,820,765,831,838,879,868
785,807,820,761,831,838,880,868
784,806,820,758,831,838,880,868
784,806,820,761,831,838,880,868
784,806,820,767,831,838,880,869
785,805,820,763,831,838,880,869
785,806,820,761,831,838,880,868
785,806,820,762,831,838,880,868
785,806,820,760,831,838,880,869
785,805,820,761,831,838,880,868
784,806,820,761,831,838,880,869
785,805,820,761,831,838,880,869
785,805,819,764,831,838,880,869
786,805,819,764,831,838,880,868
786,804,818,764,831,839,880,869
786,804,818,763,831,839,880,868
786,804,818,764,831,839,880,869
787,805,818,765,831,839,880,869
787,805,818,759,831,839,880,868
787,806,818,758,831,839,880,869
787,805,818,759,831,839,880,869
787,806,818,761,831,839,880,868
787,805,818,764,831,838,880,868
787,806,818,760,830,838,879,868
785,806,824,726,826,839,876,867
785,806,825,725,825,839,876,867
784,807,824,724,825,839,876,867
784,808,823,724,825,839,876,867
784,808,823,724,824,838,876,867
784,810,823,723,824,838,876,867
784,812,823,724,824,838,876,867
784,812,822,724,824,838,876,867
784,812,822,723,824,838,876,867
784,812,822,723,824,838,876,867
784,813,821,723,824,838,875,867
784,813,822,723,824,838,875,867
784,814,821,723,824,838,875,867
784,813,821,723,824,838,875,867
784,813,821,723,824,838,875,867
784,814,821,723,823,838,875,867
784,815,821,723,823,837,875,867
784,815,821,723,823,838,875,866
784,815,821,723,823,838,875,867
784,815,820,723,823,838,875,867
784,815,820,723,823,838,875,867
783,814,820,723,823,838,875,867
784,813,820,723,823,838,875,867
784,812,820,723,823,838,875,867
784,812,820,723,823,837,875,867
784,812,820,723,823,837,875,867
784,811,820,723,823,838,875,867
784,811,820,723,823,837,875,867
784,811,820,722,823,838,875,867
784,811,820,723,823,838,875,867
784,811,820,723,823,837,875,867
783,811,820,723,823,837,875,867
783,811,820,722,823,837,875,867
783,810,820,723,823,837,875,867
784,811,820,722,822,837,875,867
783,811,820,722,823,837,875,867
783,811,820,722,823,837,875,867
783,811,820,722,823,837,875,867
784,811,820,722,823,837,875,867
783,810,820,722,823,837,875,867
783,811,820,722,823,837,875,867
783,811,820,722,823,837,875,867
783,811,820,722,823,837,875,867
784,811,820,722,823,837,875,867
783,811,819,722,823,837,875,867
783,811,819,722,823,837,875,867
783,810,819,722,823,837,875,867
783,811,819,722,823,837,875,867
783,810,819,722,823,837,875,867
783,810,819,722,823,837,875,867
783,810,819,722,823,837,875,867
783,811,819,722,823,837,875,867
783,811,819,722,823,837,875,867
783,811,819,722,823,837,875,867
783,811,819,722,823,837,875,867
783,811,819,722,823,837,875,867
783,810,819,722,823,837,875,867
783,811,819,722,822,837,875,867
783,811,819,722,823,837,875,867
783,811,819,722,823,837,875,867
783,811,819,722,823,837,875,867
783,811,819,722,823,837,875,867
783,810,819,722,823,837,875,867
783,811,819,722,822,837,875,867
783,811,819,722,823,837,875,867
783,811,819,722,822,837,875,867
783,811,819,722,822,837,875,867
783,812,819,722,822,837,875,867
783,811,819,722,822,837,875,867
783,811,819,722,822,837,875,867
783,812,819,722,822,837,875,867
783,811,819,722,822,837,875,867
783,811,819,722,822,837,875,867
783,811,819,722,822,837,875,867
783,811,819,722,822,837,875,867
783,811,819,722,822,836,875,867
783,811,819,722,822,837,875,867
783,811,819,722,822,837,875,867
783,812,819,722,822,837,875,867
783,812,819,722,822,836,875,867
784,812,819,722,822,837,875,867
784,812,819,722,822,837,875,867
783,812,820,722,822,837,875,867
783,811,819,722,822,837,875,867
784,811,819,722,822,837,875,867
783,811,819,722,822,837,875,867
783,812,819,722,822,837,875,867
783,812,819,722,822,837,875,867
783,812,820,722,822,837,875,867
783,811,819,722,822,837,875,867
783,812,820,722,822,837,875,867
783,812,819,722,822,837,875,867
783,811,819,722,822,836,875,867
784,812,820,724,822,835,875,867
784,812,820,725,823,833,875,867
784,811,820,726,825,831,877,867
784,809,819,727,826,831,878,867
783,808,818,734,828,833,879,867
783,808,818,739,828,834,879,868
783,807,818,750,829,836,879,868
784,807,818,741,829,837,879,868
783,807,818,740,829,837,879,868
783,807,818,741,830,838,879,868
783,808,817,743,830,838,879,868
784,808,818,740,829,838,879,868
784,809,818,744,830,839,879,868
784,809,818,744,830,839,879,868
784,809,818,747,830,839,879,868
784,809,818,742,830,839,879,868
784,808,818,741,830,839,879,868
784,808,818,743,830,839,879,868
784,808,818,737,830,839,879,868
784,808,818,736,830,839,879,868
784,808,818,742,831,839,879,868
784,808,818,742,830,839,879,868
785,808,818,737,830,839,879,868
785,807,818,737,831,839,879,868
785,808,818,738,831,839,879,868
785,808,818,740,831,839,879,868
785,808,819,740,831,840,879,868
786,807,819,740,831,840,879,868
785,808,819,740,831,839,879,868
786,807,819,740,831,840,879,868
786,807,819,740,831,840,879,868
786,808,819,736,831,840,879,868
786,807,819,736,831,840,879,868
786,808,819,737,831,840,879,868
786,808,819,741,830,840,879,868
787,807,819,741,831,840,879,868
787,807,818,741,831,840,880,868
787,807,817,740,831,840,879,868
787,807,817,740,831,840,879,868
787,807,817,740,831,840,879,868
788,806,817,740,831,840,879,868
787,805,817,741,831,840,879,868
787,805,817,749,831,840,879,868
787,805,818,750,831,840,879,868
787,804,817,752,831,841,879,868
787,804,817,753,831,841,879,868
787,804,818,754,831,841,879,868
788,805,818,755,831,841,880,868
788,805,818,756,831,841,880,868
788,805,818,762,831,841,879,868
787,805,818,753,831,841,880,869
789,805,818,748,831,841,879,868
788,806,818,749,831,841,879,868
788,807,818,751,831,841,879,868
788,807,818,751,831,841,879,868
791,806,818,751,831,841,879,868
794,807,818,750,831,841,879,868
794,807,818,753,830,840,879,868
794,807,818,732,830,839,879,868
794,807,824,726,826,841,877,867
786,807,824,726,825,840,876,867
786,807,823,725,825,840,875,867
785,806,823,725,825,839,875,867
785,807,822,725,824,839,876,867
785,808,822,725,824,839,875,867
785,809,822,725,824,839,875,867
785,810,822,724,824,839,875,867
785,810,822,724,824,839,875,867
785,810,821,724,824,839,875,867
785,809,822,724,824,839,875,867
785,811,822,724,824,839,875,867
785,811,822,724,824,839,875,867
785,810,822,724,824,838,875,867
785,811,821,724,824,839,875,867
785,811,821,724,823,839,875,867
785,813,821,724,824,838,875,867
785,813,821,724,823,838,875,867
785,812,821,724,823,838,875,867
785,812,821,724,823,838,875,867
784,812,821,724,823,838,875,867
785,812,821,724,823,838,875,867
785,811,821,724,823,838,875,867
785,811,821,724,823,838,875,867
785,812,821,724,823,838,875,867
785,813,821,724,823,838,875,867
785,814,821,723,823,838,875,867
785,814,821,724,823,838,875,867
784,815,821,724,823,838,875,867
784,814,821,723,823,838,875,867
785,814,821,723,823,838,875,867
784,815,821,723,823,838,875,867
784,815,820,723,823,838,875,867
785,815,821,723,823,838,875,867
784,815,821,723,823,838,875,867
785,815,820,723,823,838,875,867
784,816,821,723,823,838,875,867
785,815,820,723,823,838,875,867
784,816,820,723,823,838,875,867
785,816,820,723,823,837,875,867
785,816,820,723,823,838,875,867
785,815,820,723,823,838,875,867
784,816,821,723,823,838,875,867
784,815,821,723,823,838,875,866
785,815,820,723,823,838,875,867
785,815,821,723,823,838,874,867
785,815,820,723,823,838,875,867
784,814,820,723,823,838,875,866
784,814,820,723,823,838,875,867
784,815,820,723,823,838,875,867
784,815,820,723,823,838,875,867
784,815,820,723,823,838,875,866
785,815,820,723,823,838,874,867
785,815,820,723,823,838,875,867
785,815,820,723,823,838,875,867
784,815,821,723,823,838,875,867
785,815,820,723,822,838,875,867
785,815,820,723,823,838,875,867
785,816,820,723,823,838,875,867
785,815,820,723,823,838,875,867
785,815,820,723,823,838,875,867
785,815,820,723,823,837,874,867
784,815,820,723,823,837,874,867
785,815,820,723,823,837,875,867
785,816,820,723,823,838,874,867
785,815,820,723,823,837,874,867
785,816,820,723,823,837,875,867
784,815,820,723,823,837,875,867
785,816,820,723,822,837,874,866
785,816,820,723,822,837,875,867
785,816,820,723,822,837,875,867
785,817,820,723,822,837,874,867
785,816,820,723,822,837,874,867
785,815,820,723,822,837,874,867
785,815,820,723,822,837,874,867
785,815,820,723,822,837,875,867
785,815,820,723,822,837,874,867
785,815,821,723,823,837,875,867
784,814,820,723,823,837,875,867
785,814,820,723,822,837,874,867
785,815,820,723,822,837,874,867
785,815,820,723,822,837,874,867
785,815,820,723,822,837,874,867
785,816,820,723,822,837,874,867
785,816,820,723,822,837,874,867
785,816,820,723,822,837,874,866
785,817,820,723,822,837,874,867
785,816,820,723,822,837,874,867
785,815,820,723,822,837,874,867
785,815,820,723,822,837,875,867
785,814,820,723,822,837,874,867
785,813,821,725,822,835,874,867
785,813,821,726,823,833,875,867
785,812,820,726,825,831,876,867
785,809,819,727,827,832,877,867
785,809,818,770,828,833,878,867
785,808,818,746,828,835,879,868
785,808,818,746,829,836,879,868
785,807,818,737,829,838,879,868
786,807,818,744,830,838,879,868
785,806,818,741,830,839,879,868
785,807,818,749,830,839,879,868
786,807,818,747,830,839,879,868
786,807,818,744,830,839,878,868
786,807,818,750,830,839,879,868
786,807,818,756,830,840,879,868
786,806,818,755,830,840,879,868
787,807,818,735,830,840,879,868
787,808,818,737,830,840,879,868
787,807,818,738,831,840,879,868
787,806,817,739,830,840,879,868
787,806,817,739,831,840,879,868
787,806,817,740,831,840,879,868
787,806,817,741,831,840,879,868
788,806,816,734,830,840,879,868
788,805,817,733,831,840,879,868
788,805,817,742,831,840,879,868
788,805,817,740,831,840,879,868
788,805,817,745,831,841,879,868
788,804,817,744,831,841,879,868
788,805,817,748,831,840,879,868
789,805,817,750,831,841,879,866
789,805,817,745,831,841,879,866
790,805,817,742,831,841,879,866
789,805,817,743,831,841,879,865
790,805,817,747,831,841,879,864
790,804,817,750,831,841,879,864
791,805,817,746,831,841,879,864
791,805,817,746,831,841,879,864
791,805,817,751,831,841,879,863
791,805,817,749,831,841,879,863
791,805,818,750,831,841,879,863
792,807,817,753,831,841,879,863
791,806,818,756,831,841,879,863
792,806,817,753,831,841,879,863
792,806,818,752,831,841,879,863
792,806,818,753,831,841,879,863
794,806,817,754,831,841,879,863
795,805,818,753,831,841,879,863
794,804,818,738,831,841,879,863
794,805,818,735,831,842,879,863
794,805,818,730,831,842,879,863
801,805,818,729,831,842,879,863
801,805,818,728,831,842,879,863
801,805,818,728,831,841,879,862
801,805,818,727,831,842,879,863
801,804,818,727,831,842,879,863
801,804,818,727,831,841,879,863
801,804,818,727,831,841,879,863
801,804,818,750,830,840,879,862
800,804,824,725,826,842,877,859
794,805,823,724,826,841,876,859
793,805,824,724,825,841,875,858
793,805,823,723,825,840,875,859
793,805,823,723,825,840,875,858
794,805,823,723,825,840,875,858
792,805,823,723,824,839,875,858
792,805,822,723,824,839,875,858
792,806,823,723,824,839,875,858
791,806,822,723,824,839,875,858
791,806,822,723,824,839,875,858
790,806,822,723,824,839,874,858
790,806,822,723,824,839,875,858
790,806,822,723,824,839,875,858
790,806,822,723,824,839,875,858
790,807,822,722,824,839,875,858
790,807,822,722,824,839,875,858
790,807,821,722,824,839,875,857
790,807,821,722,824,839,875,858
790,807,821,722,823,839,875,858
790,808,821,722,824,839,875,858
789,808,821,722,824,838,875,858
790,808,821,722,823,838,875,858
789,809,821,722,824,838,874,858
790,808,821,722,823,838,875,858
790,808,821,722,823,838,875,858
790,808,821,722,823,839,875,858
789,808,821,722,823,838,875,857
790,809,821,722,823,838,875,857
790,809,821,722,823,838,875,857
790,809,821,722,823,838,875,858
790,809,821,722,823,838,875,858
790,809,821,722,823,838,875,858
790,809,820,722,823,838,875,858
790,810,821,722,823,838,874,857
790,809,821,722,823,838,875,857
790,809,821,722,823,838,875,857
790,810,821,722,823,838,874,857
789,810,821,722,823,838,875,858
790,810,821,721,823,839,874,858
790,810,821,722,823,838,874,858
790,810,821,722,823,838,875,857
790,809,821,722,823,838,874,858
790,810,821,722,823,838,875,858
790,810,821,722,823,838,875,858
790,811,820,722,822,838,875,857
791,811,821,722,823,838,874,858
790,811,821,722,823,838,875,857
790,810,820,722,823,838,874,857
790,810,821,722,823,838,874,857
790,810,821,722,823,838,874,857
790,811,821,722,823,838,874,857
789,810,821,722,823,838,874,857
790,811,821,722,823,838,874,858
789,811,821,722,823,838,874,857
788,811,821,722,823,838,875,857
788,811,820,722,823,838,875,857
788,812,821,722,823,838,874,857
788,812,820,722,823,838,875,857
788,812,821,722,823,838,874,857
787,812,820,722,823,838,874,858
787,812,820,722,823,838,874,857
788,812,821,721,823,838,874,857
787,812,820,722,823,838,874,857
787,812,820,722,823,838,874,857
787,811,820,722,823,838,874,857
787,812,820,722,823,838,874,857
786,812,821,722,823,838,874,857
787,812,820,722,822,838,874,857
787,812,820,722,823,838,874,857
787,812,820,722,823,838,874,857
787,812,820,722,823,838,874,857
787,811,820,721,823,838,874,857
787,811,820,721,823,838,874,857
787,811,820,721,822,838,874,857
787,812,820,722,823,838,874,857
787,811,820,722,822,838,874,857
787,811,820,722,823,838,874,857
787,811,820,721,823,838,874,857
787,812,820,722,822,838,875,857
787,812,821,721,823,838,874,857
786,811,821,721,823,838,874,857
786,812,820,721,822,838,874,857
786,812,820,721,822,838,874,857
787,812,821,721,822,838,874,857
786,812,820,721,822,838,874,857
786,812,821,722,822,837,874,857
786,812,820,722,823,838,874,857
786,812,821,721,822,838,874,857
786,812,821,721,822,838,874,858
786,812,821,722,822,837,874,857
786,812,821,724,822,836,874,858
786,811,821,724,824,833,875,857
786,809,820,725,825,832,877,858
786,808,819,726,827,833,877,858
786,807,818,746,828,835,877,858
786,806,818,745,829,836,878,859
786,806,818,746,829,838,879,859
786,806,818,750,830,838,879,858
786,805,818,747,830,839,879,859
787,805,818,740,830,839,879,859
787,805,818,768,830,840,879,859
786,805,817,746,830,840,879,859
786,806,818,757,830,840,879,859
786,805,819,743,830,841,878,859
787,805,818,749,830,841,879,859
787,806,817,740,830,841,879,859
787,806,817,754,831,841,879,859
787,806,817,763,831,841,879,859
787,807,817,751,831,841,879,859
787,807,817,752,831,842,879,859
787,807,817,751,831,842,879,859
788,807,817,752,831,842,879,859
788,808,817,737,831,842,879,859
789,810,817,748,831,842,879,859
789,810,818,754,830,842,878,859
789,806,818,735,831,842,879,859
789,805,818,735,831,842,879,859
790,806,818,739,831,842,879,859
790,806,818,738,831,842,879,859
791,805,818,738,831,842,879,859
790,806,818,744,831,842,879,859
791,806,818,744,831,838,879,859
791,807,818,748,831,837,879,859
792,806,818,745,831,838,879,859
792,806,818,742,831,838,879,859
793,806,818,741,830,838,879,859
792,807,819,743,831,837,879,859
793,808,819,748,831,838,879,859
793,807,819,735,831,839,879,859
793,807,819,733,831,839,879,859
793,805,819,740,831,838,879,859
794,805,819,738,831,838,879,859
794,805,819,728,831,839,879,859
795,805,819,729,831,838,879,859
794,805,819,732,831,838,879,859
794,804,819,735,831,838,879,859
795,804,818,732,831,838,879,859
795,804,819,729,831,838,879,859
794,805,819,728,831,838,879,859
795,805,819,735,831,838,879,859
793,804,819,733,831,838,879,859
794,805,819,732,831,838,879,859
792,804,819,731,831,838,879,859
793,804,819,731,831,837,879,859
793,804,819,731,831,837,879,859
793,804,819,731,831,837,879,859
793,804,819,731,831,837,879,859
792,804,819,729,831,836,879,859
792,804,819,728,830,836,879,858
791,805,825,727,826,836,876,857
789,805,824,726,826,835,876,857
788,805,824,726,825,834,875,857
787,805,824,725,825,833,875,857
788,806,824,725,825,833,875,857
788,806,824,725,825,833,875,857
788,806,823,725,825,833,875,856
788,806,823,725,824,833,875,857
787,807,823,725,824,833,875,857
788,808,823,725,824,833,875,857
787,807,823,725,824,833,875,857
787,807,823,725,824,832,875,857
787,808,823,724,824,832,874,857
787,809,822,724,824,832,875,857
787,810,822,724,824,832,875,857
787,810,822,724,824,833,875,857
787,810,822,724,824,833,875,857
787,811,822,724,824,832,875,857
787,812,822,724,824,833,875,857
786,813,822,724,824,833,875,857
787,814,822,724,824,833,875,857
787,812,822,724,824,833,875,857
787,811,822,724,823,833,874,857
787,811,822,724,823,833,874,857
787,810,822,724,823,834,875,856
787,812,822,724,823,835,874,857
787,811,822,724,823,835,874,857
786,811,822,724,823,834,874,856
786,811,822,723,823,834,874,857
786,811,821,724,823,833,874,856
786,811,822,724,823,834,874,857
786,811,822,724,823,835,874,857
787,811,822,724,823,835,874,857
786,811,821,724,823,835,874,856
786,811,822,724,822,834,874,857
786,811,822,724,823,834,874,857
786,810,821,724,823,834,874,856
786,811,821,724,823,834,874,856
786,811,821,724,823,834,874,857
786,812,821,724,823,833,874,857
786,812,821,723,823,833,874,856
786,812,821,724,823,834,874,856
786,811,821,724,823,834,874,857
786,811,822,724,823,834,874,857
786,811,821,723,823,834,874,857
786,811,821,724,823,833,874,857
786,810,822,724,823,833,874,857
786,810,822,723,823,833,874,857
786,810,822,724,823,833,874,857
786,810,822,723,823,833,874,857
786,810,822,723,823,833,874,857
786,810,821,723,823,833,874,857
786,811,821,724,823,833,874,857
786,811,821,724,823,833,874,857
786,811,822,723,823,833,874,857
786,810,822,723,823,834,874,856
786,810,821,723,823,833,874,857
786,810,822,723,822,833,874,856
786,810,821,723,823,833,874,856
786,810,821,723,823,833,874,856
786,810,821,723,823,833,874,856
786,811,821,723,823,833,874,856
786,811,821,723,823,833,874,857
786,810,821,723,823,832,874,857
786,810,821,723,823,833,874,856
786,811,821,723,823,833,874,857
786,812,821,723,823,832,874,856
786,812,821,723,823,832,874,857
785,812,821,723,823,832,874,857
786,812,822,723,823,832,874,857
786,812,822,723,823,832,874,857
786,812,821,723,823,832,874,857
786,812,821,723,823,832,874,856
786,812,821,723,823,832,874,857
786,812,822,723,823,832,874,857
786,811,822,723,823,832,874,856
786,811,822,723,823,832,874,856
786,811,822,723,823,832,874,856
786,812,822,723,822,832,874,856
786,811,822,723,823,832,874,856
786,812,821,723,822,832,874,856
786,812,822,723,823,832,874,856
786,812,822,723,823,832,874,856
786,812,822,723,822,832,874,856
786,813,822,723,822,832,874,856
786,812,821,723,822,832,874,857
786,812,821,723,822,832,874,856
786,812,821,723,823,832,874,856
786,813,821,723,822,832,874,857
786,812,821,723,823,832,874,857
786,812,821,723,822,831,874,856
786,811,822,725,822,829,874,857
786,811,822,726,823,827,875,857
786,808,821,727,825,825,876,857
786,806,819,729,827,826,877,857
786,806,819,757,828,828,877,858
786,805,818,751,829,830,878,858
786,804,818,751,829,831,878,858
786,803,818,744,830,831,879,858
787,803,818,734,830,833,879,858
787,803,818,735,830,833,879,858
787,805,818,736,830,834,879,858
787,803,818,737,830,834,879,858
786,802,818,737,830,834,879,858
787,801,818,736,830,834,878,858
787,802,818,738,831,834,879,858
787,802,818,737,830,835,879,858
788,803,817,737,831,835,879,858
788,802,817,743,831,835,879,858
788,802,816,737,831,835,879,858
788,803,817,742,831,835,879,857
788,803,817,755,831,835,879,858
789,803,817,748,831,835,879,858
789,803,817,736,831,835,879,858
789,803,817,735,831,835,879,858
790,803,817,737,830,835,879,858
790,803,817,743,831,836,879,858
790,804,817,738,831,836,879,858
793,804,817,732,831,836,879,858
791,804,817,731,831,836,879,858
792,804,818,733,831,836,879,858
791,805,818,742,831,835,879,858
792,805,818,739,831,836,879,858
791,804,818,741,831,836,879,858
792,804,818,738,831,836,879,858
793,804,818,740,831,836,879,858
792,805,818,727,831,837,879,858
794,805,818,731,831,837,879,858
794,805,818,735,831,837,879,858
794,804,818,731,831,837,879,858
794,804,818,732,831,837,879,858
794,805,818,726,831,838,879,858
794,805,818,727,831,838,879,858
794,806,818,727,831,838,879,858
795,804,818,727,831,839,879,858
796,805,818,728,831,839,879,858
796,805,818,730,831,839,879,858
795,805,819,730,831,839,879,858
795,806,818,728,831,840,879,858
795,804,819,750,832,841,879,858
795,804,819,742,831,841,879,858
795,803,819,728,831,840,879,858
796,804,819,728,831,841,879,858
796,804,819,743,831,840,879,858
796,803,819,728,831,840,879,858
796,803,819,727,831,840,879,858
796,803,819,728,831,841,879,858
797,804,819,728,832,840,879,858
796,804,819,726,831,838,879,858
795,805,820,729,830,838,879,858
795,805,825,729,826,836,876,857
794,804,824,728,826,835,875,856
792,805,824,728,825,834,875,856
792,805,823,728,825,834,875,856
792,805,824,728,825,833,875,856
792,805,824,728,825,833,875,856
792,805,823,728,825,833,875,856
792,804,823,727,824,833,875,856
793,805,823,727,824,833,875,856
794,806,823,727,824,833,875,856
792,805,823,727,824,833,875,856
791,805,822,727,824,833,875,856
792,805,822,727,824,833,874,856
792,805,822,726,824,833,875,856
791,805,822,727,824,833,875,856
791,806,822,727,824,833,874,856
791,807,821,726,824,833,874,856
791,806,821,726,824,833,874,856
791,806,821,726,824,832,875,855
791,806,821,726,824,833,874,856
792,807,821,726,824,832,874,856
792,807,821,726,824,832,874,856
792,808,821,726,824,832,875,856
791,809,821,726,823,832,874,856
792,808,821,726,823,832,874,856
791,809,821,726,823,832,874,856
791,809,821,726,823,832,874,856
792,809,821,726,823,832,874,856
792,808,821,726,823,832,874,856
792,808,821,726,823,832,874,856
791,808,821,726,823,832,874,856
791,808,821,726,823,832,874,856
791,809,821,726,823,832,874,856
791,807,821,726,823,832,874,856
790,807,821,726,823,832,874,856
791,807,821,726,823,832,873,856
790,807,821,726,823,832,874,856
790,807,821,726,823,832,874,856
790,807,821,726,823,832,874,856
789,807,821,726,823,832,874,856
789,807,821,726,823,832,874,856
788,808,820,726,823,832,874,855
788,809,820,726,823,832,874,856
788,809,820,726,823,832,874,856
788,809,820,726,823,832,874,856
788,809,820,726,823,832,874,856
788,808,819,726,823,832,874,856
788,808,820,726,823,832,874,856
788,809,820,726,823,832,874,856
788,809,820,726,823,832,874,856
788,809,820,725,823,832,874,856
788,809,820,725,823,832,874,856
788,809,820,725,823,832,874,856
788,809,820,726,823,832,874,856
788,810,820,725,823,832,874,856
788,811,820,725,823,832,874,856
788,810,820,725,823,833,874,856
787,811,820,725,823,832,874,856
788,811,820,725,823,833,873,856
788,810,820,725,823,833,874,856
787,810,820,725,823,833,874,856
788,810,820,725,823,832,874,856
787,810,820,725,823,832,874,856
787,809,820,725,823,833,874,856
788,810,820,725,823,832,874,855
787,811,820,725,823,833,874,856
787,810,819,725,823,833,874,856
787,810,819,725,823,833,874,856
787,810,820,725,823,833,874,856
787,810,819,725,823,833,874,856
787,810,820,725,823,833,874,856
787,812,820,725,823,833,874,856
787,812,819,725,823,833,874,856
787,811,820,725,823,833,874,856
787,811,820,725,823,833,874,856
787,811,820,725,823,833,874,856
787,811,820,725,823,833,874,856
787,811,820,725,823,833,874,856
787,812,820,725,823,833,874,856
787,812,820,725,823,833,874,856
786,811,820,725,823,833,874,856
787,811,820,725,822,833,874,856
787,811,820,725,823,833,874,856
787,811,820,725,823,833,874,856
787,810,820,725,823,833,874,856
787,809,820,725,822,833,874,856
787,811,820,725,823,833,874,856
787,811,820,725,822,833,874,856
787,811,820,725,823,833,874,856
787,811,820,725,822,833,874,856
787,810,820,725,822,833,874,856
787,810,820,727,822,830,874,856
786,809,820,728,823,828,875,856
787,807,819,728,825,826,876,857
787,805,818,731,827,826,877,857
787,804,817,752,828,828,877,857
787,803,816,753,829,830,877,857
787,803,816,752,829,832,878,857
787,802,816,753,830,833,878,858
787,802,815,753,830,833,879,857
787,802,815,733,830,834,879,858
787,801,815,753,830,835,879,858
787,801,815,732,830,835,879,858
787,801,815,740,831,835,879,858
788,802,815,753,831,835,879,858
790,802,815,733,831,836,879,858
789,802,815,732,831,836,879,858
789,802,814,736,831,836,878,858
789,802,814,752,831,836,879,858
789,803,814,740,831,836,879,858
789,802,814,736,831,836,879,858
789,803,814,729,831,836,879,858
789,802,814,730,831,836,879,858
788,802,814,753,831,836,879,858
789,802,814,752,831,836,879,858
789,802,814,736,831,837,879,858
791,802,814,735,831,837,878,858
790,803,814,731,831,837,879,858
793,803,815,727,831,837,879,858
792,803,814,731,831,837,879,858
791,803,815,736,831,837,879,858
791,802,815,741,831,837,879,858
792,803,815,740,831,837,879,857
791,803,815,735,831,837,879,858
791,803,815,731,831,838,879,858
791,803,815,728,831,838,879,858
792,803,815,735,831,838,879,858
791,803,815,734,831,838,879,858
792,803,815,745,831,838,879,858
792,803,815,734,831,838,879,858
791,803,815,730,831,839,879,858
791,803,815,729,831,839,879,858
792,803,815,729,831,839,879,858
792,804,816,739,831,840,879,858
793,804,816,731,831,840,879,858
793,804,816,735,831,842,879,858
792,804,816,751,831,841,879,858
792,804,816,743,831,842,879,858
792,804,816,742,831,843,879,858
792,804,817,743,831,842,879,858
793,804,817,748,831,842,879,858
793,804,817,749,831,842,879,858
792,804,817,752,831,843,879,858
792,804,817,751,831,842,879,858
792,804,817,752,831,842,879,858
792,804,817,740,831,842,879,858
792,805,817,740,831,842,879,858
791,804,817,740,831,842,879,858
791,804,817,740,831,842,879,858
791,804,817,725,831,841,879,858
790,805,824,742,826,843,877,856
789,804,822,740,826,840,875,856
788,804,821,740,825,839,875,856
788,804,821,739,825,836,875,856
788,804,821,739,825,835,875,856
788,803,821,739,825,835,875,856
788,804,821,738,825,835,875,856
788,804,821,738,824,834,875,856
788,805,820,738,824,834,875,856
788,805,820,738,824,834,875,856
788,806,820,738,824,834,875,856
787,806,820,738,824,833,875,856
788,806,820,738,824,833,875,856
788,806,820,738,824,833,874,856
788,806,819,738,824,833,874,856
788,807,819,738,824,833,874,856
788,807,819,738,824,833,874,856
788,807,819,738,824,833,874,856
788,807,819,738,824,833,874,856
788,808,819,738,824,833,874,856
788,808,819,738,824,832,874,856
787,808,819,738,824,832,874,856
787,808,819,738,824,832,874,856
787,808,819,738,824,832,874,856
787,808,819,738,823,832,874,856
787,808,819,738,823,832,874,856
787,808,819,738,823,832,874,856
787,808,818,738,823,832,874,856
787,809,818,738,823,832,874,856
787,809,818,737,823,832,874,856
786,810,819,738,823,832,874,856
786,809,818,737,823,832,874,856
786,809,819,737,823,832,874,856
786,809,818,737,823,832,874,856
785,809,818,737,823,832,874,856
786,809,818,737,823,832,874,856
786,809,818,737,823,832,874,856
786,809,818,737,823,832,874,856
786,809,818,737,823,832,874,856
786,809,818,737,823,832,874,856
786,809,818,737,823,832,874,856
786,810,818,737,823,832,874,856
786,810,818,737,823,832,874,856
786,810,818,738,823,832,874,856
786,811,818,737,823,832,874,856
786,811,818,737,823,832,874,856
785,810,818,737,823,832,874,856
786,810,818,737,823,832,874,856
786,810,818,737,823,832,874,856
786,811,818,737,823,832,874,856
786,811,818,737,823,832,874,856
786,812,818,737,823,832,874,856
786,813,818,737,823,831,874,856
786,812,818,737,823,831,874,856
786,813,818,737,823,831,874,856
786,814,818,737,823,831,874,856
786,811,819,737,823,831,874,856
785,810,818,737,823,831,874,856
785,810,818,737,823,831,874,856
786,810,819,737,823,831,873,856
786,810,818,737,823,831,874,856
785,811,819,737,823,831,874,856
786,811,819,737,823,831,874,856
785,811,818,737,823,831,874,856
785,811,819,737,823,831,874,856
785,811,818,737,823,831,874,856
785,810,819,737,823,831,874,856
786,811,818,737,823,831,874,856
785,810,818,737,823,831,874,856
785,810,818,737,823,831,874,856
785,810,818,737,822,831,874,856
785,809,818,737,823,831,874,856
785,809,818,737,823,831,874,856
785,809,818,737,823,831,874,856
785,809,818,737,823,831,874,856
785,809,818,737,823,831,874,856
785,809,819,737,823,831,874,856
785,809,819,737,823,831,874,856
785,809,819,737,823,831,874,856
785,809,819,737,823,831,874,856
785,809,819,737,823,831,874,856
785,809,818,737,823,831,874,856
785,808,819,737,823,831,874,856
785,809,818,737,823,831,874,856
785,809,818,737,823,831,874,856
785,809,819,737,823,831,874,856
785,809,818,737,823,831,874,856
785,809,818,736,823,831,874,856
785,809,818,737,823,831,874,855
785,809,819,737,823,831,874,856
786,809,818,737,823,831,874,856
785,809,819,738,822,830,874,856
785,808,819,739,823,828,874,856
785,807,817,740,824,826,876,856
785,805,816,741,827,826,876,856
785,803,815,750,828,828,877,857
785,803,815,727,829,830,877,857
785,801,815,749,829,832,877,857
786,801,815,754,830,833,878,857
786,801,815,729,830,834,878,857
786,800,815,731,830,835,878,858
788,800,814,729,830,835,878,858
787,799,815,739,830,835,878,858
787,799,815,738,830,836,879,858
787,798,813,740,830,836,879,858
787,798,813,743,830,836,878,858
788,798,813,727,831,836,878,858
788,798,813,733,831,836,878,858
788,799,813,738,831,837,878,858
789,798,813,744,831,837,878,858
789,798,813,730,831,837,878,858
790,799,813,763,831,837,879,858
791,798,813,754,831,837,879,858
790,798,813,756,831,837,879,858
790,799,813,755,831,837,879,858
790,798,813,744,831,837,879,858
791,799,813,753,831,837,879,858
791,799,813,746,831,837,878,858
791,798,813,740,831,837,879,858
790,798,814,739,831,837,879,858
790,798,814,737,831,838,878,858
790,799,814,727,831,838,879,858
789,799,813,726,831,838,879,858
789,800,814,730,831,838,879,857
789,800,814,742,831,838,879,858
789,800,814,748,831,838,879,858
790,800,814,735,831,838,879,858
789,799,813,728,831,838,879,858
789,800,814,728,831,839,879,858
789,800,814,728,831,838,879,858
789,800,814,728,831,839,879,858
789,799,814,726,831,839,879,858
789,799,814,725,831,839,879,858
789,799,814,725,831,839,879,858
791,799,815,725,831,839,879,858
788,799,815,725,831,839,879,858
789,799,815,725,831,840,879,858
789,799,815,725,831,841,879,858
788,800,815,725,831,841,879,858
788,800,815,725,831,841,879,858
788,800,816,724,831,841,878,858
788,800,815,724,831,841,879,858
789,799,816,725,831,842,879,858
788,800,816,725,831,841,879,858
788,800,816,725,831,842,879,858
789,800,816,725,831,842,879,858
789,801,816,725,831,842,879,857
790,801,816,725,831,842,879,858
790,801,816,725,831,842,879,858
789,800,816,724,831,843,878,858
787,801,822,749,826,842,876,856
786,800,821,739,825,841,875,856
786,800,820,737,825,840,875,856
786,800,820,737,825,839,875,856
785,799,820,737,825,836,875,856
785,800,820,737,825,835,874,856
785,800,820,737,825,835,874,856
785,800,820,737,825,834,874,856
785,800,820,737,824,834,874,856
784,800,820,737,824,834,874,856
784,800,820,737,824,834,874,856
784,800,820,737,824,834,874,856
785,800,819,737,824,833,874,856
784,801,820,737,824,833,873,856
784,801,820,737,824,833,873,856
784,801,820,737,824,833,873,856
784,801,819,737,824,833,873,856
784,800,820,738,824,833,873,856
784,801,819,737,824,833,873,856
784,801,819,738,824,833,873,855
784,801,819,738,824,833,873,856
785,801,819,737,824,833,873,856
784,801,819,737,824,833,873,856
784,801,819,737,824,833,873,856
784,801,819,737,823,832,873,856
784,802,819,736,824,832,873,856
784,802,819,736,824,832,873,856
784,802,819,735,824,832,873,856
784,802,819,735,824,832,873,856
784,802,820,735,824,832,873,856
783,803,819,735,824,832,873,856
784,803,819,735,824,832,873,856
784,803,819,735,823,832,873,856
783,803,820,734,823,832,873,856
784,803,820,734,824,832,873,856
784,803,819,734,823,832,873,856
784,803,819,734,823,832,872,856
784,803,819,734,823,832,873,856
783,804,820,734,823,832,873,856
784,804,820,734,823,832,873,856
784,804,819,734,823,832,873,856
783,804,820,733,823,832,873,856
784,804,819,733,823,832,873,855
784,804,819,733,823,832,873,856
784,804,819,733,823,832,873,856
783,804,819,733,823,832,873,856
783,804,819,733,823,832,873,856
784,804,819,733,823,832,873,856
784,805,819,733,823,832,873,856
784,805,819,733,823,832,873,856
784,805,819,733,823,832,873,856
784,805,819,733,823,832,873,856
784,805,819,733,823,832,873,856
784,805,819,732,823,831,873,856
784,805,819,733,823,832,873,856
784,805,819,732,823,832,873,856
784,804,819,732,823,832,873,856
784,804,819,732,823,832,873,856
784,804,819,732,823,832,873,856
784,804,819,732,823,832,872,856
784,804,819,732,823,832,873,856
784,804,819,732,823,832,873,856
783,805,819,732,823,832,873,856
783,805,819,732,823,832,873,856
784,805,819,732,823,832,873,856
784,806,819,732,823,832,873,855
784,806,819,732,823,832,873,856
784,806,819,732,823,832,873,856
784,806,819,732,823,832,873,856
784,806,819,732,823,832,873,856
784,805,819,732,822,832,873,856
783,806,819,732,823,832,872,856
784,806,819,732,823,832,873,856
784,806,819,732,823,832,873,856
784,806,819,732,823,832,873,856
784,806,819,732,823,831,873,856
784,806,819,732,823,831,873,856
784,806,819,732,823,832,873,855
784,806,819,732,823,832,873,856
784,806,819,732,823,832,873,856
784,806,819,732,823,832,873,856
784,806,819,732,823,832,873,856
784,805,819,732,822,832,872,856
784,806,818,732,823,832,873,856
784,806,818,732,823,831,873,856
784,806,819,732,823,832,873,856
784,806,818,732,823,831,873,856
783,806,818,731,823,832,873,856
784,807,818,732,823,831,873,855
783,807,819,732,823,831,873,856
783,807,819,732,823,831,873,856
783,807,819,732,822,830,872,856
783,807,819,732,823,828,873,856
784,805,817,732,824,826,875,856
784,804,816,731,827,827,875,856
784,803,815,753,828,829,876,857
784,802,815,752,829,831,876,857
784,801,814,771,830,833,876,857
784,800,814,752,830,834,876,857
784,800,814,755,830,834,876,857
784,800,814,755,830,835,877,857
784,800,814,756,830,836,877,857
784,799,815,750,830,836,877,857
785,799,813,737,831,836,877,857
785,799,812,739,831,837,877,857
785,799,813,740,831,837,877,857
785,798,813,747,831,837,877,857
785,798,813,740,831,837,878,857
785,798,812,739,831,837,878,857
786,798,812,739,831,837,877,858
786,798,812,728,831,838,877,857
785,798,812,729,831,837,877,857
785,798,813,725,831,838,877,857
786,798,813,729,831,838,877,858
787,798,813,726,831,838,878,857
787,799,813,730,831,838,878,858
787,799,812,728,831,838,877,858
788,799,813,734,831,838,877,858
787,799,813,733,831,839,878,858
787,800,813,735,831,839,878,858
787,799,813,762,831,839,878,858
787,799,813,741,831,839,878,858
789,799,813,728,831,839,878,858
788,799,813,726,831,839,878,857
786,799,814,727,831,839,878,858
787,799,814,725,831,839,878,858
787,799,814,725,831,839,878,858
786,798,814,725,831,840,878,858
787,799,814,725,831,840,877,858
787,799,814,727,831,840,877,858
787,798,814,728,831,842,878,858
788,799,814,730,831,842,878,858
788,799,814,725,831,842,878,858
788,799,815,725,831,842,878,858
788,799,815,726,831,841,878,858
788,799,815,727,831,842,878,857
789,799,815,725,831,842,878,858
787,799,815,725,831,842,878,858
787,799,815,725,831,842,878,858
787,799,815,735,831,842,877,858
787,798,816,731,831,842,877,858
789,798,815,726,831,842,878,858
789,798,815,727,831,842,878,858
789,798,815,727,831,842,878,858
789,799,815,731,831,842,878,858
789,798,816,765,831,842,878,858
789,798,816,764,831,842,878,858
789,798,816,764,831,843,878,858
789,799,816,762,831,843,878,858
789,799,816,724,830,844,877,857
789,801,823,738,826,843,875,856
787,800,821,730,825,840,874,856
787,799,820,730,825,839,874,856
787,799,820,730,825,839,874,856
786,800,820,730,825,839,874,856
786,800,821,729,824,838,874,856
786,800,821,729,824,836,873,856
786,800,820,729,824,834,873,856
785,801,820,729,824,835,873,856
785,801,820,729,824,834,873,856
785,801,820,729,824,834,873,856
786,801,820,729,824,834,873,856
785,801,820,729,824,834,873,856
786,802,820,729,824,834,872,856
786,802,820,729,824,833,873,856
786,803,819,729,824,833,873,856
785,803,820,729,824,833,873,856
786,804,819,729,824,833,873,856
786,803,819,728,824,833,873,856
786,803,819,729,823,833,873,855
785,804,819,729,823,832,873,855
785,804,819,728,823,833,873,856
785,804,819,728,823,833,873,856
785,804,820,728,823,833,873,856
785,805,819,728,823,833,873,855
785,805,819,728,823,833,873,855
785,805,820,728,823,833,873,856
785,805,820,728,823,833,873,856
785,806,819,728,823,833,873,856
785,806,820,728,823,833,873,856
785,807,820,728,823,832,873,856
784,806,820,728,823,833,873,855
785,806,820,728,823,833,873,856
785,807,820,728,823,833,873,856
785,807,820,728,823,833,873,856
784,807,820,728,823,833,873,856
785,807,819,727,823,833,873,856
785,807,819,728,823,833,873,855
785,808,819,728,823,833,873,855
785,808,819,728,823,833,873,856
785,809,819,728,823,833,873,856
785,809,819,728,823,833,873,856
785,809,819,728,823,832,873,855
785,810,819,728,823,832,873,856
785,810,819,728,823,832,873,856
785,810,819,728,823,832,873,856
785,811,819,728,823,832,873,855
785,810,819,728,823,832,873,856
785,810,819,728,823,832,873,856
785,809,819,728,823,832,873,856
785,809,819,728,823,832,873,855
785,809,819,728,823,832,873,856
785,809,819,728,823,832,873,856
785,809,819,728,823,832,873,856
785,809,819,728,823,832,873,855
786,808,819,728,823,832,873,856
785,808,819,728,823,832,873,856
785,809,819,728,823,832,873,855
785,808,819,728,823,832,873,855
785,808,819,728,823,832,872,855
785,808,819,728,823,832,873,855
785,808,819,728,823,832,873,855
785,808,819,728,822,832,873,856
785,809,819,728,823,832,873,856
785,810,819,728,823,832,873,855
785,810,819,728,822,832,873,855
785,810,819,728,822,832,873,855
785,810,819,728,822,832,873,855
786,812,819,728,823,832,873,856
786,811,819,728,822,832,873,855
786,810,819,728,823,832,873,855
786,811,819,728,822,832,872,855
786,810,819,728,822,832,873,855
785,809,819,728,822,832,873,855
785,809,819,728,822,832,873,855
785,808,819,728,822,832,872,856
785,809,819,728,822,832,873,855
785,808,819,727,822,832,872,855
785,809,819,728,822,832,873,855
785,808,819,727,822,832,873,855
785,808,819,727,822,832,872,855
785,808,819,727,823,832,873,855
785,808,819,727,822,832,872,855
785,808,819,727,822,832,872,855
785,808,819,727,822,832,872,856
785,809,819,728,822,832,872,855
785,809,819,727,822,832,872,855
785,808,819,727,822,832,873,856
785,808,819,728,822,831,873,855
785,809,819,728,822,831,872,855
785,809,820,729,822,830,872,856
785,808,819,730,824,827,873,856
785,806,818,731,825,826,875,856
785,805,816,749,827,827,875,856
785,804,815,763,828,829,875,856
785,804,815,744,829,832,876,857
786,803,815,743,830,833,876,857
785,802,815,725,830,834,876,857
786,802,815,724,830,835,876,857
786,801,815,724,830,835,876,857
785,801,815,727,830,836,876,857
786,801,815,743,830,836,876,857
786,801,815,725,830,836,876,857
786,801,815,748,830,837,877,857
786,801,813,732,830,837,877,857
787,800,812,725,830,837,877,857
787,800,813,731,830,837,877,857
787,799,812,728,831,837,877,857
787,799,813,725,831,837,877,857
788,800,813,725,831,838,877,857
788,799,812,725,831,838,877,857
788,799,813,724,831,838,877,857
788,800,813,724,831,838,877,857
788,800,813,725,831,838,877,857
788,800,813,724,831,839,877,857
788,800,813,724,831,839,877,857
788,800,813,724,831,839,877,857
788,800,813,724,831,841,877,857
790,800,813,724,831,841,877,857
790,800,813,725,831,841,877,857
790,800,813,725,831,841,877,857
789,800,813,724,831,841,877,857
789,799,813,724,831,841,877,857
789,800,813,724,831,841,877,857
789,800,814,724,831,841,877,857
789,799,814,724,831,841,877,857
789,800,814,725,831,841,877,857
789,800,814,725,831,841,877,857
788,799,814,725,831,841,877,857
789,800,814,725,831,841,877,857
789,800,815,724,831,841,877,857
789,799,814,725,831,841,878,857
789,799,814,725,831,841,878,857
789,799,815,725,831,841,877,857
789,799,815,725,831,841,877,857
789,798,815,729,831,841,877,857
789,799,815,729,831,841,877,857
790,799,815,729,831,841,877,857
790,799,815,726,831,841,877,857
788,799,815,727,831,841,877,857
790,799,814,727,831,841,877,857
790,799,815,728,831,841,878,857
790,799,815,730,831,841,877,857
790,799,816,745,831,841,878,857
791,799,815,731,831,842,878,857
791,798,816,730,831,842,877,857
791,799,816,729,831,841,877,857
791,799,816,724,831,841,877,857
791,799,816,727,830,841,877,857
789,799,822,730,826,841,875,856
788,800,821,729,825,839,874,856
787,799,820,728,825,839,874,856
787,800,820,727,825,838,873,855
787,800,821,727,825,838,873,855
787,800,820,726,824,838,873,855
787,801,820,726,824,838,873,855
787,801,820,726,824,837,873,855
788,800,820,726,824,834,873,855
788,800,820,726,824,834,873,855
788,801,819,726,824,834,873,855
788,801,819,726,824,834,873,855
787,801,819,726,824,834,873,855
787,802,819,726,824,834,873,855
787,802,819,726,823,834,873,855
787,803,819,725,824,833,873,855
787,803,819,725,824,833,873,855
788,803,819,725,824,833,873,855
787,804,819,725,824,833,873,855
787,804,819,725,823,833,873,855
788,804,819,725,823,833,873,855
787,804,819,725,823,833,873,855
787,805,819,725,823,833,873,855
787,806,819,725,823,833,873,855
787,807,819,725,823,833,873,855
787,807,819,725,823,833,873,855
787,807,819,725,823,833,873,855
787,807,819,725,823,832,873,855
788,807,819,725,823,832,873,855
787,807,819,725,823,833,873,855
787,807,819,725,823,833,873,855
788,808,819,725,823,833,873,855
787,807,819,725,823,833,873,855
787,808,819,725,823,832,873,855
787,808,819,725,823,832,873,855
787,808,819,725,823,833,873,855
787,808,819,725,823,833,873,855
787,808,819,725,823,833,873,855
787,808,819,725,823,833,873,855
787,808,819,725,823,832,873,855
787,808,819,725,823,832,873,855
787,809,819,725,823,833,873,855
786,808,819,725,823,833,873,855
787,809,819,725,823,832,873,855
787,809,819,725,823,833,873,855
786,809,819,725,823,833,873,855
787,809,819,725,823,832,873,855
786,809,819,725,823,833,873,855
786,809,818,725,823,832,873,855
787,809,819,725,823,832,873,855
787,810,819,725,823,832,873,855
786,810,819,725,823,832,873,855
787,810,819,725,823,832,873,855
787,810,819,725,823,832,873,855
786,810,819,724,823,832,873,855
787,812,819,725,823,832,873,855
787,811,819,725,823,832,873,855
787,811,819,725,823,832,873,855
787,810,819,725,823,832,873,855
786,811,819,724,823,832,873,855
787,810,819,724,822,832,873,855
787,810,819,725,823,832,873,855
787,810,819,724,823,832,873,855
787,810,819,724,823,832,873,855
787,810,819,725,823,832,873,855
787,810,819,725,823,832,873,855
787,810,819,724,823,832,872,855
787,811,819,724,823,832,873,855
787,810,819,724,823,832,873,855
787,811,819,724,823,832,873,855
787,811,819,724,823,832,873,855
787,811,818,724,823,832,873,855
786,810,819,724,822,832,873,855
786,811,818,724,822,832,873,855
786,811,819,724,822,832,873,855
786,811,819,724,822,832,873,855
786,811,819,724,822,832,872,855
786,810,819,724,822,832,873,855
786,811,819,724,822,831,873,855
786,810,819,724,822,832,872,855
786,811,818,724,822,832,872,855
786,811,818,724,822,832,873,855
786,811,818,724,822,832,873,855
786,812,818,724,822,832,873,855
787,811,818,724,822,832,872,855
786,812,818,724,822,832,873,855
786,811,818,724,822,832,872,855
786,812,818,724,822,832,872,855
786,812,818,724,822,832,872,855
786,813,818,724,822,832,872,855
786,811,818,724,822,831,872,855
786,810,817,724,822,831,872,855
785,811,817,724,822,832,873,855
786,811,817,724,822,832,873,855
784,811,817,724,822,832,872,855
785,811,817,724,822,831,873,855
784,811,817,724,822,831,873,855
784,811,817,724,822,831,872,855
784,812,817,724,822,831,872,855
784,811,817,724,822,831,872,855
784,811,817,724,822,831,872,855
784,811,818,724,822,831,872,855
785,811,817,724,822,831,872,855
785,810,817,724,822,831,872,855
784,811,817,724,822,831,872,855
784,811,817,724,822,831,872,855
785,811,817,724,822,831,872,855
785,811,818,724,822,831,872,855
785,810,817,724,822,831,872,855
785,810,817,724,822,831,872,855
785,810,817,724,822,831,872,855
785,810,818,724,822,831,872,855
785,810,817,724,822,831,872,855
785,810,817,724,822,831,872,855
785,810,818,724,822,831,872,855
785,810,818,724,822,831,872,855
785,810,818,724,822,831,872,855
785,810,817,724,822,831,872,855
785,810,818,724,822,831,872,855
785,810,818,724,822,831,872,855
785,810,818,724,822,831,872,855
785,810,818,724,822,831,872,855
785,810,818,724,822,831,872,855
784,809,818,724,822,831,872,855
785,810,818,724,822,831,872,855
785,810,818,724,822,831,872,855
785,810,818,724,822,831,872,855
785,811,818,724,822,831,872,855
785,810,818,724,822,831,872,855
785,810,817,724,822,831,873,855
785,811,818,724,822,831,872,855
785,811,818,724,822,831,872,855
785,810,818,724,822,831,872,855
785,809,818,724,822,831,872,855
785,808,818,724,822,831,872,855
784,809,818,724,822,831,872,855
784,809,818,724,822,831,872,854
784,808,818,724,822,831,872,855
785,807,818,724,822,831,872,855
784,807,818,724,822,831,872,855
784,807,818,724,822,831,872,855
784,807,818,724,821,831,872,855
784,807,818,724,822,831,872,855
784,807,818,724,822,831,872,855
784,807,818,724,822,831,872,855
784,807,818,724,822,831,872,855
784,806,818,724,822,831,872,855
784,807,818,724,822,830,872,855
784,807,818,724,822,831,872,855
785,807,818,724,822,831,872,855
785,808,818,724,822,831,872,855
785,808,818,724,822,831,872,855
784,808,817,724,822,831,872,855
784,807,818,724,822,831,872,855
784,808,818,724,822,831,872,855
784,808,818,724,822,831,872,855
784,808,818,724,822,831,872,855
784,807,818,724,822,831,872,855
784,807,818,724,822,831,872,855
784,807,818,724,822,830,872,855
784,807,817,724,822,831,872,855
784,807,817,724,822,831,872,855
784,807,817,724,822,831,872,855
784,808,818,724,822,831,872,855
784,808,817,724,821,831,873,855
784,808,817,724,822,831,872,855
784,808,817,724,822,831,872,855
784,808,817,724,822,831,872,855
784,808,818,724,822,831,872,855
784,808,818,724,822,831,872,855
784,808,817,724,822,830,872,855
784,808,817,724,822,831,872,855
784,808,817,724,822,831,872,855
784,808,817,724,822,831,872,855
784,808,817,724,822,831,872,855
784,808,817,724,822,831,872,855
784,809,817,724,822,831,872,855
784,809,817,724,822,831,872,855
784,809,817,724,822,831,872,855
784,809,817,724,822,831,872,855
784,808,817,724,822,831,872,855
784,809,817,723,822,831,872,855
784,808,817,724,822,831,872,855
784,809,817,724,822,831,872,855
784,808,817,724,822,831,872,855
784,808,817,724,821,831,872,855
784,808,817,724,822,830,872,855
784,808,817,724,821,830,872,855
784,808,817,724,822,830,872,855
784,808,817,724,822,830,872,855
784,808,817,724,822,830,872,855
784,808,817,724,822,831,872,855
784,808,817,724,822,830,872,855
784,808,817,724,822,830,872,855
784,808,817,724,822,831,872,855
784,808,817,724,822,830,872,855
784,809,817,724,822,831,872,855
784,809,817,724,822,831,872,855
784,808,817,724,822,830,872,855
784,808,817,724,821,830,872,855
784,808,818,724,822,831,872,855
784,809,817,724,822,830,872,855
784,808,817,724,822,830,872,855
784,808,817,724,822,831,872,855
784,809,817,723,822,831,872,855
784,809,818,724,822,830,872,855
784,809,817,724,822,831,872,855
784,808,817,724,822,830,872,855
784,808,817,724,822,830,872,855
784,808,817,724,822,830,872,855
784,808,817,724,821,830,872,855
784,808,817,724,822,830,872,855
784,807,818,724,822,830,872,855
784,808,817,724,822,830,872,855
784,808,817,724,822,830,872,855
784,808,817,724,822,830,872,855
784,808,817,724,822,830,872,855
785,808,817,724,822,830,872,855
785,808,817,724,822,830,872,855
785,808,817,724,822,830,872,855
784,808,817,724,822,830,872,855
784,807,817,724,821,830,872,855
784,807,817,724,822,830,872,855
784,808,817,724,822,830,872,855
784,808,817,724,822,830,872,855
784,807,818,724,822,830,872,855
784,807,817,724,822,830,872,855
784,807,817,723,822,830,872,855
784,807,817,724,822,830,872,855
784,807,817,724,822,830,872,855
784,807,817,724,822,830,872,855
784,807,817,724,822,830,872,855
784,807,817,724,822,830,872,855
784,807,817,724,821,830,872,855
784,807,817,724,822,830,872,855
784,807,817,724,822,830,872,855
784,807,817,724,822,830,872,855
784,807,817,724,822,830,872,855
784,807,817,724,822,830,872,855
784,807,817,724,822,830,872,855
784,807,817,724,822,830,872,855
784,807,817,724,822,830,872,855
784,807,817,724,822,830,872,855
784,807,817,724,822,830,872,855
784,808,817,724,822,830,872,855
784,808,817,724,821,830,871,855
784,808,817,724,822,830,872,855
784,808,817,724,822,830,872,855
784,808,817,724,822,830,872,855
784,807,817,724,822,830,872,855
784,808,817,723,822,830,872,855
784,808,817,724,822,830,872,855
784,808,817,724,822,830,872,855
784,808,817,724,822,830,872,855
784,808,817,724,822,830,872,855
784,808,817,724,821,830,872,855
784,808,817,724,821,830,872,855
784,808,817,724,822,830,872,855
784,808,817,724,822,830,872,855
784,808,817,724,822,830,872,855
784,808,817,724,822,830,872,855
784,808,817,724,822,830,872,855
784,807,816,724,822,830,872,855
784,808,816,724,822,830,872,855
784,808,817,724,822,830,872,855
784,807,817,724,821,830,872,855
784,807,816,724,822,830,872,855
783,807,816,724,821,830,873,855
784,807,817,724,821,830,871,855
784,808,816,724,821,830,872,855
784,808,816,724,822,830,872,855
784,808,816,724,822,830,872,856
784,808,816,724,821,830,872,855
784,807,816,724,821,830,872,855
784,808,816,724,821,830,872,854
784,808,816,724,821,830,872,855
784,808,816,724,821,830,872,855
784,808,817,724,821,830,872,855
784,809,816,724,821,830,872,855
784,808,816,724,822,830,872,855
784,808,816,724,822,830,872,855
784,808,816,724,822,830,872,855
784,809,816,724,822,830,872,855
784,808,816,724,821,830,872,855
784,808,816,724,821,830,872,855
784,808,816,723,822,829,872,855
784,808,816,724,821,830,872,855
784,808,816,724,821,830,872,855
784,809,816,724,821,830,872,855
784,808,816,724,821,830,872,855
784,808,815,724,821,830,872,855
784,808,816,724,821,830,871,855
784,808,816,724,821,830,872,855
784,808,816,724,822,830,872,855
784,808,816,724,821,830,872,855
784,809,816,723,821,830,872,855
784,808,816,724,821,830,872,855
784,809,816,724,821,830,872,854
784,809,816,723,821,830,872,855
784,808,816,724,821,830,872,855
784,808,816,724,821,830,872,855
784,809,816,724,821,830,872,855
784,808,815,724,821,830,872,855
784,808,816,724,822,830,872,855
784,809,816,724,821,830,872,855
784,809,816,724,821,830,872,855
784,809,816,724,821,830,872,855
784,809,816,724,821,830,872,855
784,809,816,723,821,830,872,855
784,809,816,724,821,830,872,855
784,809,816,723,821,830,872,855
784,809,816,724,821,830,872,855
784,808,816,723,821,830,872,855
784,809,816,724,821,830,872,855
784,809,816,724,821,830,872,855
784,809,816,723,822,830,872,855
784,808,816,723,821,830,872,855
785,808,816,723,821,830,872,855
785,808,816,723,821,830,872,855
785,809,816,723,821,830,872,855
784,808,816,723,821,830,872,854
785,809,816,724,821,830,872,855
785,809,816,724,821,830,872,855
785,808,816,723,821,830,872,855
785,808,816,724,821,830,872,855
785,809,816,724,821,830,872,855
785,808,816,724,822,830,872,855
785,809,816,724,821,830,872,855
784,809,816,724,821,830,872,855
784,809,816,724,821,830,872,855
784,809,816,724,821,830,872,855
784,808,816,723,821,830,872,855
784,808,816,724,821,830,872,855
784,808,816,724,821,830,872,855
784,808,816,724,821,830,872,855
784,808,816,723,821,830,872,855
784,808,816,724,821,830,872,855
784,808,816,723,821,830,872,855
784,808,816,723,821,830,872,855
784,808,816,724,822,830,872,855
784,807,816,724,821,830,872,855
784,808,816,723,821,830,872,855
784,807,816,724,821,830,872,855
784,808,816,723,821,830,872,855
784,808,816,723,821,830,872,855
784,808,816,724,821,830,872,855
784,808,816,724,821,830,872,855
784,808,816,723,821,830,872,855
784,807,815,724,821,830,872,855
784,808,816,724,821,830,872,855
784,808,816,724,821,830,872,855
784,808,816,723,821,830,872,855
784,808,816,723,821,830,872,855
784,808,816,724,821,830,872,855
784,808,816,723,821,830,872,855
784,808,816,723,821,830,872,855
784,807,816,723,821,830,872,855
784,808,816,723,821,830,872,855
784,808,816,723,821,830,872,855
784,807,816,723,821,830,872,855
784,808,815,723,821,830,872,855
784,808,816,724,821,829,872,855
784,808,816,723,821,830,872,855
784,808,816,723,821,830,872,855
784,808,816,723,821,830,872,855
784,807,816,723,821,830,872,855
784,809,816,723,821,829,872,855
784,808,816,724,821,830,872,855
784,808,816,723,821,830,872,855
784,808,816,724,821,830,872,855
784,808,816,723,821,830,872,855
784,808,815,724,821,830,872,855
784,808,816,724,821,830,872,855
784,808,816,723,821,830,872,855
784,808,816,724,821,830,872,855
784,808,816,724,821,830,872,855
784,809,816,723,821,830,872,855
784,808,816,723,821,830,872,855
784,809,816,723,821,829,872,855
784,808,816,724,821,830,872,855
784,808,816,724,821,830,872,855
784,808,816,723,821,830,872,855
783,808,816,723,821,830,872,855
784,808,816,723,821,830,872,855
784,808,816,723,821,829,872,855
784,808,816,723,821,830,872,855
784,808,816,723,821,830,872,855
784,809,816,723,821,830,872,855
784,808,816,723,821,830,872,855
784,808,816,723,821,829,872,855
784,808,816,723,821,830,872,855
784,808,816,723,821,830,872,855
784,808,816,723,821,830,872,855
784,808,816,723,821,830,872,855
784,808,816,724,821,830,872,855
784,808,816,724,821,830,872,855
784,808,816,723,821,830,872,855
784,808,816,723,821,830,872,855
784,809,816,723,821,829,872,855
784,808,816,723,821,829,872,855
784,808,816,723,821,830,872,855
784,808,816,723,821,829,872,855
784,808,816,723,821,830,872,855
784,808,816,723,821,830,872,855
785,808,816,723,821,830,872,855
784,808,816,723,821,830,872,855
784,808,816,723,821,830,872,855
784,808,816,724,821,830,872,855
784,808,816,723,821,830,872,855
784,808,816,723,821,830,872,855
784,808,816,723,821,830,872,855
784,808,816,723,821,830,872,855
784,808,816,723,821,829,873,855
784,808,816,723,821,830,872,855
784,808,816,723,821,830,872,855
784,808,816,723,821,830,872,855
784,808,816,723,821,829,872,855
784,808,815,724,821,830,872,855
784,808,816,724,821,830,872,855
784,809,816,723,821,829,872,855
784,809,816,723,821,829,872,855
784,809,816,723,821,830,872,855
784,808,816,723,821,830,872,855
784,808,816,723,821,830,872,855
784,808,816,724,821,829,872,855
784,808,816,723,821,830,872,855
784,808,816,723,821,830,872,855
784,808,816,723,821,830,872,855
783,808,816,723,821,829,872,855
784,808,815,723,821,829,872,855
783,808,816,723,821,830,872,855
784,808,816,723,821,830,872,855
784,808,816,723,821,829,872,855
783,808,816,723,821,829,872,855
783,807,816,724,821,830,872,855
784,808,816,724,821,829,872,855
783,807,816,723,821,829,872,855
783,808,816,723,821,830,872,855
783,807,816,723,821,830,872,855
783,808,816,723,821,829,872,855
784,807,815,723,821,829,872,855
784,807,816,723,821,829,872,855
784,807,816,723,821,829,872,855
784,807,816,723,821,829,872,855
783,807,816,723,821,829,872,855
784,807,816,723,821,829,872,855
784,807,816,723,821,829,872,855
784,807,816,723,821,829,872,855
