0
777,730,704,774,659,655,688,788
777,730,704,774,659,655,688,787
777,730,704,774,659,654,688,791
778,730,704,774,658,654,688,792
778,730,704,774,659,654,687,795
778,730,704,774,659,654,688,794
777,730,704,774,658,654,687,797
777,730,704,774,658,654,687,801
777,730,704,773,658,654,687,798
777,730,704,774,658,654,687,798
777,730,704,774,658,654,687,800
778,730,704,774,658,654,687,800
777,730,704,774,659,654,688,794
777,730,704,774,658,654,687,797
778,730,704,774,659,654,687,794
778,730,704,774,659,654,688,793
777,730,704,774,659,654,688,792
777,730,704,774,658,654,687,795
778,729,704,774,658,654,687,795
777,730,704,774,658,653,687,796
777,730,704,774,658,654,687,797
777,730,704,774,658,654,687,798
777,730,704,774,658,654,687,796
778,730,704,774,658,654,687,795
778,730,704,774,658,654,687,794
778,730,704,774,659,654,688,793
778,730,704,774,658,654,688,794
777,730,704,774,658,654,687,796
778,730,704,774,658,654,687,799
777,730,704,774,658,653,687,798
777,730,704,774,658,654,687,798
778,730,704,774,658,654,687,798
778,730,704,774,658,654,687,797
777,730,704,774,658,654,687,795
777,730,704,774,658,654,687,796
778,730,704,774,658,654,687,797
777,730,704,774,658,654,687,798
778,730,704,774,658,654,687,799
777,730,704,774,658,654,687,799
777,730,704,773,658,654,687,799
777,730,704,774,658,654,687,799
777,730,704,774,658,654,687,799
777,730,704,774,658,654,687,802
777,730,704,774,658,654,687,796
778,730,704,774,659,654,688,793
777,730,704,774,659,654,687,793
777,730,704,774,659,654,688,794
777,730,704,774,658,654,688,794
777,730,704,774,658,654,687,794
777,730,704,773,659,654,687,793
777,730,704,774,659,654,688,793
777,730,704,774,659,654,688,794
777,730,704,774,658,654,688,793
777,730,704,774,659,654,688,793
777,730,704,774,659,654,687,794
778,730,704,774,658,654,687,795
777,730,704,774,658,654,687,795
777,730,704,774,658,654,687,797
777,730,704,774,658,654,687,799
777,729,704,774,658,654,687,798
777,730,704,773,658,653,687,797
777,730,704,774,658,654,687,794
777,730,704,774,659,654,687,795
777,730,704,774,658,654,688,792
777,730,704,774,659,654,688,791
777,730,704,774,659,654,688,792
777,730,704,774,659,654,688,793
778,730,704,774,659,654,688,792
777,730,704,774,659,654,688,790
777,729,704,774,659,655,688,789
777,730,704,773,659,654,688,789
777,730,704,774,659,655,688,787
777,730,704,774,659,655,688,787
777,730,704,774,659,655,688,787
777,730,704,774,659,655,688,787
777,730,704,774,659,655,688,788
778,730,704,774,659,655,688,788
777,730,704,774,659,654,688,789
777,729,704,774,659,654,688,791
777,730,704,774,659,654,688,790
777,729,704,773,659,654,688,789
777,730,704,774,659,655,688,789
777,730,704,774,659,654,688,790
777,730,704,774,659,654,688,791
777,730,704,774,659,654,688,792
778,730,704,774,659,654,688,792
777,730,704,774,659,654,687,792
777,730,704,774,659,654,688,792
777,730,704,774,659,654,688,791
777,730,704,774,659,654,688,791
777,730,704,773,659,654,688,790
777,730,704,774,658,654,687,795
777,730,704,774,659,654,688,791
777,730,704,774,659,654,688,790
777,730,704,774,659,654,688,790
777,730,704,774,659,654,688,790
777,730,704,774,659,654,687,790
777,729,704,774,659,654,688,790
777,729,704,773,659,654,688,789
777,729,704,774,659,654,688,790
777,729,704,774,659,655,688,790
777,730,704,774,659,654,688,789
777,730,704,774,659,655,688,789
777,729,704,774,659,654,688,790
777,730,704,774,659,654,688,790
777,729,703,774,659,654,688,789
777,729,704,774,659,655,688,788
777,729,704,774,659,655,688,789
777,729,704,774,659,655,688,789
777,729,704,774,659,655,688,788
777,729,703,774,659,655,688,788
777,729,704,774,659,655,688,788
777,730,703,774,659,655,688,789
777,729,704,774,659,655,688,788
777,730,704,774,659,655,688,788
777,729,704,774,659,655,688,788
777,729,704,774,659,655,688,788
777,729,704,774,659,655,688,788
777,729,704,773,659,655,688,788
777,729,704,774,659,655,688,788
777,729,704,774,659,655,688,788
777,729,704,773,659,655,688,788
777,730,704,774,659,655,688,788
777,729,704,774,659,655,688,789
777,729,704,774,659,655,688,789
777,729,704,774,659,654,688,789
777,729,703,773,659,655,688,788
777,729,704,773,659,655,688,788
777,729,704,773,659,655,688,786
777,729,703,774,659,655,688,787
777,729,703,773,659,655,688,788
777,729,704,774,659,655,688,786
777,729,704,774,659,655,688,787
777,730,704,774,659,655,688,787
777,729,704,774,659,655,688,787
777,729,704,774,659,655,688,787
777,729,703,774,659,655,688,787
777,729,704,774,659,655,688,788
777,729,704,773,659,655,688,788
777,729,704,774,659,655,688,788
777,729,703,773,659,655,688,788
777,729,704,773,659,655,688,788
777,729,703,774,659,655,688,788
777,729,704,774,659,655,688,788
777,729,704,774,659,654,688,789
777,729,704,774,659,655,688,788
777,729,703,774,659,655,688,788
777,729,704,774,658,655,688,789
777,729,704,773,659,655,688,788
777,729,703,774,659,655,688,788
777,729,704,774,659,655,688,788
777,729,704,774,659,655,688,788
777,730,704,774,659,654,688,788
777,729,704,774,659,655,688,789
777,729,704,774,659,655,688,788
777,729,704,773,659,655,688,787
777,729,703,774,659,655,688,787
777,729,704,774,659,655,688,786
777,729,704,774,659,655,688,786
777,729,703,774,659,655,688,787
777,729,704,773,659,655,688,788
777,729,704,774,659,655,688,787
777,729,704,773,659,655,688,787
777,730,704,774,659,655,688,786
777,729,703,774,660,655,689,780
777,729,704,773,660,655,689,779
777,729,703,774,659,655,688,780
777,729,703,773,659,655,689,780
777,729,704,774,659,655,689,781
777,729,703,774,659,655,688,780
777,729,703,773,659,655,688,780
777,729,703,774,659,655,688,781
777,729,704,774,659,655,688,781
777,729,704,774,659,655,688,781
777,729,704,774,659,655,688,781
777,729,704,774,659,655,688,781
777,729,703,774,659,655,688,781
777,729,704,773,659,655,688,781
778,730,704,773,659,655,688,780
778,730,704,772,658,653,685,786
777,738,707,774,658,652,686,789
777,739,707,774,659,653,686,787
778,740,708,773,660,655,685,787
777,741,708,774,660,655,684,790
778,740,707,773,661,656,684,790
778,740,707,773,661,656,684,791
778,740,707,773,661,656,684,792
778,740,706,772,661,656,684,792
778,740,706,772,661,656,684,789
778,740,706,772,662,656,685,789
778,740,706,772,662,656,685,789
778,740,706,772,662,657,685,789
778,739,706,771,662,656,685,789
778,739,706,772,662,656,685,789
778,739,706,772,662,657,685,790
778,739,706,772,662,657,685,790
777,739,706,772,662,656,685,791
778,739,705,772,661,656,685,791
778,739,706,772,662,657,685,790
778,739,706,772,662,657,686,789
777,739,706,772,662,657,686,789
778,739,705,772,662,657,686,789
777,738,705,771,662,657,686,789
778,738,705,771,662,657,686,788
778,738,705,771,662,657,686,790
777,738,705,771,662,657,686,790
777,738,705,771,662,657,686,789
777,738,705,771,662,657,686,789
778,738,705,771,661,657,686,791
778,738,705,771,662,657,686,790
778,738,705,771,662,657,686,789
778,738,704,771,662,657,686,789
777,738,704,771,662,657,686,789
777,738,704,771,662,656,686,789
778,738,704,771,662,657,686,788
777,738,704,771,662,657,686,788
777,738,704,771,662,657,687,788
777,738,704,771,662,657,686,789
778,738,704,771,662,657,687,788
778,738,704,771,662,657,687,788
778,738,704,771,662,657,687,787
778,738,704,771,662,657,687,786
777,738,704,771,662,657,687,786
777,738,704,770,662,657,687,786
777,738,704,771,662,657,687,785
777,738,704,771,662,657,687,784
777,738,704,771,662,657,687,784
777,738,704,771,662,657,687,784
778,738,703,771,662,657,687,784
777,738,704,771,662,657,687,784
777,738,704,771,662,657,687,784
778,738,704,771,662,657,687,784
778,738,704,771,662,657,687,783
777,738,704,770,662,657,687,784
777,738,704,771,662,657,687,784
778,738,704,771,662,657,687,784
777,738,704,771,662,657,687,784
777,738,704,771,662,657,688,785
777,742,705,772,661,656,692,784
777,754,710,776,658,652,707,786
777,754,709,776,658,652,706,788
777,754,709,776,658,652,705,788
776,754,709,776,657,651,705,789
776,753,709,776,657,651,704,789
776,753,709,776,657,651,704,789
776,753,709,776,658,652,704,783
776,753,709,776,658,652,704,783
776,753,708,776,658,652,704,784
776,753,708,776,657,652,704,785
776,753,709,775,657,651,703,786
776,753,708,776,658,652,704,783
776,753,708,775,658,652,704,782
778,751,707,776,659,654,708,773
777,752,709,777,659,654,708,771
777,752,709,777,659,654,708,771
777,751,708,777,659,654,708,771
777,750,708,777,659,654,708,771
777,750,708,776,659,654,708,771
777,750,707,776,659,654,708,771
777,749,707,776,659,654,708,772
777,749,707,776,659,654,708,772
777,749,707,776,659,654,708,772
777,749,707,776,659,654,708,772
777,748,707,776,659,654,708,772
777,748,706,776,659,654,708,771
777,748,706,776,659,654,708,772
777,747,706,776,659,654,708,772
777,747,706,775,659,654,708,772
777,747,706,775,659,654,708,772
777,747,705,775,658,654,708,772
777,747,705,775,659,654,708,772
777,747,705,775,659,654,708,771
777,746,705,775,659,654,708,772
777,746,705,775,659,654,708,771
777,746,705,775,659,654,708,772
777,746,705,775,659,654,708,772
777,746,705,775,659,654,708,771
777,746,705,775,659,654,708,771
777,746,705,775,658,654,708,771
777,746,705,775,658,654,708,772
777,745,705,775,659,654,708,771
777,745,704,774,659,654,708,771
777,745,704,775,659,654,708,771
777,745,704,774,659,654,708,772
777,745,704,774,659,654,708,771
777,745,704,774,659,654,708,771
777,745,704,774,659,654,708,771
777,745,704,774,659,654,708,771
777,745,704,774,659,654,708,771
777,745,704,774,659,654,708,771
777,745,704,774,659,654,708,771
777,745,704,774,659,654,708,771
777,745,704,774,658,654,708,771
777,744,704,774,659,654,708,771
777,744,704,773,659,654,708,771
777,744,704,774,659,654,708,770
777,744,704,774,659,654,708,771
777,744,704,774,659,654,708,771
777,744,704,774,659,654,708,771
777,744,704,774,658,654,708,771
777,744,704,774,659,654,708,771
777,744,704,774,659,654,708,771
777,744,704,774,659,654,708,770
777,744,704,773,658,654,707,771
777,747,707,774,658,652,704,774
777,748,708,774,658,653,699,778
777,743,706,773,659,654,693,780
777,741,705,772,660,655,690,781
777,739,704,771,661,656,690,781
777,739,703,770,661,656,689,780
777,738,703,770,662,657,689,780
777,738,703,770,662,657,689,781
777,737,703,770,662,657,689,781
777,737,703,770,662,657,689,779
777,737,703,769,662,657,689,779
777,737,703,769,662,657,689,780
777,737,703,769,662,657,690,780
777,737,703,769,662,657,690,780
777,737,702,769,662,657,689,779
776,737,702,769,662,657,690,779
777,737,702,769,662,657,689,779
777,737,702,769,662,657,690,779
777,737,702,769,662,657,690,780
777,737,702,769,662,657,689,782
777,736,702,769,662,657,690,782
777,737,702,769,662,657,689,784
777,737,702,769,662,657,689,783
777,737,702,769,662,657,689,785
777,736,702,769,662,657,689,783
777,736,702,769,662,656,689,786
777,736,702,769,662,657,689,784
777,736,702,769,662,657,690,782
777,736,702,769,662,657,690,782
777,736,702,769,662,657,690,782
777,736,702,769,662,657,690,782
777,736,702,769,662,656,690,782
777,736,702,769,662,657,690,784
777,736,702,769,662,657,690,784
777,736,702,769,662,657,690,784
776,736,702,769,662,657,690,784
777,736,702,769,662,657,689,785
777,736,702,769,662,657,690,784
777,736,702,769,662,657,690,784
777,736,702,769,662,657,690,781
777,736,702,769,662,657,690,781
777,736,702,768,662,657,690,780
777,736,702,769,662,657,690,780
777,736,702,769,662,657,690,780
777,736,701,769,662,657,690,780
776,736,702,769,662,657,690,779
777,736,702,769,662,657,691,778
777,736,702,769,662,657,690,779
777,736,702,769,662,657,690,779
777,736,702,769,662,657,690,778
777,736,702,769,662,657,690,778
777,736,702,769,662,657,690,779
777,736,701,769,662,657,690,779
777,736,702,769,662,657,690,779
777,736,701,769,662,657,690,779
777,736,701,769,662,657,691,779
777,736,702,769,662,657,690,779
776,736,702,769,662,657,691,780
777,737,702,769,662,657,692,779
776,744,705,772,661,655,701,776
776,754,708,775,659,653,709,775
776,754,708,774,658,652,708,775
776,754,707,775,658,652,708,776
776,753,707,775,658,652,707,777
776,753,707,775,658,652,707,779
776,753,707,775,658,652,707,781
776,753,707,775,658,652,707,779
776,753,707,775,658,652,706,780
776,753,707,774,658,652,706,780
777,750,705,774,658,653,710,777
777,749,705,774,658,653,710,777
777,749,704,774,658,654,710,775
777,748,704,774,658,654,710,773
777,748,704,774,658,654,710,774
777,748,704,774,658,654,710,774
777,747,704,774,658,654,710,774
777,747,703,774,658,654,710,774
777,747,704,774,658,654,710,773
777,747,703,773,658,654,710,773
777,747,703,774,658,654,710,774
777,746,703,773,658,654,710,774
777,746,703,773,658,654,710,774
777,746,703,773,658,654,710,774
777,746,703,773,658,654,709,774
777,746,703,773,658,654,709,775
777,746,703,773,658,654,709,775
777,746,703,773,658,654,709,776
777,746,703,773,658,654,709,775
777,745,703,773,658,654,709,775
777,745,703,773,658,654,709,775
777,745,703,773,658,654,709,775
777,745,703,773,658,653,709,776
777,745,703,773,658,653,709,775
777,745,703,773,658,654,709,775
777,745,703,773,658,654,709,775
777,745,703,773,658,654,709,775
776,745,703,773,658,654,709,775
777,745,703,773,658,654,709,775
777,745,703,773,658,653,709,775
777,745,703,773,658,654,709,776
777,745,703,773,658,654,709,776
776,744,703,773,658,653,709,776
777,745,703,773,658,653,709,776
777,744,702,773,658,654,709,775
777,745,703,773,658,653,709,776
777,744,703,773,658,653,709,775
776,744,702,773,658,654,709,775
777,744,703,773,658,654,709,775
776,744,702,773,658,654,709,775
777,744,702,773,658,654,709,775
777,744,702,773,658,654,709,775
777,744,702,773,658,654,709,775
776,744,702,773,658,653,709,775
777,744,702,773,658,654,709,775
777,744,702,773,658,654,709,775
777,744,702,773,658,654,709,775
776,744,702,773,658,654,709,775
776,744,702,773,658,653,708,774
776,744,702,773,658,653,709,775
777,744,702,773,658,654,709,774
776,744,702,773,658,654,709,774
776,744,702,773,658,654,709,773
776,744,702,773,658,654,709,774
776,744,702,773,658,654,709,774
776,744,702,773,658,654,709,774
777,744,702,773,658,654,709,774
776,744,702,773,658,654,709,774
777,744,702,773,658,654,709,774
776,744,702,773,658,654,709,774
776,744,702,773,658,654,709,773
776,744,702,773,658,654,709,773
777,743,702,773,658,654,709,774
776,744,702,772,658,653,709,774
776,743,702,773,658,654,709,773
776,743,702,773,658,653,709,774
776,743,702,773,658,653,709,774
776,743,702,773,658,654,709,774
776,743,702,773,658,654,709,774
776,743,702,773,658,654,709,773
776,743,702,773,658,654,709,772
776,743,702,773,658,654,709,773
776,743,702,773,658,654,709,773
776,743,702,773,658,654,709,773
776,743,702,773,658,654,709,773
776,743,702,772,658,654,709,773
776,743,702,773,658,654,709,773
776,743,702,772,658,654,709,774
776,743,702,773,657,654,709,773
776,743,702,773,658,654,709,773
776,743,702,772,658,653,708,773
776,746,705,773,657,652,705,773
776,749,707,774,658,652,701,776
776,743,705,772,659,654,695,777
776,740,704,771,660,655,692,777
776,738,703,770,661,656,691,778
776,738,702,770,661,656,691,779
776,737,702,769,662,656,691,779
776,737,701,769,662,657,691,779
776,737,701,769,662,657,691,778
776,736,701,769,662,657,692,779
776,736,701,769,662,657,691,779
776,736,701,769,662,657,691,778
776,736,701,769,662,657,691,779
776,736,701,769,662,657,691,779
776,736,701,768,662,657,691,780
776,736,701,768,662,657,691,780
776,736,701,769,662,657,691,781
776,736,701,768,662,657,691,779
776,736,701,769,662,657,691,779
776,736,701,768,662,657,691,779
776,736,701,769,662,657,691,779
776,736,701,768,662,657,691,780
776,735,701,768,662,657,691,780
776,736,701,768,662,657,691,779
776,736,701,768,662,657,691,780
776,735,701,768,662,657,691,780
776,736,701,768,662,657,692,779
776,736,700,768,662,657,691,779
776,736,701,768,662,657,691,779
776,736,701,768,662,657,691,779
776,735,701,768,662,657,691,779
776,735,701,768,662,657,692,778
776,736,701,768,662,657,692,779
776,736,701,768,662,657,692,779
776,735,701,768,662,657,691,780
776,735,701,768,662,657,691,779
776,736,701,768,662,657,692,779
776,736,700,768,662,657,691,778
776,735,701,768,662,657,691,778
776,735,701,768,662,657,692,778
776,735,701,768,662,657,692,779
776,735,701,768,662,657,691,780
776,735,701,768,662,657,692,779
776,735,701,768,662,657,692,779
776,735,701,768,662,657,691,780
776,735,701,768,662,657,691,780
776,735,701,768,662,657,691,781
776,735,701,768,662,657,691,780
776,735,701,768,662,657,691,780
776,735,701,768,662,657,692,780
776,735,700,768,662,657,692,779
776,735,701,768,662,657,691,780
776,735,700,768,662,657,692,779
776,735,701,768,662,656,691,781
776,735,701,768,662,657,692,779
776,735,700,768,662,657,692,778
776,735,700,768,662,657,692,778
776,735,701,768,662,657,692,778
776,736,701,769,662,657,692,777
776,741,703,771,661,655,699,776
776,754,707,775,658,652,711,775
775,754,707,775,658,652,710,775
775,754,707,775,658,652,709,776
776,754,707,775,658,652,709,776
775,754,707,775,658,652,708,776
775,754,708,775,658,652,708,776
775,754,708,775,658,652,708,777
775,754,708,775,657,652,708,779
776,751,706,775,658,653,711,776
776,750,705,774,658,653,711,775
776,750,705,774,658,653,711,775
776,749,704,774,658,653,711,775
776,748,704,774,658,653,711,775
776,748,704,774,658,653,711,775
776,748,704,774,658,653,710,775
776,748,704,774,658,654,710,775
776,748,703,774,658,654,711,773
776,747,703,774,658,653,711,774
776,747,703,774,658,654,710,774
776,747,703,774,658,654,711,774
776,747,703,774,658,653,710,774
776,747,703,773,658,653,710,774
776,747,703,773,658,653,710,774
776,747,703,773,658,653,710,774
776,747,703,774,658,653,710,774
776,746,703,774,658,654,710,774
776,746,703,773,658,654,710,773
776,746,703,773,658,654,710,774
776,746,703,773,658,654,710,773
776,746,703,773,658,653,710,773
776,746,703,773,658,653,710,773
776,746,703,773,658,654,710,773
776,746,703,773,658,653,710,773
776,746,703,773,658,653,710,773
776,746,703,773,658,653,710,773
776,746,703,773,658,654,710,773
776,746,703,773,658,654,710,773
776,746,703,773,658,654,710,773
776,745,703,773,657,653,710,773
776,746,703,773,658,654,710,773
776,745,703,773,658,654,710,772
776,745,703,773,658,653,710,772
776,745,703,773,658,654,710,772
776,745,703,773,658,653,710,773
776,745,703,773,658,654,710,772
776,745,702,773,658,654,710,773
776,745,703,773,658,653,710,773
776,745,702,773,658,654,710,773
776,745,702,773,658,654,710,773
776,745,702,773,658,653,710,773
776,745,702,773,658,654,710,773
776,745,702,773,658,654,710,773
776,745,702,773,658,654,710,772
776,745,702,772,658,654,710,772
776,745,702,773,658,653,710,772
776,745,702,773,658,654,710,773
776,745,702,773,658,653,710,773
776,745,702,773,658,653,710,773
776,745,702,773,658,653,710,773
776,745,702,773,658,653,710,773
776,745,702,773,658,653,710,773
776,745,702,773,658,653,710,773
776,745,702,773,658,653,710,773
776,744,702,773,658,653,710,773
776,744,702,773,658,653,710,773
776,744,702,773,658,653,710,773
776,744,702,773,658,653,710,773
776,744,702,773,658,653,710,774
776,744,702,773,658,653,710,773
776,744,702,773,658,653,709,774
776,744,702,773,658,653,710,774
776,744,702,773,658,653,710,773
776,744,702,773,658,653,710,774
776,744,702,772,658,653,710,774
776,745,702,773,658,653,710,773
776,744,702,773,658,653,710,774
776,744,702,773,658,653,710,774
776,744,702,773,658,653,710,774
775,744,702,773,658,653,710,774
776,744,702,773,658,653,709,774
776,744,702,773,658,653,710,773
776,744,702,773,658,653,710,774
776,744,702,773,658,653,710,773
776,743,702,773,658,653,710,774
776,744,702,773,658,653,710,774
776,744,702,773,658,653,710,774
776,744,702,773,658,653,710,774
776,744,702,773,658,653,710,773
776,744,702,773,658,653,710,773
776,744,702,773,658,653,709,774
776,746,703,773,658,652,707,774
776,752,708,775,657,651,704,776
775,747,707,774,659,653,698,777
776,743,706,773,660,655,694,778
776,741,705,772,661,656,693,777
776,740,704,772,661,656,692,778
776,740,704,771,662,656,692,777
776,739,704,771,662,657,692,778
776,739,704,771,662,657,692,779
776,739,704,771,662,657,692,778
776,739,704,771,662,657,692,779
776,739,703,771,662,657,692,778
776,739,703,771,662,657,692,778
776,738,703,771,662,657,692,778
776,739,703,771,662,657,692,778
776,739,703,771,662,657,692,778
776,739,703,771,662,657,692,777
776,739,703,771,662,657,692,777
775,739,703,771,662,657,692,777
776,738,704,771,662,657,692,777
776,738,703,771,662,657,692,777
776,738,703,771,662,657,692,777
776,738,703,771,662,657,692,778
776,738,703,771,662,657,692,777
776,738,703,771,662,657,692,777
776,738,703,771,662,657,692,777
776,738,703,771,662,657,692,777
776,738,703,771,662,657,692,778
775,738,703,771,662,657,692,778
776,738,703,771,662,657,692,778
776,738,703,771,662,657,692,778
776,738,703,771,662,657,692,778
776,738,703,771,662,657,692,778
776,738,703,771,662,657,692,778
776,738,703,770,662,657,692,778
776,738,703,771,662,657,692,778
776,738,703,771,662,657,692,778
776,738,703,771,662,657,692,777
776,738,703,771,662,657,692,778
776,738,703,771,662,657,692,778
776,738,703,770,662,657,692,778
776,738,703,771,662,657,692,777
776,738,703,771,662,657,692,777
776,738,703,771,662,657,692,777
776,738,703,770,662,657,692,777
776,738,703,771,662,657,692,778
776,738,703,770,662,657,692,777
776,738,703,771,662,657,692,778
775,738,703,771,663,657,692,777
776,738,703,771,662,657,692,776
776,738,703,771,663,657,693,776
776,738,703,771,663,657,692,776
776,738,703,771,662,657,692,776
776,738,703,771,662,657,692,776
776,738,703,771,662,657,692,777
776,738,703,771,662,657,692,776
776,738,703,771,663,657,692,777
776,738,703,771,662,657,692,777
775,739,703,771,662,657,693,776
776,742,704,772,661,656,697,776
775,756,709,776,658,652,712,774
775,756,709,776,658,652,711,774
775,756,709,776,658,652,710,774
775,756,709,777,658,652,710,776
775,756,709,776,658,652,709,776
775,756,709,777,658,652,709,776
775,756,709,776,657,652,709,776
777,755,708,777,657,652,711,801
776,759,713,781,658,653,711,776
776,756,711,780,658,653,711,775
776,756,711,779,658,653,711,775
776,755,711,779,658,653,711,775
776,755,710,779,658,653,711,776
776,756,711,780,658,653,711,775
776,755,710,779,658,653,711,776
776,754,710,779,658,653,711,775
776,754,710,779,658,653,711,776
776,755,711,780,658,653,711,775
776,755,711,780,658,653,711,775
776,755,711,780,657,653,711,775
776,755,711,780,658,653,711,776
776,755,711,780,658,653,711,776
776,754,711,779,658,653,711,776
776,752,709,778,657,653,711,777
776,751,708,777,657,653,711,778
776,751,707,777,657,653,711,777
776,750,706,776,657,653,711,777
776,750,706,776,657,653,711,776
776,750,706,776,657,653,711,776
776,749,706,776,657,653,711,777
776,749,706,776,658,653,710,776
776,749,706,776,658,653,711,776
776,749,705,776,657,653,711,776
776,749,705,775,657,653,711,777
776,749,705,775,657,653,711,777
776,749,705,775,657,653,711,776
776,748,705,775,657,653,710,777
776,748,705,775,657,653,710,778
776,748,705,775,657,653,710,778
776,748,705,775,657,653,711,777
776,748,705,775,657,653,710,778
776,748,705,775,657,653,710,778
776,748,705,775,657,653,710,778
776,748,705,775,657,653,710,778
776,747,705,775,657,653,710,777
776,748,705,775,657,653,710,777
776,747,705,775,657,653,710,777
776,747,705,775,657,653,710,777
776,747,705,775,657,653,710,777
776,747,704,775,657,653,710,777
776,747,705,775,657,653,710,777
776,747,704,775,657,653,710,777
776,747,704,775,657,653,710,777
776,747,704,775,657,653,710,777
776,747,704,774,657,653,710,778
776,747,704,775,657,653,710,777
776,747,704,775,657,653,710,778
776,747,704,775,657,653,710,778
776,747,704,775,657,653,710,778
775,747,704,774,657,653,710,777
776,747,704,775,657,653,710,776
776,747,704,774,657,653,710,777
776,747,704,775,657,653,710,777
776,747,704,775,657,653,710,776
776,746,704,774,657,653,710,775
776,747,704,774,657,653,710,776
776,747,704,774,657,653,710,775
776,747,704,774,657,653,710,776
776,747,704,774,657,653,710,775
775,747,703,774,658,653,710,774
776,746,704,774,657,653,710,775
776,747,704,774,657,653,710,775
776,746,704,774,658,653,710,774
776,746,704,774,657,653,710,775
776,746,704,774,657,653,710,775
776,746,704,774,657,653,710,775
776,746,704,774,657,653,710,776
776,746,704,774,657,653,710,775
776,746,704,774,657,653,710,775
775,746,704,774,657,653,710,775
776,746,704,774,657,653,710,776
776,746,704,774,657,653,710,776
776,746,704,774,657,653,710,776
776,746,704,774,657,653,710,776
776,745,704,774,657,653,710,776
776,746,704,774,657,653,710,776
776,746,704,774,657,653,710,777
776,746,704,774,657,653,710,777
776,746,704,774,657,653,710,778
775,746,703,774,657,653,710,778
776,747,704,774,657,652,708,778
776,751,706,774,657,651,706,780
775,746,705,773,658,652,700,781
775,741,703,771,659,654,695,783
775,739,702,770,660,655,693,782
775,737,701,769,661,656,693,781
776,737,701,769,661,656,692,783
775,736,701,769,662,656,693,781
776,736,701,769,662,656,693,781
775,736,700,769,662,656,693,781
776,736,700,769,661,656,693,781
775,736,700,768,662,656,693,781
775,736,700,768,662,656,693,782
775,736,700,768,662,656,692,785
775,735,700,769,662,656,692,783
775,735,700,768,662,656,692,784
775,735,700,768,662,656,692,784
775,735,700,768,662,656,692,784
776,735,700,768,662,657,693,782
775,735,700,768,662,656,692,782
775,735,700,768,662,656,692,782
775,735,700,768,662,656,693,783
775,735,700,768,662,656,692,783
775,735,700,768,662,656,692,783
775,735,700,768,662,656,693,782
775,735,700,769,662,656,692,783
775,735,700,768,662,657,692,782
775,735,700,768,662,657,693,780
775,735,700,768,662,657,693,780
775,735,700,768,662,657,693,779
775,735,700,768,662,657,693,780
775,735,700,768,662,657,693,780
775,735,700,768,662,657,693,781
775,735,700,768,662,657,693,780
775,735,700,768,662,657,693,781
775,735,700,768,662,657,692,782
775,735,700,768,662,657,692,783
775,735,700,768,662,656,692,784
775,735,700,768,662,656,692,785
775,735,700,768,662,657,692,783
775,735,700,768,662,656,692,784
775,735,700,768,662,657,693,781
775,735,700,768,662,657,693,779
775,735,700,768,662,657,693,780
775,735,700,768,662,657,693,781
775,735,700,768,662,657,693,781
775,735,700,768,662,657,693,781
775,735,700,768,662,657,693,780
775,735,700,768,662,657,693,781
775,735,700,768,662,657,693,780
775,735,700,768,662,657,693,780
775,735,700,768,662,657,693,780
775,735,700,768,662,657,693,781
775,735,700,768,662,657,693,781
775,735,700,768,662,657,693,782
775,735,700,768,662,656,692,783
775,735,700,768,662,657,692,784
775,735,700,768,662,657,693,783
775,735,700,768,662,657,693,780
775,739,701,770,661,656,697,779
775,755,707,775,658,652,713,777
775,754,706,774,658,652,712,777
775,755,707,775,658,652,711,775
775,754,707,775,658,652,711,775
775,754,707,775,658,652,710,774
775,753,707,774,658,652,710,773
775,753,706,774,658,652,710,775
776,757,710,779,657,652,712,782
776,756,710,778,657,652,712,782
775,755,710,779,657,653,712,780
776,755,709,778,657,653,712,776
776,755,710,779,658,653,712,776
776,755,710,779,658,653,712,776
776,755,710,779,658,653,712,776
776,754,710,779,658,653,712,776
776,754,710,779,657,653,712,777
776,754,710,779,657,653,712,778
776,754,710,779,657,653,711,780
776,754,710,779,657,653,711,779
776,754,710,779,657,653,711,779
775,754,710,779,657,653,711,780
776,753,710,779,657,653,711,779
776,753,710,779,657,653,711,779
776,753,709,779,657,653,711,779
776,753,709,778,657,653,711,779
776,752,708,777,657,653,711,781
776,751,707,777,657,653,711,780
776,751,707,777,657,653,711,780
776,750,707,776,657,653,711,780
776,750,707,776,657,653,711,779
775,750,706,776,657,653,711,778
776,750,706,776,657,653,711,778
776,750,706,776,657,653,711,779
775,749,706,776,657,653,711,780
776,749,706,776,657,653,711,779
776,749,705,775,657,653,711,779
775,748,705,775,657,653,711,780
776,748,705,775,657,653,711,780
776,748,704,775,657,653,711,779
776,748,704,775,657,653,711,778
775,748,704,774,657,653,711,778
776,747,704,774,657,653,711,779
775,747,704,774,657,653,711,779
775,747,704,774,657,653,711,779
775,747,703,774,657,653,711,780
775,746,703,774,657,653,711,779
775,747,703,774,657,652,711,779
776,747,703,774,657,653,711,779
776,746,703,774,657,653,711,779
776,746,703,774,657,653,711,779
775,746,703,774,657,653,711,778
775,746,703,774,657,653,710,778
775,746,703,774,657,653,711,779
775,746,703,774,657,653,711,778
775,746,703,774,657,653,711,778
775,746,703,773,657,653,711,778
775,746,703,774,657,653,711,778
775,746,703,774,657,653,711,779
775,746,703,773,657,653,711,778
775,746,703,774,657,653,711,778
775,746,703,773,657,653,711,778
775,746,703,773,657,653,710,779
775,746,703,773,657,653,711,779
775,745,703,773,657,653,711,779
775,746,703,773,657,653,711,778
775,745,703,773,657,653,711,779
775,746,703,773,657,653,711,778
775,745,703,773,657,653,711,779
776,745,703,773,657,653,711,779
775,745,703,773,657,653,711,779
775,745,702,773,657,653,710,780
775,745,703,773,657,653,710,780
775,745,702,773,657,653,711,779
775,745,702,773,657,653,711,779
775,745,702,773,657,653,711,779
775,745,702,773,657,652,710,782
775,745,702,773,657,652,710,781
775,745,702,773,657,653,710,782
775,745,702,773,657,652,710,781
775,745,702,773,657,653,710,779
775,745,702,773,657,653,711,776
775,745,702,773,657,653,711,777
775,745,702,773,657,653,711,778
775,745,702,773,657,653,711,778
775,745,702,773,657,653,710,778
775,744,702,773,657,653,710,777
775,745,702,773,657,652,710,778
775,745,702,773,657,653,711,778
775,745,702,773,657,653,710,778
775,745,702,773,657,653,710,778
775,746,703,773,657,652,709,778
775,751,707,775,656,651,706,780
775,747,706,774,658,653,701,778
775,742,704,772,659,654,695,779
775,740,703,771,661,655,694,779
775,739,702,770,661,656,693,779
775,738,702,770,661,656,693,782
775,738,702,770,662,656,693,782
775,737,702,770,662,656,693,781
775,737,702,770,662,656,693,781
775,737,702,770,662,657,693,780
775,737,701,769,662,656,693,780
775,737,701,769,662,657,693,780
775,737,701,769,662,657,693,781
775,737,701,769,662,657,693,781
775,737,701,769,662,656,693,782
775,737,701,769,662,656,693,782
775,736,701,769,662,657,693,782
775,736,701,769,662,657,693,782
775,736,701,769,662,657,693,782
775,736,701,769,662,657,693,782
775,736,701,769,662,657,693,781
775,736,701,769,662,657,693,781
775,736,701,769,662,657,693,780
775,736,701,769,662,657,693,781
775,736,701,769,662,657,693,781
775,736,701,769,662,657,693,780
775,736,701,769,662,657,693,781
775,736,701,769,662,657,693,781
775,736,701,769,662,657,693,781
775,736,701,769,662,657,693,781
775,736,700,769,662,657,693,781
775,736,701,769,662,657,693,781
775,736,701,769,662,657,693,781
775,736,701,769,662,657,693,781
775,736,701,769,662,657,693,781
775,736,701,769,662,657,693,781
775,736,701,769,662,657,693,780
775,736,701,769,662,657,693,780
775,736,701,769,662,657,693,779
775,736,701,769,662,657,693,780
775,736,701,769,662,657,693,781
775,736,701,769,662,657,693,780
775,736,701,769,662,657,693,780
775,736,701,769,662,657,693,780
775,736,701,769,662,657,693,780
775,736,701,769,662,657,693,780
775,736,701,769,662,657,693,780
775,736,700,769,662,657,693,779
775,735,701,769,662,657,693,780
775,736,700,769,662,657,693,780
775,736,700,769,662,657,693,780
775,736,701,769,662,657,693,781
775,736,701,769,662,657,693,781
775,735,701,769,662,657,693,781
775,736,701,769,662,657,693,781
775,735,700,768,662,657,693,781
775,736,700,769,662,657,693,780
775,736,701,769,662,657,694,780
775,738,701,770,662,656,696,779
775,754,706,775,658,652,714,777
775,754,706,775,658,652,712,777
775,754,707,775,658,652,711,776
775,754,707,775,657,652,711,776
775,754,706,775,657,652,711,776
775,753,707,775,657,652,711,776
775,753,706,775,657,651,710,776
775,756,710,779,658,653,713,776
776,756,710,778,658,653,713,777
775,755,709,778,658,653,713,777
775,754,709,778,658,653,713,776
775,754,708,778,657,653,713,776
775,754,709,778,657,653,712,776
775,754,709,778,658,653,712,776
775,753,708,778,658,653,712,776
775,751,707,776,658,653,712,776
775,750,705,775,658,653,712,776
775,750,705,775,657,653,712,775
775,750,705,775,657,653,712,776
775,749,704,775,657,653,712,776
775,749,704,774,657,653,712,776
775,748,703,774,657,653,712,776
775,748,703,774,657,653,712,776
775,748,703,774,657,653,712,776
775,747,703,774,657,653,712,776
775,747,703,774,657,653,712,776
775,747,703,773,657,653,712,776
775,747,703,773,657,652,712,776
775,747,703,773,657,653,712,776
775,747,703,773,657,653,712,776
775,747,703,773,657,653,712,776
775,747,702,773,657,653,712,776
775,747,703,773,657,653,711,776
775,746,702,773,657,653,712,776
775,746,702,773,657,653,712,776
775,746,702,773,657,653,712,776
775,746,702,773,657,653,712,776
775,746,702,773,657,653,712,776
775,746,702,773,657,653,712,776
775,746,702,773,657,653,712,776
775,746,702,773,657,653,712,776
775,746,702,773,657,653,712,775
775,746,702,773,657,653,711,775
775,746,702,773,657,653,712,775
775,746,702,773,657,653,712,775
775,746,702,773,657,653,712,775
775,746,702,773,657,653,712,775
775,746,702,773,657,652,712,775
775,746,702,773,657,653,712,775
775,745,702,773,657,653,711,775
775,745,702,773,657,653,712,776
775,745,702,773,657,653,711,776
775,745,702,773,657,653,711,775
775,745,702,773,657,653,712,776
775,745,702,773,657,653,711,776
775,745,702,773,657,653,711,776
775,745,702,773,657,653,711,775
775,745,702,773,657,653,711,775
775,745,702,773,657,653,711,775
775,745,702,773,657,653,711,775
775,745,702,773,657,653,711,775
775,745,702,773,657,653,711,775
775,745,701,773,657,653,711,775
775,745,702,773,657,653,711,775
775,745,702,773,657,653,711,775
775,745,702,773,657,653,711,775
775,745,702,773,657,653,711,775
775,745,702,772,657,653,711,774
775,745,702,773,657,653,711,775
775,745,702,773,657,653,711,775
775,745,701,773,657,653,711,775
775,745,701,772,657,653,711,775
775,745,702,773,657,653,711,775
775,745,702,772,657,653,711,775
775,745,701,773,657,653,711,775
775,745,702,773,657,653,711,775
775,745,701,773,657,653,711,775
775,745,701,773,657,653,711,775
775,745,701,773,657,653,711,775
775,745,701,773,657,653,711,775
775,745,701,772,657,653,711,775
775,744,701,772,657,653,711,775
775,744,701,772,657,653,711,775
775,744,701,773,657,653,711,775
775,744,701,773,657,653,711,774
775,744,701,773,657,653,711,774
775,744,701,772,657,653,711,775
775,744,701,772,657,653,711,775
775,744,701,772,657,653,711,774
775,744,701,772,657,653,711,774
775,746,702,772,657,652,709,775
775,751,706,774,657,651,707,775
775,745,705,773,658,653,700,777
775,741,703,771,660,654,696,778
775,738,702,770,661,655,694,778
775,737,701,769,661,656,694,779
775,737,701,769,661,656,694,780
775,736,701,769,662,656,694,780
775,736,701,769,662,657,694,781
775,736,700,769,662,657,694,780
775,736,700,769,662,656,694,781
775,736,700,769,662,657,694,780
775,736,700,769,662,657,694,780
775,736,700,769,662,657,694,780
775,735,700,769,662,657,694,780
775,735,700,769,662,657,694,782
775,735,700,769,662,657,694,782
775,735,700,768,662,657,694,780
775,735,700,769,662,657,694,781
775,735,700,769,662,657,694,782
775,735,700,768,662,657,694,782
775,735,700,769,662,657,694,782
775,735,700,769,662,657,694,782
775,735,700,768,662,657,694,782
775,735,700,768,662,657,694,782
775,735,700,769,662,657,694,782
775,735,700,768,662,657,694,782
775,735,700,768,662,657,694,782
775,735,700,768,662,657,694,782
775,735,700,768,662,657,694,782
775,735,700,768,662,657,694,782
775,735,700,768,662,657,694,782
775,735,700,768,662,657,694,782
775,735,700,768,662,657,694,782
775,735,700,768,662,657,694,782
775,735,700,768,662,657,694,781
775,735,700,768,662,657,694,781
775,735,700,768,662,657,694,781
775,735,700,768,662,657,694,780
775,735,700,768,662,657,694,781
775,735,700,768,662,657,694,781
775,735,700,768,662,657,694,780
775,735,700,768,662,657,694,781
775,735,700,768,662,657,694,781
775,735,700,768,662,657,694,781
775,735,700,768,662,657,694,781
775,735,700,768,662,657,694,781
775,734,700,768,662,657,694,781
775,735,700,768,662,657,694,781
775,735,700,768,662,657,694,781
775,735,700,768,662,657,694,781
775,734,700,768,662,657,694,780
775,735,699,768,662,657,694,781
775,734,700,768,662,657,694,780
775,734,700,768,662,657,694,780
775,734,700,768,662,657,694,780
775,734,700,768,662,657,694,782
775,734,700,768,662,657,694,782
775,735,700,768,662,656,694,781
775,737,701,769,662,656,697,781
775,754,706,774,658,652,715,779
774,754,706,774,657,651,713,779
774,754,706,774,657,651,712,778
774,754,706,774,657,651,712,778
774,754,706,774,657,651,712,777
774,753,706,774,657,652,712,774
776,753,705,775,658,652,713,779
775,755,708,777,658,653,713,776
775,754,708,777,658,653,713,776
775,753,707,777,657,653,713,777
775,753,707,776,658,653,713,776
775,752,707,776,657,653,713,776
775,752,706,776,657,653,713,776
775,751,706,776,657,653,713,776
775,750,704,775,657,653,713,776
775,749,704,774,657,653,713,775
775,749,703,774,658,653,713,775
775,748,703,773,657,653,713,775
775,748,703,774,657,653,713,774
775,748,703,774,657,653,713,775
775,748,703,773,657,653,713,775
775,747,703,773,657,653,713,775
775,747,702,773,657,653,713,775
775,747,702,773,657,653,713,775
775,747,702,773,657,653,713,776
775,747,702,773,657,653,713,775
775,747,702,773,657,653,713,776
775,746,702,773,657,653,713,776
775,747,702,773,657,653,713,775
775,747,702,773,657,653,712,775
775,746,702,773,657,653,712,776
775,746,702,773,657,653,712,776
775,746,701,773,657,653,712,775
775,746,702,773,657,653,712,775
775,746,702,773,657,653,712,775
775,746,702,773,657,653,712,776
775,746,702,773,657,653,712,776
775,746,702,773,657,653,712,776
775,746,702,773,657,652,712,775
775,746,702,773,657,653,712,776
775,746,702,773,657,653,712,776
775,746,702,773,657,653,712,776
775,746,702,773,657,653,712,775
775,746,702,773,657,653,712,776
775,746,702,773,657,653,712,776
775,746,702,773,657,653,712,776
775,746,701,773,657,653,712,776
775,745,701,772,657,653,712,776
775,745,701,773,657,652,712,776
775,745,701,773,657,653,712,776
775,745,701,772,657,653,712,776
775,745,701,773,657,653,712,776
775,745,701,772,657,653,712,776
775,745,701,772,657,653,711,776
775,745,701,772,657,653,712,776
775,745,701,772,657,653,712,776
775,745,701,773,657,653,712,776
775,745,701,772,657,653,712,777
775,745,701,772,657,653,712,776
775,745,701,772,657,653,712,777
775,745,701,772,657,653,712,775
775,745,701,772,657,653,712,775
775,745,701,772,657,653,712,775
775,745,701,772,657,653,712,775
775,745,701,772,657,653,712,775
775,745,701,772,657,653,712,775
775,745,701,772,657,653,712,775
775,744,701,773,657,653,712,775
775,745,701,772,657,652,712,775
775,745,701,772,657,653,712,775
775,745,701,772,657,653,712,775
775,745,701,772,657,653,712,775
774,745,701,772,657,653,712,775
775,745,701,772,657,653,712,775
775,745,701,772,657,653,712,775
775,745,701,772,657,653,712,775
775,745,701,772,657,653,712,776
775,745,701,772,657,653,712,776
775,745,701,772,657,653,712,775
775,745,701,772,657,653,712,776
775,744,701,772,657,653,712,776
775,744,701,772,657,653,712,775
774,744,701,772,657,653,712,775
775,744,701,772,657,653,712,775
775,744,701,772,657,653,712,775
775,744,701,772,657,653,712,776
775,744,701,772,657,653,712,776
775,744,701,772,657,653,712,776
775,744,701,772,657,652,712,776
775,744,701,772,657,653,711,776
775,746,702,772,657,652,710,777
775,751,706,774,657,651,707,777
775,745,704,773,658,653,700,778
775,740,702,771,660,654,696,781
775,738,701,770,661,655,695,781
775,737,701,769,661,656,694,781
775,736,700,769,662,656,694,780
775,736,700,769,662,656,694,781
775,736,700,768,662,656,694,781
775,735,700,769,662,657,694,781
775,735,700,768,662,657,694,781
775,735,700,768,662,657,694,781
774,735,699,768,662,657,694,781
775,735,699,768,662,657,694,780
775,734,699,768,662,657,694,781
775,734,699,768,662,657,694,781
775,734,699,768,662,657,694,781
775,734,699,768,662,657,694,780
775,734,699,768,662,656,694,781
775,734,699,768,662,657,694,780
775,734,699,768,662,657,694,781
775,734,699,768,662,657,694,781
775,734,699,768,662,657,694,780
775,734,699,768,662,657,694,781
775,734,699,768,662,657,694,781
775,734,699,768,662,657,694,782
775,734,699,768,662,657,694,781
775,734,699,768,662,657,694,782
775,734,699,768,662,657,694,782
775,734,699,768,662,657,694,781
775,734,699,768,662,657,694,781
775,734,699,768,662,657,694,782
775,734,699,768,662,657,694,782
775,734,699,768,662,657,694,782
775,734,699,768,662,657,694,781
775,734,699,768,662,657,694,782
775,734,699,768,662,657,694,782
775,734,699,768,662,657,694,782
775,734,699,768,662,656,694,781
775,734,699,768,662,657,694,782
775,734,699,768,662,657,694,781
775,734,699,768,662,657,694,782
775,734,699,768,662,657,694,782
775,734,699,768,662,657,694,782
775,734,699,768,662,657,694,782
775,734,699,768,662,657,694,782
775,734,699,768,662,657,694,782
775,733,699,768,662,657,694,782
775,734,699,767,662,657,694,781
775,734,699,768,662,657,694,783
775,734,699,768,662,657,694,781
775,734,699,768,662,657,694,781
774,734,699,768,662,657,694,781
775,734,699,768,662,657,694,781
775,733,699,768,662,657,694,781
775,734,699,768,662,657,694,781
775,733,699,768,662,657,694,780
775,733,699,768,663,657,695,780
775,734,699,768,662,656,695,780
774,737,700,769,661,656,699,780
774,754,705,774,658,652,715,778
774,754,705,774,657,652,713,778
774,754,705,774,657,651,713,778
774,753,705,774,657,651,712,777
774,753,705,774,657,651,712,777
774,753,705,774,657,651,712,778
775,754,706,776,658,653,714,778
775,753,706,776,657,653,714,777
775,752,706,775,657,653,714,778
775,752,705,775,657,653,714,778
775,751,705,775,657,653,713,779
775,751,705,775,657,653,713,779
775,750,704,774,657,653,713,780
775,749,704,774,657,653,713,779
775,749,703,773,657,653,713,780
775,748,703,773,657,653,713,780
775,748,702,773,657,652,713,780
775,748,702,773,657,653,713,781
775,747,702,773,657,652,713,781
775,748,702,773,657,653,713,781
775,747,702,773,657,653,713,780
775,747,702,773,657,652,713,781
775,747,702,773,657,653,713,780
775,747,701,773,657,653,713,778
775,747,702,773,657,653,713,777
775,747,702,773,657,653,713,778
775,747,702,773,657,653,713,779
775,747,702,773,657,652,713,780
775,746,702,772,657,652,712,780
775,746,702,773,657,653,712,780
775,746,701,773,657,653,712,780
775,746,702,773,657,653,712,780
775,746,701,773,657,652,712,780
775,746,701,773,657,652,712,781
775,746,702,773,657,652,712,783
775,746,701,773,657,652,712,781
775,746,701,773,657,652,712,780
775,746,701,772,657,652,712,780
775,745,701,772,657,652,712,782
775,746,701,773,657,652,712,782
775,746,701,772,657,652,712,781
775,746,701,772,657,652,712,781
775,746,701,772,656,652,712,784
775,746,701,772,657,652,712,783
775,746,701,772,657,653,712,779
775,745,701,772,657,653,712,779
775,745,701,772,657,653,712,779
775,745,701,772,657,652,712,780
775,745,701,772,657,652,712,782
775,745,701,772,657,652,712,781
775,745,701,772,657,652,712,781
775,745,701,772,657,652,712,781
775,745,701,772,657,652,712,780
775,745,701,772,657,652,712,781
775,745,701,772,657,652,712,781
775,745,701,772,657,652,712,781
775,745,701,772,657,652,712,781
775,745,701,772,657,652,712,781
775,744,701,772,657,652,712,779
775,745,701,772,657,653,712,778
775,745,701,772,657,653,712,779
775,745,701,772,657,653,712,778
775,745,701,772,657,653,712,779
775,745,701,772,657,653,712,779
775,745,701,772,657,652,712,779
775,745,701,772,657,653,712,778
775,745,701,772,657,653,712,778
775,745,701,772,657,653,712,778
775,744,701,772,657,653,712,779
775,745,701,772,657,652,712,780
775,745,701,772,657,653,712,779
775,745,701,772,657,652,712,780
775,745,701,772,657,652,712,780
774,745,701,772,657,652,712,779
775,744,701,772,657,652,711,779
775,745,701,772,657,652,712,778
775,744,701,772,657,653,712,778
775,744,701,772,657,653,712,778
775,744,701,772,657,653,712,778
775,745,701,772,657,652,712,778
775,744,701,772,657,653,712,778
775,744,701,772,657,653,712,778
775,744,701,772,657,653,712,778
774,744,701,772,657,652,712,778
775,744,701,772,656,653,712,778
775,744,701,772,657,652,712,779
775,744,701,772,657,653,712,778
775,744,701,772,657,653,712,778
775,744,701,772,657,653,712,777
775,744,701,772,657,652,712,777
775,745,701,772,657,652,711,778
775,749,704,773,656,651,708,779
775,747,705,773,658,652,704,778
774,741,703,771,659,654,698,778
775,738,701,770,660,655,695,779
775,737,701,769,661,656,695,780
775,736,700,769,662,656,695,780
775,735,700,769,662,656,695,780
775,735,700,768,662,656,695,781
775,735,699,768,662,656,695,781
775,735,699,768,662,656,695,781
775,734,699,768,662,657,695,780
775,734,699,768,662,657,695,781
774,734,699,768,662,656,695,782
775,734,699,768,662,657,695,781
774,734,699,768,662,656,695,782
775,734,699,768,662,657,695,780
774,734,699,768,662,657,695,780
775,734,699,768,662,657,695,780
774,734,699,768,662,656,695,780
774,734,699,767,662,657,695,780
774,734,698,767,662,657,695,781
775,734,698,768,662,657,695,781
774,734,698,768,662,657,695,780
774,733,698,767,662,657,695,780
774,733,698,767,662,657,695,780
774,733,698,767,662,657,695,780
774,733,698,767,662,657,695,780
775,733,698,767,662,657,695,780
774,733,698,767,662,657,695,779
775,733,698,767,662,657,695,780
774,733,698,767,662,657,695,780
774,733,698,767,662,657,695,780
774,733,698,767,662,657,695,780
775,733,698,767,662,657,695,780
774,733,698,767,662,657,695,780
774,733,698,767,662,657,695,779
774,733,698,767,662,657,695,780
775,733,698,767,662,657,695,780
774,733,698,767,662,656,695,779
774,733,698,767,662,657,695,779
774,733,698,767,662,657,695,780
774,733,698,767,662,657,695,780
774,733,698,767,662,657,695,780
775,733,698,767,662,657,695,780
774,733,698,767,663,657,695,780
774,733,698,767,662,657,695,780
774,733,698,767,662,657,695,780
774,733,698,767,662,657,695,781
774,733,698,767,662,657,695,780
774,733,698,767,662,657,695,781
774,733,698,767,662,657,695,781
774,733,698,767,662,657,695,781
775,733,698,767,662,657,695,782
774,733,698,767,662,657,695,782
774,733,698,767,662,657,694,782
774,733,698,767,662,657,695,782
774,733,698,767,662,657,695,781
774,733,698,767,663,657,695,781
774,735,699,768,663,656,697,781
774,751,704,773,659,652,716,778
774,753,704,773,657,651,714,779
774,753,705,773,657,651,713,779
774,753,705,773,657,651,713,779
774,753,704,773,657,651,712,779
774,752,704,773,657,651,712,778
774,752,704,773,657,651,712,779
775,751,703,773,657,652,714,781
775,750,703,773,657,653,714,780
775,749,702,772,657,652,714,780
775,749,702,773,657,652,714,780
775,748,702,773,657,653,714,780
775,748,702,773,657,653,713,780
775,748,702,773,657,653,714,779
775,748,702,773,657,653,713,778
775,747,702,773,657,653,713,779
775,747,702,773,657,653,713,778
775,747,702,773,657,653,713,778
775,747,701,773,657,653,713,778
775,746,701,773,657,653,713,778
775,747,701,772,657,653,713,777
775,747,701,772,657,653,713,778
775,746,701,772,657,653,713,779
775,746,701,772,657,653,713,779
774,746,701,772,657,653,713,780
775,746,701,772,657,652,712,779
775,746,701,772,657,653,713,780
775,746,701,772,657,652,713,780
775,746,701,772,657,652,713,780
775,746,701,772,657,652,713,781
775,746,701,772,657,652,713,781
775,746,701,772,657,652,713,780
775,746,701,772,657,652,713,781
775,746,701,772,657,652,712,780
775,746,701,772,657,653,713,780
775,746,701,772,657,653,712,779
775,746,701,772,657,653,713,778
775,745,701,772,657,653,713,778
775,745,701,772,657,653,713,779
775,745,701,772,657,653,713,779
775,745,701,772,657,653,713,778
775,745,701,772,657,652,712,779
775,745,701,772,657,652,713,780
775,745,701,772,657,652,712,780
774,745,701,772,657,652,712,779
775,745,701,772,657,652,712,779
775,745,701,772,657,653,712,779
775,745,701,772,657,652,712,780
775,745,701,772,657,652,712,780
775,745,701,772,657,653,712,779
775,745,701,772,657,652,712,779
775,745,701,772,657,652,712,779
775,745,701,772,657,653,712,779
775,745,701,772,657,653,712,779
774,745,701,772,657,652,712,779
775,745,701,772,657,652,712,779
775,745,700,772,657,653,712,779
775,745,701,772,657,652,712,779
775,745,700,772,657,653,712,779
775,744,700,772,657,653,712,779
775,745,700,772,657,652,712,780
775,745,700,772,657,652,712,779
775,745,700,772,657,652,712,780
775,744,700,772,657,652,712,779
774,744,701,772,657,652,712,779
775,744,700,772,657,652,712,780
775,744,700,772,657,652,712,780
775,745,700,772,657,652,712,779
775,744,700,772,657,652,712,779
775,744,700,772,657,652,712,779
775,744,700,772,657,652,712,779
775,744,700,772,657,652,712,779
775,744,700,772,657,652,712,779
775,744,700,772,657,652,712,779
774,744,700,772,657,652,712,779
775,744,700,772,657,652,712,779
775,744,700,772,657,653,712,779
775,744,700,772,657,652,712,779
775,744,700,772,657,652,712,779
775,744,700,772,657,652,712,779
775,744,700,771,657,652,712,779
775,744,700,772,657,653,712,779
775,744,700,772,657,652,712,779
775,744,700,772,657,652,712,779
774,744,700,772,657,652,712,780
775,744,700,772,656,652,712,779
775,744,700,772,657,652,712,780
775,744,700,772,657,652,712,779
775,744,700,772,657,652,712,779
775,744,700,772,657,652,712,780
775,745,701,771,656,651,711,780
775,751,705,774,656,651,709,780
774,744,704,772,658,652,702,781
774,739,701,770,659,654,697,782
774,736,700,769,661,655,696,783
774,735,700,768,661,656,695,783
774,735,699,768,662,656,695,782
774,734,699,768,662,656,695,782
774,734,698,768,662,656,695,782
774,733,698,767,662,656,695,781
774,733,698,767,662,657,695,782
774,733,698,767,662,657,695,781
774,733,698,767,662,657,695,781
774,733,698,767,662,657,695,782
774,733,698,767,662,657,695,781
774,733,698,767,662,657,695,780
774,733,698,767,662,657,695,780
774,733,698,767,662,657,695,780
774,733,698,767,662,657,695,780
774,733,698,767,662,657,695,781
774,733,698,767,662,657,695,780
774,733,698,767,662,657,695,780
774,733,698,767,662,657,695,781
774,733,698,767,662,657,695,781
774,733,698,767,662,657,695,781
774,733,697,767,662,657,695,781
774,733,698,767,662,657,695,781
774,733,698,767,662,657,695,782
774,733,698,767,662,657,695,781
774,733,698,767,662,657,695,781
774,732,698,766,662,657,695,781
774,732,698,767,662,657,695,780
774,732,698,767,662,657,695,781
774,732,698,767,662,657,695,781
774,732,698,767,662,657,695,781
775,732,697,767,662,657,695,781
774,732,698,767,663,657,695,781
774,732,697,767,662,657,695,781
774,732,698,767,662,657,695,782
774,732,698,767,662,657,695,782
774,732,697,767,662,657,695,783
774,732,697,767,662,657,695,782
774,732,697,767,662,657,695,783
774,732,697,767,662,657,695,783
774,732,697,767,662,657,695,782
774,732,698,767,662,657,695,783
774,732,698,767,662,657,695,784
774,732,697,767,662,657,695,783
774,732,697,767,662,657,695,784
774,732,698,767,662,657,695,784
774,732,697,766,662,657,695,784
774,732,697,767,662,657,695,783
774,732,697,767,662,657,695,785
774,732,697,767,662,657,695,784
774,732,697,767,662,657,695,783
774,732,697,767,662,657,695,783
774,732,697,767,662,657,695,783
774,732,698,767,662,657,695,783
774,733,698,767,662,656,696,782
774,735,699,768,662,656,699,782
774,753,704,773,658,652,717,779
774,754,704,773,657,651,715,779
774,754,704,773,657,651,714,780
774,753,704,773,657,651,713,780
774,753,704,773,657,651,713,781
774,753,704,773,657,651,713,778
775,752,703,773,658,652,713,778
775,751,702,773,657,653,715,778
775,750,702,773,657,653,714,778
775,749,702,773,657,653,714,779
775,749,702,773,657,653,714,779
775,749,702,773,657,652,714,779
775,748,702,772,657,653,714,779
775,748,701,772,657,652,714,779
775,748,701,772,657,652,714,781
775,748,701,772,657,653,714,779
775,748,701,772,657,653,713,779
775,747,701,772,657,652,714,779
775,747,701,772,657,653,714,779
775,747,701,772,657,652,714,780
775,747,701,772,657,652,714,781
775,747,701,772,657,652,714,779
775,747,701,772,657,653,713,780
775,747,701,772,657,652,713,780
775,747,701,772,657,652,713,780
774,747,701,772,657,652,713,780
775,747,701,772,656,652,713,781
775,746,701,772,657,652,713,780
775,746,701,772,657,652,713,781
775,746,701,772,657,652,713,781
775,746,701,772,657,652,713,781
775,746,701,772,657,652,713,781
774,746,701,772,657,652,713,781
775,746,701,772,657,652,713,781
775,746,701,772,657,652,713,780
774,746,701,772,657,652,713,780
775,746,701,772,657,652,713,780
775,746,701,772,657,652,713,780
775,746,700,772,657,652,713,780
775,746,701,772,657,652,713,779
774,746,701,772,657,652,713,779
774,746,700,772,657,652,713,779
774,746,700,772,657,653,713,779
775,746,700,772,657,653,713,776
775,746,700,772,657,653,713,775
774,745,700,772,657,653,713,776
775,745,700,772,657,653,713,775
774,745,700,772,657,653,713,776
775,745,700,772,657,653,713,776
774,745,700,772,657,653,713,776
774,745,700,772,657,653,713,776
774,745,700,771,657,653,713,776
774,745,700,772,657,653,713,774
775,745,700,772,657,653,713,774
774,745,700,772,657,653,713,774
775,745,700,772,657,653,713,774
775,745,700,772,657,653,713,774
775,745,700,772,657,653,713,774
775,745,700,772,657,653,713,774
774,745,700,772,657,653,713,774
775,745,700,772,657,653,713,774
775,745,700,771,657,653,713,774
775,745,700,772,657,653,713,774
774,745,700,772,657,653,713,774
775,745,700,772,657,653,713,774
774,745,700,772,657,653,713,773
775,745,700,772,657,653,713,773
774,745,700,772,657,653,713,773
774,745,700,772,657,653,713,774
774,745,700,772,657,653,713,773
774,745,700,772,657,653,713,773
774,745,700,771,657,653,713,773
775,745,700,772,657,653,713,773
774,745,700,772,657,653,713,773
774,745,700,772,657,653,713,773
775,744,700,772,657,653,713,773
775,744,700,772,657,653,713,773
774,744,700,772,657,653,713,773
774,744,700,772,657,653,713,773
774,745,700,772,657,653,713,773
774,744,700,772,657,653,713,773
774,744,700,771,657,653,713,773
775,744,700,772,657,653,713,773
774,744,700,772,657,653,713,773
774,744,700,771,657,653,713,773
774,744,700,772,657,653,713,773
774,744,700,772,657,653,713,773
774,744,700,772,657,653,713,773
774,744,700,772,657,653,713,774
774,744,700,772,657,653,713,773
775,744,700,772,657,653,713,773
774,744,700,771,657,653,713,773
775,744,700,772,657,653,713,773
774,744,700,772,657,653,713,773
774,744,700,772,657,653,713,773
774,744,700,772,657,653,713,773
774,744,699,772,657,653,713,773
774,744,700,772,657,653,713,773
774,744,700,772,657,653,713,773
774,744,700,771,657,653,713,773
774,744,700,772,657,653,713,773
774,743,700,771,657,653,713,773
774,744,700,772,657,653,713,773
774,744,700,771,657,653,713,773
774,744,700,772,657,653,713,773
774,744,700,772,657,653,713,773
774,744,699,772,657,653,713,773
774,744,700,772,657,653,712,773
774,744,700,772,657,653,713,773
774,744,700,772,657,653,713,773
774,744,700,772,657,653,713,773
774,744,700,771,657,653,713,773
774,744,700,772,657,653,713,772
774,744,700,772,657,653,713,772
774,744,700,771,657,653,713,772
774,744,700,771,657,653,713,771
774,744,699,771,657,653,713,771
774,744,700,772,657,653,713,771
774,744,700,771,657,653,713,771
774,744,700,771,657,653,713,771
774,744,700,771,657,653,713,771
774,743,700,771,657,653,713,771
774,744,700,772,657,653,713,771
774,744,700,772,657,653,713