2,768
774,742,699,771,657,653,712,768
774,742,699,771,657,653,712,768
774,742,698,771,657,653,712,768
774,742,699,771,657,653,711,768
774,742,699,771,657,653,712,768
774,742,699,771,657,653,712,768
774,742,699,771,657,653,712,768
774,742,699,771,657,653,712,768
774,742,699,771,657,653,712,768
774,742,699,771,657,653,712,768
774,742,699,771,657,653,712,768
774,742,699,771,657,653,712,768
774,742,699,771,657,653,712,768
774,742,699,771,657,653,712,768
774,742,699,771,657,653,712,768
774,742,699,771,657,653,712,768
774,742,699,771,657,653,712,768
774,741,699,771,657,653,712,768
774,742,699,771,657,653,712,768
774,742,699,771,657,653,712,768
774,742,699,771,657,653,712,768
774,742,699,771,657,653,712,768
773,742,699,771,657,653,712,768
774,742,699,771,657,653,711,768
774,742,699,771,657,653,712,768
774,742,699,771,657,653,712,768
774,741,699,771,657,653,712,768
774,741,699,771,657,653,712,768
774,742,699,771,657,653,712,768
774,742,699,771,657,653,712,768
774,742,699,771,657,653,712,768
774,742,699,771,657,653,712,768
774,742,699,771,657,653,712,768
774,742,699,771,657,653,711,768
774,742,699,771,657,653,712,768
774,741,699,771,657,653,712,768
774,741,699,771,657,653,711,768
774,741,699,771,657,653,712,768
774,742,699,771,657,653,712,768
774,742,699,771,657,653,712,768
774,742,699,771,657,653,712,768
774,742,699,771,657,653,712,768
773,742,699,771,657,653,711,768
774,742,699,771,657,653,711,768
774,742,699,771,657,653,712,768
774,742,699,771,657,653,712,768
774,741,699,771,657,653,712,768
774,741,699,771,657,653,711,768
774,742,699,771,657,653,711,768
774,742,699,771,657,653,712,768
774,742,699,771,657,653,711,768
774,742,699,771,657,653,712,768
774,742,699,771,657,653,712,768
774,742,699,771,657,653,711,768
774,741,699,771,657,653,712,768
774,741,699,771,657,653,711,768
774,741,699,771,657,653,712,768
774,742,699,771,657,653,711,768
774,742,699,771,657,653,711,768
774,741,699,771,657,653,711,768
774,741,699,771,657,653,712,768
774,742,699,771,657,653,712,768
773,741,699,771,657,653,712,768
774,741,699,771,657,653,712,768
774,741,699,771,657,653,712,768
774,741,699,771,657,653,712,768
774,741,699,771,657,653,712,768
774,741,699,771,657,653,712,768
774,742,699,771,657,653,712,768
774,742,699,771,657,653,711,768
774,741,699,771,657,653,711,768
774,741,699,771,657,653,712,768
774,742,699,771,657,653,711,768
774,742,699,771,657,653,711,768
774,741,699,771,657,653,711,768
774,741,699,771,657,653,711,768
774,741,699,771,657,653,711,768
774,741,699,771,657,653,711,768
774,741,699,771,657,653,712,768
774,741,699,771,657,653,711,768
774,741,699,771,657,653,711,768
774,741,699,771,657,653,712,768
773,741,699,771,657,653,711,768
774,742,699,771,657,653,711,768
774,741,699,771,657,653,712,768
774,741,699,771,657,653,711,768
774,741,699,771,657,653,711,768
774,741,699,771,657,653,711,768
774,742,699,771,657,653,711,768
774,742,699,771,657,653,711,768
774,741,699,771,657,653,711,768
774,741,699,771,657,653,711,768
774,741,699,771,657,653,712,768
774,741,699,771,657,653,712,768
774,741,699,771,657,653,712,768
774,741,699,771,657,653,712,768
774,741,699,771,657,653,711,768
774,741,699,771,657,653,711,768
774,741,699,771,657,653,711,768
774,741,699,771,657,653,711,768
774,741,699,771,657,653,711,768
774,741,699,771,657,653,712,768
773,741,699,771,657,653,711,768
774,741,699,771,656,653,711,768
774,741,699,771,657,653,712,768
774,741,699,771,657,653,711,768
774,741,699,771,657,653,711,768
774,741,699,771,657,653,711,768
774,741,699,771,657,653,711,768
774,741,699,771,657,653,711,768
774,741,699,771,657,653,711,768
774,741,699,771,657,653,711,768
774,741,699,771,657,653,711,768
774,741,699,771,657,653,711,768
774,741,699,771,657,653,711,768
774,741,699,771,657,653,711,768
774,741,699,771,657,653,711,768
774,741,699,771,657,653,711,768
774,741,699,771,657,653,711,768
774,741,699,771,657,653,711,768
774,741,699,771,657,653,711,768
774,741,699,771,657,653,711,768
774,741,699,771,657,653,711,768
774,741,699,771,657,653,711,768
774,741,699,771,657,653,711,768
774,741,699,771,657,653,711,768
774,741,703,773,656,652,710,767
774,743,711,775,659,654,712,771
774,743,710,775,657,652,710,769
774,742,708,776,655,650,708,768
774,742,707,775,655,649,707,767
774,741,707,775,655,649,707,767
773,741,707,774,655,649,707,767
774,741,707,774,655,649,707,767
774,741,707,774,655,649,707,767
774,741,707,773,655,649,707,767
774,741,707,773,655,649,707,767
774,740,707,773,655,649,707,767
774,741,706,773,655,649,707,767
774,740,706,773,655,649,707,767
774,740,706,773,655,649,707,767
774,740,706,773,655,649,707,767
774,740,706,773,655,649,707,767
774,740,706,772,655,649,707,767
774,740,706,772,656,649,707,767
774,740,706,772,656,650,707,767
774,740,706,772,655,650,708,767
774,740,706,772,655,650,708,767
774,740,706,772,656,649,707,767
774,740,706,772,655,650,707,767
774,740,706,772,656,650,707,767
774,740,706,772,656,650,707,767
773,740,706,772,655,650,707,767
774,740,706,772,655,650,707,767
774,740,706,772,656,650,708,767
774,740,706,772,656,650,707,767
774,740,706,772,656,650,708,767
774,739,706,772,656,650,707,767
774,740,706,772,656,649,708,767
774,740,706,772,656,650,708,767
774,740,705,772,656,650,708,768
774,740,705,771,656,650,708,767
774,740,705,771,656,650,708,768
774,740,706,772,656,650,707,768
774,740,706,772,656,650,708,768
774,740,706,772,656,650,708,768
774,740,706,771,656,650,708,768
774,740,705,771,656,650,708,768
774,740,705,772,656,650,708,768
774,740,705,771,656,650,708,768
774,740,705,771,656,650,708,767
774,740,705,771,656,650,708,767
773,740,705,772,656,650,708,767
774,740,705,772,656,650,708,767
774,740,705,771,656,650,708,767
774,740,706,772,656,650,708,767
774,739,706,772,656,651,708,767
774,739,706,772,656,651,708,767
774,739,705,771,656,651,708,767
774,739,705,771,656,651,708,767
774,739,706,771,656,651,708,767
774,739,705,771,656,651,708,767
774,739,705,772,656,651,708,767
774,739,706,772,656,651,708,767
774,739,706,772,657,651,709,768
774,739,708,772,658,652,710,769
774,737,716,776,667,661,718,776
773,732,735,787,683,679,732,788
773,732,735,787,683,679,732,787
773,732,736,787,682,678,732,787
773,732,735,787,682,678,731,787
775,732,733,787,684,679,733,791
774,732,731,786,683,679,733,791
775,732,730,786,683,679,733,790
774,731,730,786,683,679,733,790
774,732,730,786,683,679,733,790
774,731,729,786,683,679,733,790
774,731,729,786,683,679,733,790
774,732,729,785,683,679,733,790
774,731,729,786,683,679,733,790
774,731,728,785,683,679,733,790
774,731,728,785,683,679,733,790
774,731,728,785,683,679,733,790
774,731,728,785,683,679,733,790
774,731,727,785,683,679,733,790
774,731,728,785,683,679,733,790
774,731,727,785,683,679,733,789
774,731,727,785,683,679,733,789
774,731,727,784,683,679,733,789
774,731,727,785,683,679,733,789
774,731,727,785,683,679,733,789
774,731,727,785,683,679,733,790
774,731,726,785,683,679,733,789
774,731,726,785,682,679,733,789
774,731,726,784,683,679,732,789
774,731,726,785,683,679,733,789
774,731,726,785,683,679,733,789
774,731,726,784,683,679,732,789
774,731,726,784,682,678,733,789
774,731,726,784,682,679,732,789
774,731,726,784,682,678,732,789
774,731,726,784,682,678,732,789
774,731,726,784,682,678,732,789
774,731,726,784,682,678,732,789
774,731,726,784,682,678,732,789
774,731,726,784,682,678,732,789
774,731,725,784,682,678,732,789
774,731,725,784,682,678,732,789
774,731,725,783,682,678,732,789
774,731,725,784,682,678,732,789
774,731,725,784,682,678,732,789
774,731,725,784,682,678,732,789
774,731,725,784,682,678,732,789
774,731,725,784,682,678,732,789
774,731,725,784,682,678,732,789
774,731,725,784,682,678,732,789
774,731,725,784,682,678,732,789
774,731,725,784,682,678,732,789
774,731,725,784,682,678,732,789
774,731,725,784,682,678,732,789
774,731,725,784,682,678,732,789
774,731,725,784,682,678,732,789
774,731,725,784,682,678,732,789
774,731,724,784,682,678,732,789
774,731,725,784,682,678,732,789
774,731,725,784,682,678,732,789
774,731,725,784,682,678,732,789
774,731,725,784,682,678,732,789
774,731,725,784,682,678,732,789
774,731,725,784,682,678,732,789
774,731,725,784,682,678,732,789
774,731,725,784,682,678,732,789
774,731,725,784,682,678,732,789
774,731,724,784,682,678,732,789
774,731,725,784,682,678,732,789
774,731,724,784,682,678,732,789
774,731,724,784,682,678,732,788
774,731,724,784,682,678,732,789
774,731,724,783,682,678,732,789
774,731,724,784,682,678,732,788
774,731,724,784,682,678,732,789
774,731,724,784,682,678,732,788
774,731,724,784,682,678,732,789
774,731,731,785,679,675,729,787
774,734,727,782,672,668,723,782
774,737,715,777,664,659,716,776
774,737,711,775,661,656,713,774
774,738,709,774,660,655,712,772
774,738,708,773,659,654,711,772
774,738,708,773,659,654,711,772
773,738,707,773,659,654,711,772
774,738,707,773,660,655,712,772
773,738,707,773,660,655,712,772
774,738,706,773,660,655,712,772
774,738,707,772,660,655,712,772
774,738,707,773,660,655,712,772
774,738,706,773,660,655,712,773
774,738,706,772,660,655,712,773
774,737,706,773,660,655,712,773
774,738,706,772,660,655,712,772
773,738,706,772,660,655,712,773
774,738,706,772,660,655,712,773
774,738,706,772,661,655,712,773
773,738,706,772,660,655,712,773
774,738,706,772,660,655,712,773
774,738,706,772,661,655,712,773
773,737,706,772,660,655,712,773
774,737,706,772,660,655,712,773
773,737,706,772,661,655,712,773
773,738,706,772,661,655,712,773
773,738,706,772,661,656,712,773
773,737,706,772,661,656,712,774
773,737,706,772,661,656,712,774
774,737,705,772,660,656,712,774
774,738,706,772,661,656,713,774
773,737,706,772,661,656,713,773
773,737,706,772,661,656,712,774
773,737,706,772,661,656,713,774
773,737,706,772,661,656,712,774
774,738,706,772,661,656,713,774
773,738,706,772,661,656,713,774
773,737,706,772,661,656,713,774
773,738,706,772,661,656,713,774
773,737,705,772,661,656,713,774
774,737,706,772,661,656,712,774
773,737,706,772,661,656,713,774
773,737,706,772,661,656,713,774
773,737,706,772,661,656,713,774
773,737,706,772,661,656,713,774
773,737,706,772,661,656,713,774
773,737,706,772,661,656,713,774
773,737,706,772,661,656,713,774
773,737,706,772,661,656,713,774
773,737,705,772,661,656,713,774
773,737,706,772,661,656,713,774
773,737,706,772,661,656,713,774
773,737,706,772,661,656,713,774
773,737,706,772,661,656,713,774
773,737,706,772,661,656,713,774
773,737,706,772,661,656,713,774
773,737,706,772,661,656,713,775
773,737,707,773,662,657,713,775
773,736,715,775,667,662,718,779
773,730,736,788,685,682,734,795
773,729,737,787,685,681,733,794
773,729,737,787,684,680,733,793
773,730,737,787,684,680,733,793
773,729,737,787,684,680,733,793
774,729,734,787,685,681,734,796
774,729,733,786,685,681,734,795
774,729,732,786,685,681,734,795
774,729,732,786,685,681,734,795
774,729,731,786,685,681,734,795
774,729,731,786,685,681,734,795
774,729,731,786,685,681,734,795
774,729,731,786,684,681,734,795
774,729,731,786,684,681,734,795
774,729,730,786,684,680,734,795
774,729,730,785,684,680,734,795
774,729,730,786,684,680,734,794
774,729,730,786,684,680,734,795
774,729,730,786,684,680,734,794
774,729,730,786,684,680,734,794
774,730,730,786,684,680,734,795
774,730,730,786,684,680,734,795
774,730,730,786,684,680,734,794
774,729,729,785,684,680,734,794
774,729,729,785,684,680,734,794
774,729,729,785,684,680,734,794
774,729,729,785,684,680,734,794
774,729,729,785,684,680,733,795
774,729,729,785,684,680,733,794
774,729,729,785,684,680,733,794
774,729,728,785,684,680,733,795
774,729,729,785,684,680,733,794
774,729,728,785,684,680,734,795
774,729,728,785,684,680,733,795
774,729,728,785,684,680,733,795
774,729,728,785,684,680,733,796
774,729,728,785,684,679,733,795
774,729,728,785,683,680,733,796
774,729,728,785,683,680,733,795
774,729,728,785,684,680,733,795
774,729,728,785,683,680,733,795
774,729,728,785,684,680,733,796
774,729,728,785,683,680,733,795
774,729,728,785,683,679,733,795
774,729,728,785,683,680,733,795
774,729,728,785,683,680,733,796
774,729,728,785,683,679,733,795
774,729,728,785,683,680,733,795
774,729,728,785,683,679,733,795
774,729,728,785,683,679,733,795
774,729,727,785,683,680,733,794
774,729,727,785,683,679,733,794
774,729,727,785,683,679,733,795
774,729,727,785,683,679,733,795
774,729,727,785,683,679,733,795
774,729,727,784,683,679,733,795
774,729,727,785,683,679,733,795
774,729,727,785,683,679,733,795
774,729,727,785,683,679,733,795
774,729,727,785,683,679,733,795
774,729,727,785,683,679,733,795
774,729,727,785,683,679,733,795
774,729,727,785,683,679,733,795
774,729,727,785,683,679,733,795
774,729,727,785,683,679,733,796
774,729,727,785,683,679,733,795
774,729,727,785,683,679,733,796
774,729,727,785,683,679,733,797
774,729,727,785,683,679,733,797
774,729,727,785,683,679,733,797
774,729,726,785,683,679,733,797
774,729,727,784,683,679,733,797
774,729,727,784,683,679,733,797
774,729,727,784,683,679,733,797
774,729,727,785,683,679,733,796
774,729,727,784,683,679,733,796
774,729,727,784,683,679,733,796
774,729,727,784,683,679,733,797
774,729,727,784,683,679,733,797
774,729,727,784,683,679,733,797
773,729,726,784,683,679,733,797
774,729,727,784,683,679,732,797
774,729,726,784,683,679,732,797
774,729,726,784,683,679,733,797
774,729,726,784,683,679,733,797
774,729,726,784,683,679,733,797
774,729,726,784,683,679,732,797
774,729,726,784,683,679,732,797
774,729,728,785,682,678,732,797
774,730,735,785,680,676,729,796
773,733,720,779,669,664,720,789
774,735,713,775,664,660,715,787
774,735,710,774,662,658,714,786
773,736,708,773,662,657,714,786
773,736,707,773,662,657,713,786
773,735,707,772,662,657,714,787
773,736,706,773,662,657,714,783
773,736,706,772,663,658,714,781
773,736,706,772,663,658,714,781
773,736,706,772,663,658,714,781
773,736,706,772,663,658,714,781
774,736,706,772,663,658,714,781
773,736,706,772,662,658,714,782
773,736,705,772,663,658,714,781
773,736,705,772,663,658,714,781
773,735,705,772,663,658,714,782
773,736,705,772,662,657,714,782
773,736,705,772,662,658,714,782
773,736,705,772,663,658,714,781
773,736,705,772,663,658,714,781
773,736,705,772,662,658,714,782
773,736,705,772,663,658,714,781
773,736,705,772,663,658,714,781
773,736,705,772,663,658,714,781
773,735,705,772,663,658,714,781
773,735,705,772,663,658,714,781
773,735,705,772,663,658,714,781
773,735,705,772,663,658,714,781
773,735,705,772,663,658,714,781
773,736,705,772,663,658,714,782
773,735,704,772,663,658,714,781
773,735,705,772,662,658,714,781
773,735,705,772,663,658,714,781
773,735,705,772,663,658,714,781
773,735,705,772,663,658,714,781
773,735,705,771,663,658,714,781
773,735,705,772,663,658,714,782
773,735,705,772,663,658,714,782
773,735,705,772,663,658,714,782
773,735,705,772,663,658,714,782
773,735,705,772,662,658,714,782
773,735,705,772,663,658,714,782
773,735,705,772,663,658,714,782
773,735,705,772,663,658,714,782
773,735,705,772,662,658,714,783
773,735,705,771,663,658,714,783
773,735,705,772,662,658,714,783
773,735,705,772,662,658,714,783
773,735,705,772,663,658,714,783
773,735,704,772,663,658,714,783
773,735,704,772,662,658,714,784
773,735,705,772,662,658,714,784
773,735,704,772,662,658,714,785
773,735,704,772,662,658,714,785
773,735,704,772,662,658,714,785
773,735,705,771,662,658,714,785
773,735,705,772,663,658,714,785
773,735,708,773,664,659,716,785
773,732,722,778,677,672,726,793
773,728,737,787,687,683,735,800
773,728,737,787,686,682,734,801
773,728,738,787,685,681,734,801
773,728,738,787,685,681,734,802
773,728,738,787,684,681,733,801
774,727,734,786,686,682,735,804
774,727,733,786,686,682,735,803
774,728,733,786,686,682,735,802
774,728,732,786,686,682,735,802
774,728,732,786,686,682,735,800
774,728,732,786,685,682,735,799
774,728,731,786,685,682,735,799
774,728,731,786,686,682,735,799
774,728,731,786,685,682,735,799
774,728,731,785,685,682,735,799
774,728,731,785,685,682,735,799
774,728,731,785,685,681,735,799
774,728,730,785,685,682,735,798
774,728,730,786,685,681,734,799
774,728,730,785,685,681,734,799
774,728,730,785,685,681,734,799
774,728,730,786,685,681,734,798
774,729,731,786,685,681,734,798
774,728,730,786,685,681,734,798
774,729,730,786,685,681,734,799
774,729,730,786,685,681,734,799
774,728,730,785,685,681,734,799
774,728,730,785,685,681,734,798
774,728,730,785,685,681,734,799
774,728,730,785,685,681,734,799
774,728,730,785,685,681,734,799
774,728,729,785,685,681,734,799
774,728,729,785,685,681,734,798
774,728,729,785,685,681,734,798
774,728,729,785,685,681,734,799
774,728,729,785,685,681,734,798
774,728,729,785,685,681,734,799
774,728,729,785,685,681,734,798
774,728,729,785,684,681,734,799
774,729,729,785,685,681,734,798
774,729,729,785,685,681,734,798
774,729,729,785,685,681,734,798
774,728,729,785,685,681,734,798
774,728,729,785,684,681,734,798
774,729,729,785,684,681,734,799
774,728,729,785,684,681,734,799
774,728,729,784,684,681,734,799
774,728,729,785,684,680,734,798
774,728,728,785,684,681,734,799
774,728,728,785,684,681,734,799
774,728,728,785,684,681,734,799
774,728,728,785,684,680,734,799
774,728,728,785,684,680,733,799
774,728,728,785,684,680,734,799
774,728,728,785,684,680,734,799
774,728,728,785,684,681,734,799
774,728,728,785,684,680,734,799
774,728,728,785,684,680,734,798
774,728,728,785,684,680,734,799
774,728,728,785,684,680,734,799
774,728,728,785,684,680,734,798
774,728,728,785,684,680,733,799
774,729,728,785,684,680,733,799
774,729,728,785,684,680,733,799
774,729,728,785,684,680,733,799
774,729,728,785,684,680,734,798
774,729,728,784,684,680,733,799
774,729,728,785,684,680,733,798
774,729,728,785,684,680,733,798
774,729,728,785,684,680,733,798
774,729,728,785,684,680,733,798
774,729,728,785,684,680,733,798
774,729,728,785,684,680,733,798
774,729,728,785,684,680,733,798
774,729,728,785,684,680,733,798
774,729,728,785,684,680,733,798
774,729,728,785,684,680,733,798
774,729,728,785,684,680,733,799
774,729,728,785,684,680,733,799
774,729,728,785,684,680,733,799
774,729,728,785,684,680,733,799
774,729,727,785,684,680,733,798
774,729,728,785,684,680,733,799
774,729,728,785,684,680,733,799
774,729,728,785,684,680,733,798
774,729,728,785,684,680,733,799
774,729,728,784,684,680,733,798
774,729,728,785,684,680,733,798
774,729,728,785,684,680,733,798
774,729,728,785,684,680,733,798
774,729,728,785,684,680,733,798
773,729,734,787,682,678,731,797
774,731,729,783,675,671,725,792
773,734,717,777,667,662,718,787
773,735,711,775,664,659,715,784
773,735,709,774,663,659,715,784
773,735,708,774,663,659,715,783
773,735,707,773,663,658,715,784
773,736,707,773,663,659,715,784
773,736,706,773,663,659,715,784
773,736,706,773,663,658,715,784
773,736,706,773,663,658,715,784
773,736,706,773,663,658,714,784
773,736,706,773,663,658,715,784
773,736,706,773,663,658,715,784
773,736,706,773,663,658,715,785
773,736,706,772,663,658,715,785
773,736,706,773,663,658,715,784
773,736,706,773,663,658,715,784
773,736,706,773,663,659,715,784
773,736,706,773,663,659,715,784
773,736,705,773,663,658,715,784
773,736,706,773,663,658,715,785
773,736,706,773,663,658,715,786
773,736,706,773,663,658,715,783
773,736,706,773,663,658,714,786
773,736,706,772,663,658,714,787
773,736,706,773,663,658,715,784
773,736,706,773,663,659,715,780
773,736,706,773,663,659,715,780
773,736,706,773,663,659,715,781
773,736,706,773,663,659,715,780
773,736,706,773,664,659,715,780
773,736,706,773,663,659,715,780
773,736,706,773,663,659,715,780
773,736,706,773,664,659,715,780
773,736,706,773,663,659,715,779
773,736,706,773,664,659,715,779
773,736,706,773,663,659,715,780
773,736,706,773,663,659,715,779
773,736,706,773,664,659,715,779
773,736,706,773,664,659,715,779
773,736,706,773,664,659,715,780
773,736,706,773,664,659,715,780
773,736,706,773,663,659,715,780
773,737,706,773,663,659,715,780
773,736,706,773,663,659,715,781
773,737,706,773,663,659,715,781
773,737,706,773,663,659,715,781
773,736,706,773,663,659,715,781
773,736,706,773,663,659,715,781
773,737,706,773,663,659,715,781
773,737,706,773,663,659,715,782
773,737,706,773,663,659,715,781
773,737,706,773,663,659,715,782
773,737,706,773,663,659,715,781
773,737,706,772,663,659,715,782
773,737,706,773,663,659,715,782
773,737,706,773,663,659,715,782
773,736,707,773,664,659,715,783
773,736,712,775,667,662,718,785
773,729,739,788,688,685,736,800
773,729,740,788,687,683,735,799
773,729,740,788,686,683,735,800
773,729,740,788,686,682,734,799
773,729,740,788,685,682,734,799
773,729,740,788,685,682,734,799
774,729,736,788,687,683,736,799
774,729,736,787,687,683,735,800
774,729,735,787,687,683,735,799
774,729,735,787,686,683,735,800
774,729,734,787,686,683,735,800
774,729,734,787,686,683,735,800
774,729,734,787,686,682,735,801
774,729,734,787,686,682,735,799
774,729,733,787,686,682,735,799
774,729,733,786,686,682,735,801
774,729,733,787,686,682,735,799
774,729,733,787,686,682,735,799
774,729,733,787,686,682,735,799
773,729,733,787,686,682,735,798
774,729,733,787,686,682,735,798
774,729,732,787,686,682,735,798
774,729,732,787,686,682,735,798
774,729,732,787,686,682,735,797
774,729,732,787,686,682,735,798
774,729,732,786,686,682,735,798
774,729,732,787,686,682,735,798
774,729,732,786,686,682,735,798
774,729,732,786,686,682,735,797
774,729,732,786,686,682,735,798
774,729,731,786,686,682,735,798
774,729,731,786,686,682,735,797
774,729,731,786,686,682,735,797
774,729,731,786,686,682,735,797
774,729,731,786,686,682,735,797
774,729,731,786,685,682,735,797
774,729,731,786,685,682,735,797
774,729,731,786,685,682,735,798
774,729,731,786,685,682,735,797
774,729,731,786,685,682,734,798
774,729,731,786,685,682,734,797
774,729,731,786,685,682,734,798
774,729,731,786,685,682,734,798
774,729,731,786,685,682,734,798
774,729,731,786,685,682,734,797
774,729,731,786,685,681,734,797
774,729,730,786,685,682,734,797
774,729,730,786,685,682,734,797
774,729,730,786,685,681,734,797
774,729,730,786,685,682,734,797
774,729,730,786,685,681,734,797
774,729,730,786,685,681,734,797
774,729,730,786,685,682,734,797
774,729,730,786,685,681,734,797
774,729,730,786,685,681,734,797
774,729,730,785,685,681,734,797
774,729,730,786,685,681,734,797
774,729,730,786,685,681,734,797
774,729,730,786,685,681,734,796
774,729,730,786,685,681,734,797
774,729,730,786,685,681,734,797
774,729,730,786,685,681,734,797
774,729,730,786,685,681,734,797
774,729,730,786,685,681,734,796
774,729,730,786,685,681,734,796
774,729,730,785,685,681,734,796
774,729,730,786,685,681,734,796
774,729,730,786,685,681,734,797
774,729,730,786,685,681,734,796
774,729,730,785,685,681,734,796
774,729,729,785,685,681,734,796
774,729,730,785,685,681,733,796
774,729,730,785,685,681,734,796
774,729,729,785,685,681,734,796
774,729,729,785,685,681,734,796
774,729,729,785,685,681,734,796
774,729,729,785,685,681,734,796
774,729,729,785,685,681,734,797
774,729,729,785,685,681,734,797
774,729,729,785,685,681,734,797
773,729,729,785,685,681,734,796
774,729,729,785,685,681,734,796
774,729,729,785,685,681,734,797
774,729,729,785,685,681,734,796
774,729,729,785,685,681,734,796
774,729,729,785,685,681,734,796
774,729,729,785,685,681,734,795
774,729,729,785,685,681,734,796
774,729,730,786,684,680,733,795
773,729,738,786,683,679,732,795
773,732,722,780,672,668,722,788
773,734,714,776,667,662,717,785
773,735,710,774,665,661,716,783
773,735,708,774,665,660,716,784
773,735,707,773,665,660,716,782
773,735,707,773,665,660,716,781
773,735,706,773,665,660,716,782
773,735,706,773,665,660,716,782
773,735,706,773,665,660,716,782
773,735,706,773,665,660,716,783
773,735,706,773,665,660,716,783
773,735,706,772,665,660,716,783
773,735,705,773,665,660,716,782
773,735,705,772,665,660,716,783
773,735,705,772,665,660,716,783
773,735,705,772,665,660,716,783
773,735,705,773,665,660,716,783
773,735,705,772,665,660,716,784
773,735,705,772,665,660,716,784
773,735,705,772,665,660,716,783
773,735,705,772,665,660,716,784
773,735,705,772,665,660,715,783
773,735,705,772,665,660,716,783
773,735,705,772,665,660,716,782
773,735,705,772,665,660,716,783
773,735,705,772,665,660,716,783
773,735,705,772,665,660,716,783
773,736,705,773,665,660,716,784
773,735,705,772,665,660,716,784
773,735,705,772,665,660,716,784
773,735,705,772,664,660,715,785
773,735,705,772,665,660,715,785
773,735,705,772,664,660,716,785
773,735,705,772,665,660,716,784
773,735,705,772,665,660,716,784
773,735,705,772,665,660,716,783
773,735,705,772,665,660,716,783
773,735,705,772,665,660,716,784
773,735,705,772,665,660,716,784
773,735,705,772,665,660,716,784
773,736,705,772,664,660,716,783
773,735,705,772,665,660,715,783
773,736,705,772,665,660,716,783
773,736,705,773,665,660,716,783
773,736,705,772,665,660,716,783
773,735,705,772,665,660,716,783
773,736,705,773,665,660,716,783
773,736,705,772,665,660,716,783
773,736,705,773,665,660,716,783
773,736,705,773,665,660,716,782
773,736,705,773,665,660,716,782
773,736,705,773,665,660,716,782
773,736,706,773,665,660,716,782
773,736,705,773,665,660,716,782
773,736,705,773,665,660,716,783
773,736,706,772,665,660,716,782
773,736,706,773,665,661,716,782
773,736,709,774,667,662,717,783
773,734,720,777,676,671,725,790
773,728,740,788,689,685,737,800
773,728,741,788,688,684,736,799
773,728,741,788,687,684,736,798
773,728,740,788,687,683,735,798
773,728,740,788,687,683,735,798
774,728,738,788,688,684,736,799
774,728,737,787,688,684,736,800
774,729,736,788,688,684,736,799
774,729,736,788,687,684,736,800
774,729,736,788,688,684,736,799
773,730,736,788,687,684,736,799
774,730,735,788,687,684,736,799
774,730,735,788,687,684,736,799
774,730,735,788,687,684,736,800
774,731,735,788,687,684,736,799
774,731,736,788,687,683,736,799
774,731,735,788,687,683,736,799
774,731,735,788,687,683,736,799
774,731,735,788,687,683,735,800
774,731,735,788,687,683,735,799
774,731,735,788,687,683,735,799
774,731,735,788,687,683,735,799
774,731,735,788,687,683,735,799
774,731,735,788,687,683,735,799
774,731,734,788,687,683,735,799
774,730,734,788,687,683,735,799
774,731,734,787,687,683,735,799
774,731,734,788,687,683,735,798
774,731,734,787,687,683,735,799
774,731,734,788,686,683,735,798
773,731,734,788,687,683,735,797
774,731,734,788,686,683,735,798
774,731,734,788,687,683,735,797
774,731,734,788,687,683,735,796
774,732,734,788,687,683,735,796
774,732,734,788,687,683,735,796
774,732,734,788,687,683,735,796
774,732,734,788,686,683,735,795
774,732,734,788,686,683,735,797
774,732,734,788,686,683,735,797
774,732,734,788,686,683,735,797
773,732,733,788,686,683,735,796
774,732,734,788,686,683,735,796
774,732,734,788,686,683,735,796
774,731,734,788,686,683,735,796
774,731,734,788,686,683,735,796
774,731,733,787,686,683,735,795
774,731,734,788,686,683,735,795
774,731,733,788,686,683,735,796
774,731,733,788,686,683,735,796
774,731,733,788,686,683,735,796
774,731,733,788,686,683,735,795
774,731,733,787,686,683,735,795
774,731,733,787,686,683,735,795
774,731,733,787,686,683,735,795
774,731,733,787,686,683,735,795
774,731,733,787,686,683,735,795
774,731,733,787,686,683,735,795
774,731,733,787,686,683,735,795
774,731,733,787,686,682,735,795
774,731,733,787,686,683,735,795
774,731,732,787,686,683,735,795
774,731,733,787,686,683,735,795
774,731,733,787,686,682,735,795
774,731,733,787,686,682,735,795
774,731,733,787,686,682,735,795
774,731,733,787,686,682,735,795
774,731,732,787,686,682,735,795
773,731,732,787,686,682,735,795
773,731,733,787,686,682,735,795
774,731,733,787,686,682,735,795
774,731,733,787,686,682,735,794
774,731,732,787,686,682,735,794
774,731,732,787,686,682,735,794
774,731,732,787,686,682,735,794
774,731,732,787,686,682,735,794
774,731,732,787,686,682,735,794
774,731,732,787,686,682,735,794
774,731,732,787,686,682,735,795
774,731,732,787,686,682,735,795
774,731,732,787,686,682,735,795
774,731,731,787,686,682,735,795
774,731,732,787,686,682,734,794
774,731,732,787,686,682,735,794
774,731,732,787,686,682,735,794
774,731,732,787,686,682,735,795
774,731,732,786,686,682,735,795
774,731,731,787,686,682,735,794
774,730,731,786,686,682,735,795
774,730,731,786,686,682,735,794
773,730,731,786,686,682,735,794
773,730,735,788,684,681,733,794
773,731,736,786,680,676,729,791
773,734,721,779,670,666,720,784
773,735,714,776,666,662,717,780
773,735,710,775,665,661,716,781
773,735,708,774,665,661,716,781
773,735,708,774,665,661,716,782
773,735,707,773,665,661,716,781
773,735,707,773,665,660,716,781
773,735,706,773,665,660,716,781
773,735,706,773,665,660,716,780
773,735,706,773,665,660,716,781
773,735,706,773,665,660,716,782
773,735,706,773,665,660,716,782
773,735,706,773,665,660,716,782
773,735,706,773,665,660,716,782
773,735,706,773,665,660,716,781
773,735,705,773,665,660,716,781
773,735,705,772,665,660,716,781
773,735,705,772,665,660,716,781
773,735,705,772,665,660,716,781
773,735,705,772,665,660,716,781
773,735,705,772,665,660,716,781
773,735,705,772,665,660,716,781
773,735,705,772,665,660,716,781
773,735,705,772,665,660,716,782
773,734,705,772,665,660,716,781
773,734,704,772,665,660,716,781
773,734,704,772,665,660,716,782
773,734,704,772,665,660,716,781
773,734,704,772,664,660,716,782
773,734,704,772,665,660,716,782
773,734,704,771,665,660,716,782
773,734,704,772,665,660,716,782
773,734,704,771,665,660,716,782
773,734,704,771,665,660,716,782
773,734,704,771,665,660,716,782
773,734,704,771,665,660,716,782
773,734,704,771,665,660,716,782
773,734,704,771,665,660,716,782
773,734,704,771,665,660,716,782
773,734,704,771,665,660,716,782
773,734,704,771,665,660,716,782
773,734,704,771,665,660,716,782
773,734,704,771,665,660,716,782
773,734,704,771,665,660,716,782
773,734,704,771,665,660,716,782
773,734,704,771,665,660,716,782
773,734,704,771,665,660,716,782
773,734,704,771,665,660,716,782
773,734,704,771,664,660,716,782
773,734,704,771,665,660,716,782
773,734,704,771,665,660,716,782
773,734,704,771,665,660,716,782
773,734,704,771,665,660,716,782
773,734,704,771,664,660,716,782
773,734,704,771,665,660,716,782
773,734,704,771,665,660,716,782
773,733,705,771,665,661,716,783
772,732,710,773,669,664,719,785
773,726,738,787,690,687,738,800
773,726,739,787,689,685,737,799
772,725,740,787,688,685,736,798
772,725,740,787,687,684,736,798
772,726,739,787,687,684,735,798
772,726,739,787,687,683,735,798
774,725,736,786,688,685,736,798
774,725,735,786,688,685,736,799
773,726,735,786,688,684,736,798
773,726,734,786,688,684,736,798
774,726,734,786,688,684,736,799
774,726,734,786,688,684,736,798
774,726,734,786,688,684,736,798
774,726,733,786,687,684,736,799
774,726,733,786,687,684,736,800
774,726,733,785,687,684,736,799
774,726,733,786,687,684,736,798
774,726,733,786,687,684,736,798
773,726,732,785,687,684,736,798
773,726,732,785,687,684,736,797
774,726,732,785,687,684,736,797
774,726,732,785,687,684,736,797
774,726,732,785,687,684,736,797
774,726,732,785,687,684,736,798
774,726,731,785,687,683,736,797
774,726,731,785,687,683,736,798
774,726,731,785,687,684,736,798
774,726,731,785,687,683,736,797
773,726,731,785,687,683,735,798
773,726,731,785,687,683,735,797
774,726,731,785,687,683,735,797
774,726,731,785,687,683,736,797
773,726,731,785,687,683,735,797
773,726,731,785,687,683,735,797
774,726,731,785,687,683,735,797
774,726,730,785,687,683,735,796
773,726,731,785,687,683,735,796
774,726,731,785,687,683,735,796
773,726,730,785,687,683,735,796
773,726,730,785,687,683,735,795
774,726,730,785,687,683,735,795
774,726,730,785,687,683,735,796
774,726,730,785,687,683,735,795
774,726,730,785,687,683,735,796
774,726,730,785,687,683,735,795
774,726,730,784,687,683,735,796
774,726,730,784,686,683,735,795
774,726,730,784,686,683,735,796
774,726,730,784,686,683,735,796
773,726,730,784,687,683,735,795
774,726,729,784,686,683,735,796
774,726,730,784,686,683,735,796
774,726,730,784,686,683,735,796
773,726,730,784,686,683,735,796
774,726,730,784,686,683,735,796
773,726,729,784,686,683,735,795
774,726,729,784,686,683,735,795
774,726,729,784,686,683,735,795
773,726,729,784,686,683,735,795
774,726,729,784,686,683,735,795
774,726,730,784,686,683,735,794
774,726,729,784,686,683,735,794
774,726,729,784,686,683,735,795
774,726,729,784,686,683,735,795
774,726,729,784,686,683,735,795
773,726,729,784,686,683,735,795
774,726,729,784,686,683,735,794
774,726,729,784,686,683,735,795
773,726,729,784,686,683,735,795
773,726,729,784,686,683,735,795
774,726,729,784,686,683,735,795
774,726,729,784,686,683,735,795
773,726,729,784,686,683,735,794
773,726,729,784,686,683,735,795
773,726,729,784,686,683,735,795
773,726,729,784,686,682,735,795
773,726,729,784,686,683,735,795
773,726,729,784,686,683,735,795
773,726,729,784,686,683,735,795
774,726,729,784,686,683,735,795
774,726,729,784,686,683,735,795
774,726,729,784,686,683,735,795
774,726,729,784,686,682,735,795
773,726,729,784,686,683,735,795
773,726,729,784,686,683,735,795
774,726,729,784,686,683,735,795
773,726,729,784,686,683,735,794
773,726,729,784,686,683,735,795
773,726,729,784,686,682,735,794
773,726,736,786,684,680,733,794
773,729,727,782,676,672,726,790
773,731,716,776,669,665,719,785
773,732,710,774,667,663,717,783
773,733,707,773,666,662,717,782
773,733,706,772,666,661,717,781
773,733,705,772,666,661,717,782
773,733,705,772,666,662,717,781
773,733,705,772,666,661,716,781
773,733,704,772,666,661,716,780
773,733,704,772,666,661,717,780
773,733,704,772,666,661,716,781
773,733,704,772,666,661,717,781
773,733,705,772,666,661,717,780
773,733,704,772,666,661,716,781
773,733,704,772,666,661,716,781
773,734,704,772,666,661,716,781
773,733,704,772,666,661,716,780
773,733,704,772,666,661,716,781
773,734,704,772,666,661,716,781
773,733,704,772,666,661,716,780
773,733,704,772,665,661,716,781
773,733,704,772,666,661,716,781
773,733,704,772,666,661,716,781
773,733,704,772,666,661,716,781
773,733,704,772,666,661,716,781
773,734,704,772,666,661,716,781
773,734,704,772,666,661,716,781
773,733,704,772,666,661,716,782
773,733,704,772,666,661,716,781
772,733,704,771,666,661,716,781
773,734,704,772,666,661,716,781
773,733,704,771,666,661,716,781
773,733,704,771,666,661,716,781
773,734,704,771,666,661,716,781
773,733,704,771,666,661,716,781
773,733,704,771,665,661,716,782
773,733,704,771,666,661,716,781
773,733,704,771,666,661,716,782
773,733,704,771,666,661,716,781
773,734,704,771,666,661,716,781
773,733,703,771,666,661,716,781
772,733,704,771,666,661,716,781
773,733,704,771,666,661,716,781
773,733,703,771,665,661,716,781
773,733,703,771,666,661,716,780
773,733,704,771,666,661,716,781
773,733,703,771,666,661,716,781
773,733,703,771,666,661,716,781
773,733,703,771,666,661,716,781
773,733,703,771,666,661,716,780
773,733,703,771,666,661,716,780
773,733,703,771,666,661,716,780
773,733,703,771,666,661,716,780
773,733,703,771,666,661,716,781
773,733,703,771,666,661,716,780
773,733,703,771,666,661,716,780
773,733,703,771,666,662,716,781
773,733,705,772,667,662,717,781
773,732,713,774,673,668,722,785
772,725,739,787,691,687,738,798
772,725,740,787,690,686,737,798
772,725,740,787,689,686,737,797
772,725,740,787,688,685,736,797
772,725,739,786,688,685,736,796
774,724,738,786,689,686,737,797
773,725,736,786,689,686,737,797
774,725,735,786,689,685,737,797
773,725,735,786,689,685,737,798
773,725,734,786,689,685,737,797
773,725,733,785,689,685,737,797
773,725,734,785,689,685,737,797
774,725,733,785,689,685,737,797
773,725,733,785,688,685,737,797
773,725,733,785,688,685,737,797
773,726,733,785,688,685,737,797
773,726,733,785,688,685,736,797
774,726,733,785,688,685,736,797
773,725,733,785,688,685,736,797
774,726,732,785,688,685,736,797
773,726,732,785,688,685,736,797
774,725,732,785,688,685,736,797
774,725,732,785,688,685,736,797
773,725,732,785,688,684,736,797
773,725,732,785,688,684,736,797
773,725,732,785,688,684,736,797
774,725,731,785,688,684,736,797
773,725,731,785,688,684,736,796
773,725,731,785,688,684,736,796
773,725,731,785,688,684,736,796
773,725,730,785,688,684,736,796
773,725,731,785,688,684,735,797
774,725,731,785,688,684,736,797
774,725,731,785,688,684,736,797
773,725,731,785,687,684,736,797
773,725,731,785,687,684,736,797
773,725,731,785,687,684,736,797
773,725,731,785,687,684,736,797
773,725,731,785,687,684,736,797
773,725,731,784,687,684,736,797
773,725,731,784,687,684,736,797
774,725,730,784,687,684,736,797
773,725,730,784,687,684,736,797
773,725,730,784,687,684,736,797
773,725,730,784,687,684,736,797
773,725,730,784,687,684,736,797
773,725,730,784,687,683,736,797
773,725,730,784,687,684,736,797
773,725,730,784,687,684,736,797
773,725,730,784,687,684,736,797
773,725,729,784,687,684,736,797
773,725,730,784,687,684,735,797
773,725,730,784,687,684,736,797
773,725,730,784,687,684,736,797
773,725,730,784,687,684,736,797
773,725,730,784,687,684,735,797
773,725,730,784,687,683,736,796
773,725,730,784,687,684,735,797
773,725,730,784,687,683,735,797
773,725,730,784,687,684,735,797
773,725,730,784,687,683,735,797
773,725,730,784,687,683,735,797
773,725,730,784,687,683,735,797
773,725,730,784,687,683,735,797
773,725,730,784,687,683,735,797
773,725,729,784,687,683,735,798
773,726,729,784,687,683,735,797
773,726,729,784,687,683,735,797
773,726,729,784,687,683,735,798
773,725,729,784,687,683,735,797
773,725,729,784,687,683,735,797
773,726,729,784,686,683,735,797
773,725,729,784,687,683,735,797
773,725,729,784,687,683,735,797
773,725,729,784,687,683,735,797
773,725,729,784,687,683,735,797
773,726,729,784,687,683,735,797
773,726,729,784,687,683,735,797
773,726,729,784,687,683,735,797
773,725,729,784,687,683,735,797
773,726,729,784,686,683,735,797
773,725,729,784,686,683,735,797
773,726,729,784,687,683,735,797
773,726,729,784,686,683,735,797
773,726,729,784,686,683,735,798
773,725,729,784,686,683,735,798
773,726,729,784,686,683,735,798
773,726,729,784,686,683,735,797
773,725,729,784,686,683,735,797
773,726,729,784,686,683,735,798
773,726,729,784,686,683,735,797
773,726,730,785,686,682,734,797
773,726,738,786,685,682,734,797
773,730,723,779,673,670,723,789
773,731,713,775,668,664,718,785
773,732,709,773,666,662,717,784
773,732,707,772,666,661,716,783
773,732,706,772,666,661,716,783
773,732,705,772,666,661,716,784
773,732,704,772,665,661,716,784
772,732,704,772,665,661,716,784
773,733,704,772,665,661,716,784
773,733,704,772,665,661,716,785
773,733,704,772,665,661,716,784
773,733,704,771,665,661,716,785
773,733,704,771,665,661,716,786
773,733,704,771,665,661,716,785
773,733,704,771,665,661,716,787
773,733,704,771,665,661,716,787
773,733,703,771,665,661,716,787
772,733,703,771,665,661,716,785
773,733,703,771,665,661,716,785
773,733,703,771,665,661,716,784
773,733,703,771,665,661,716,784
773,733,703,771,665,661,716,784
773,732,703,771,665,661,716,784
773,733,703,771,665,661,716,784
773,732,703,771,665,661,716,784
773,733,703,771,665,661,716,784
773,733,703,771,665,661,716,784
773,733,703,771,665,661,716,784
773,733,703,771,665,661,715,784
773,733,703,771,665,661,716,784
773,733,703,771,665,661,716,784
773,733,703,771,665,661,716,784
773,732,703,771,665,661,716,784
773,733,703,771,665,661,716,783
773,733,703,771,665,661,716,784
773,733,703,771,665,661,716,783
773,733,703,771,665,661,716,783
773,732,703,771,665,661,716,783
773,733,703,771,665,661,716,783
773,733,703,771,665,661,716,783
772,733,703,771,665,661,716,783
773,733,703,771,665,661,716,783
773,732,703,771,665,661,716,783
773,733,703,771,665,661,716,783
773,733,703,771,665,661,716,783
773,733,703,771,665,661,716,784
773,732,703,771,665,661,716,784
772,733,703,771,665,661,716,784
773,733,703,771,665,661,716,784
772,733,703,771,665,661,716,784
773,733,703,771,665,661,716,784
773,733,703,771,665,661,716,784
773,732,703,771,665,661,716,784
773,733,703,771,665,661,716,784
773,733,703,771,665,661,716,784
773,733,703,771,665,661,716,784
773,732,703,771,665,661,716,784
773,732,707,772,667,663,718,786
773,729,724,779,682,678,730,796
772,724,739,787,690,687,738,802
772,725,741,788,689,686,737,801
772,724,740,787,689,685,736,801
772,724,740,787,688,685,736,801
772,724,739,787,688,684,736,801
773,724,737,787,689,685,737,803
773,724,736,786,689,685,737,802
773,724,735,786,689,685,737,802
773,724,734,786,689,685,737,801
774,724,734,786,689,685,737,801
773,724,734,786,688,685,737,801
773,724,734,786,688,685,736,801
773,724,733,786,688,685,736,801
773,724,733,786,688,685,736,801
773,725,733,786,688,685,736,801
773,725,733,786,688,685,736,801
773,725,733,786,688,685,736,801
773,725,733,786,688,685,736,801
773,725,732,786,688,685,736,801
773,725,733,786,688,685,736,801
773,725,733,786,688,685,736,801
773,725,733,786,688,684,736,801
773,725,732,786,688,684,736,801
773,725,732,785,688,684,736,801
773,725,732,786,687,684,736,801
773,725,732,785,688,684,736,801
773,725,732,785,688,684,736,801
773,725,732,785,687,684,736,802
773,725,731,785,687,684,736,802
773,725,732,785,687,684,736,802
773,725,731,785,687,684,736,801
773,725,731,785,687,684,736,801
773,725,731,785,687,684,736,801
773,725,731,785,687,684,736,801
773,725,731,785,687,683,736,801
773,725,731,785,687,684,736,801
773,725,731,785,687,684,736,801
773,725,731,785,687,684,736,801
773,725,730,785,687,684,735,801
773,725,731,785,687,684,735,800
773,725,731,785,687,684,736,800
773,725,731,785,687,684,736,800
773,725,731,785,687,684,736,799
773,725,731,785,687,684,736,799
773,725,731,785,687,684,736,799
773,725,730,785,687,684,736,799
773,725,731,785,687,684,736,799
773,725,730,785,687,684,735,800
773,725,730,785,687,684,735,800
773,725,730,785,687,684,735,800
773,725,730,785,687,684,735,800
773,725,730,785,687,684,735,799
773,725,730,785,687,684,735,799
773,725,730,785,687,684,735,799
773,725,730,785,687,683,735,799
773,725,730,785,687,684,735,799
773,725,730,785,687,684,735,799
773,725,730,785,687,684,735,799
773,725,729,785,687,684,735,800
773,725,730,785,687,684,735,800
773,725,730,785,687,684,735,798
773,725,730,785,687,684,735,798
773,725,730,785,687,684,735,798
773,725,730,785,687,684,735,798
773,725,730,785,687,683,735,797
773,725,730,785,687,684,735,797
773,725,730,785,687,684,735,798
773,725,730,784,687,684,735,797
773,725,730,785,687,683,735,798
773,725,730,784,686,683,735,798
773,725,730,784,687,683,735,798
773,725,730,784,687,683,735,798
773,725,730,785,687,683,735,798
773,725,730,784,687,683,735,798
773,725,730,784,687,683,735,798
773,725,729,784,687,683,735,798
773,725,730,784,687,683,735,798
773,725,729,784,687,683,735,798
773,725,729,784,687,683,735,798
773,725,729,784,687,683,735,799
773,725,729,784,687,683,735,798
773,725,729,784,687,683,735,798
773,725,729,784,687,683,735,798
773,725,729,784,687,683,735,798
773,725,729,784,687,683,735,798
773,725,729,784,687,683,735,798
773,725,729,784,687,683,735,798
773,725,729,784,687,683,735,798
773,725,729,784,687,683,735,798
773,725,730,785,686,683,735,798
773,726,738,786,686,682,734,799
773,729,725,780,675,671,725,791
773,731,714,775,669,665,719,786
773,731,709,773,667,663,717,785
773,732,706,772,666,662,717,784
773,732,706,772,666,662,717,783
773,732,705,772,666,662,717,784
773,732,704,772,666,662,717,784
772,732,704,772,666,662,717,784
773,732,704,772,666,662,716,785
773,732,704,772,666,662,717,784
773,732,704,771,666,662,717,783
773,732,704,771,666,662,717,782
773,732,704,771,666,662,717,783
773,733,704,771,666,662,717,783
773,732,704,771,666,662,717,783
773,732,704,771,666,662,717,783
773,732,703,771,666,662,716,783
772,732,703,771,666,662,716,783
773,732,703,771,666,662,716,783
773,732,704,771,666,662,717,783
773,733,703,771,666,662,717,783
773,733,703,771,666,662,716,783
773,733,703,771,666,662,716,783
773,733,703,771,666,661,716,783
773,732,703,771,666,662,716,783
772,733,703,771,666,662,716,783
773,733,703,771,666,661,716,785
772,733,703,771,666,662,716,783
773,733,703,771,665,662,716,783
773,733,703,771,666,662,716,784
772,733,703,771,666,661,716,785
772,733,703,771,666,662,716,785
772,732,703,771,666,662,716,783
772,733,703,771,666,661,716,783
773,733,703,771,666,662,716,784
772,733,703,771,666,662,716,783
773,733,703,771,666,662,716,784
773,733,703,771,666,662,716,784
773,733,703,771,665,662,716,785
772,733,703,771,666,662,716,785
773,733,703,771,666,662,716,784
773,733,703,771,666,662,716,784
772,733,703,771,666,661,716,784
772,733,703,771,666,662,716,784
772,733,703,771,666,662,716,784
773,733,703,771,666,662,716,783
772,733,703,771,666,662,716,784
773,733,703,771,666,662,716,783
773,733,703,771,665,661,716,784
773,733,703,771,666,662,716,783
772,733,703,771,666,662,716,782
773,733,703,771,666,662,716,783
772,732,703,771,666,662,716,783
772,733,703,771,666,661,716,782
772,733,703,771,666,662,716,783
773,733,703,771,666,662,716,783
773,733,704,771,666,662,717,783
772,732,706,772,667,663,718,784
773,730,718,776,677,673,725,791
772,724,740,788,691,688,738,800
772,724,741,788,690,687,738,800
772,724,741,788,689,686,737,799
772,724,740,787,689,686,737,799
772,724,740,788,689,686,736,798
773,724,737,787,690,686,737,800
773,724,736,787,690,686,737,799
773,724,735,787,690,686,737,798
773,724,735,786,689,686,737,798
773,724,735,786,689,686,737,798
773,724,735,786,689,686,737,799
773,725,735,786,689,686,737,799
773,724,734,786,689,686,737,799
773,724,734,786,689,686,737,798
773,724,734,786,689,685,737,798
773,724,734,786,689,686,737,798
773,724,733,786,689,686,737,798
773,724,733,786,689,685,737,798
773,724,733,786,689,686,737,798
773,724,733,786,689,685,736,798
773,725,733,786,689,685,737,798
773,725,733,786,689,685,737,798
773,724,733,786,688,685,737,798
773,725,732,785,688,685,737,798
773,725,732,785,688,685,737,798
773,725,732,786,688,685,736,798
773,724,732,786,688,685,736,798
773,725,732,785,688,685,736,798
773,725,732,785,688,685,736,798
773,725,732,785,688,685,736,798
773,725,732,785,688,685,736,798
773,725,732,785,688,685,736,798
773,725,732,785,688,685,736,797
773,725,732,785,688,685,736,798
773,725,732,785,688,685,736,797
773,725,732,785,688,685,736,797
773,725,732,785,688,685,736,798
773,725,732,785,688,685,736,798
773,725,731,785,688,685,736,798
773,725,732,785,688,685,736,797
773,725,731,785,688,685,736,797
773,725,731,785,688,685,736,797
773,725,731,785,688,685,736,798
773,725,731,785,688,685,736,798
773,725,731,785,688,685,736,798
773,725,731,785,688,685,736,797
773,725,731,785,688,684,736,798
773,725,731,785,688,684,736,798
773,725,731,785,688,684,736,798
773,725,731,785,687,684,736,798
773,725,731,785,688,684,736,798
773,725,731,785,688,684,736,798
773,725,731,785,688,684,736,798
773,725,731,785,688,684,736,798
773,725,731,785,688,684,736,798
773,725,731,785,688,684,736,798
773,725,730,785,688,684,736,797
773,725,731,785,688,684,736,797
773,725,730,785,688,684,736,797
773,725,730,785,687,684,736,797
773,725,730,785,688,684,736,797
773,725,730,785,688,684,736,797
773,725,730,785,687,684,736,797
773,725,730,785,687,684,736,798
773,725,730,784,687,684,736,797
773,725,730,785,687,684,736,797
773,725,730,785,687,684,736,798
773,725,730,785,687,684,736,797
773,725,730,785,687,684,736,797
773,725,730,785,687,684,736,797
773,725,730,785,688,684,736,797
773,725,730,785,687,684,736,797
773,725,730,785,687,684,736,797
773,725,730,785,687,684,736,797
773,725,730,784,687,684,736,797
773,725,730,785,687,684,736,797
773,725,730,785,687,684,736,798
773,725,730,785,687,684,736,798
773,725,730,785,687,684,735,798
773,725,729,785,687,684,735,798
773,725,730,785,687,684,736,798
773,725,730,785,687,684,736,798
773,725,730,785,687,684,736,798
773,725,730,785,687,684,735,798
773,725,730,784,687,684,736,798
773,725,730,785,687,684,736,798
773,725,730,785,687,684,735,798
773,725,730,784,687,684,735,798
773,725,730,784,687,684,735,798
773,725,729,784,687,684,735,798
773,725,737,787,685,682,733,797
773,728,727,781,676,673,726,791
773,730,715,775,669,665,720,787
773,731,709,773,667,663,718,785
773,731,707,773,666,663,717,783
773,732,706,772,666,662,717,782
773,732,705,772,667,663,717,782
773,732,704,772,666,662,717,781
773,732,704,772,666,662,717,781
772,732,703,772,666,662,717,781
773,732,704,771,666,662,717,781
773,732,704,771,666,662,717,781
773,732,704,771,666,662,717,781
772,732,703,771,666,662,717,781
773,732,703,771,666,662,717,781
772,732,703,771,666,662,717,781
773,732,703,771,666,662,717,781
773,732,703,771,666,662,717,781
772,732,703,771,666,662,717,781
773,732,703,771,666,662,717,781
773,732,703,771,666,662,717,781
772,732,703,771,666,662,717,781
772,732,703,771,666,662,717,781
772,732,703,771,666,662,717,781
772,732,703,771,666,662,717,781
772,732,703,771,666,662,717,780
772,732,703,771,666,662,717,781
773,732,703,771,666,662,717,781
772,732,703,771,666,662,717,781
772,732,703,771,666,662,717,781
772,732,703,771,666,662,717,781
772,732,703,771,666,662,717,781
772,732,703,771,666,662,717,781
772,732,703,771,666,662,717,781
772,732,703,770,666,662,717,781
772,732,703,771,666,662,717,781
772,732,703,771,666,662,717,781
772,732,703,771,666,662,717,781
772,732,703,771,666,662,717,781
772,732,702,771,666,662,717,781
772,732,703,771,666,662,717,781
772,732,703,771,666,662,717,781
772,732,703,771,666,662,717,781
772,732,703,771,666,662,717,781
772,732,703,771,666,662,717,781
772,732,703,771,666,662,717,781
772,732,703,771,666,662,717,781
772,732,703,771,666,662,717,781
772,732,703,771,666,662,717,781
773,732,702,771,666,662,717,781
772,732,703,771,666,662,717,781
772,732,703,771,666,662,717,782
772,732,703,771,666,662,717,782
772,732,703,771,666,662,717,782
772,732,703,770,666,662,717,782
772,732,703,771,666,662,717,781
772,732,703,771,666,662,717,782
772,732,703,771,666,662,717,782
772,732,706,772,667,663,718,783
772,730,716,775,677,672,725,790
772,723,740,788,692,688,739,799
772,723,741,788,690,687,738,799
772,723,741,788,690,687,737,798
772,723,740,787,689,686,737,798
772,723,740,787,689,686,737,798
773,723,738,787,690,687,738,799
773,723,736,787,690,687,738,799
773,723,736,787,690,687,738,799
773,724,735,786,690,686,738,799
773,724,734,786,689,686,737,799
773,724,735,786,689,686,737,799
773,724,734,786,689,686,737,799
773,724,734,786,689,686,737,799
773,724,734,786,689,686,737,799
773,724,734,785,689,686,737,798
773,724,733,786,689,686,737,798
773,724,733,786,689,686,737,798
773,724,733,786,689,686,737,798
773,724,733,786,689,686,737,798
772,724,733,786,689,686,737,798
773,724,733,786,689,686,737,798
773,724,733,785,689,686,737,798
773,724,732,785,689,686,737,798
773,724,732,785,689,686,737,798
773,723,732,785,689,685,737,798
773,724,732,785,689,685,737,798
773,724,732,785,689,685,737,798
773,724,732,785,689,685,737,798
773,724,732,785,689,685,737,798
773,724,731,785,688,685,737,798
773,724,732,785,688,685,736,798
773,724,732,785,688,685,737,798
773,724,732,785,688,685,737,798
773,724,732,785,688,685,736,798
773,724,732,785,688,685,736,798
773,724,732,785,688,685,736,797
773,724,732,785,688,685,736,798
773,724,731,785,688,685,736,798
773,724,731,785,688,685,736,798
773,724,731,785,688,685,736,797
773,724,731,785,688,685,736,797
773,724,731,785,688,685,736,797
773,724,731,785,688,685,736,797
773,724,731,785,688,685,736,797
773,723,731,785,688,685,736,798
773,724,731,785,688,684,736,798
773,724,731,785,688,685,736,797
773,724,731,785,688,685,736,798
773,724,731,785,688,685,736,798
773,724,730,785,688,685,736,797
773,724,731,785,688,685,736,797
773,724,731,785,688,685,736,798
773,724,731,785,688,685,736,797
773,724,731,785,688,685,736,797
773,724,731,785,688,685,736,797
773,724,731,785,688,684,736,797
773,724,730,785,688,685,736,797
773,724,731,785,688,685,736,797
773,724,730,785,688,685,736,797
772,724,730,785,688,685,736,798
773,724,730,785,687,685,736,797
773,724,730,785,688,684,736,797
773,724,730,785,688,684,736,797
773,724,730,785,688,684,736,797
773,724,730,785,688,684,736,798
773,724,730,784,688,684,736,797
773,724,730,785,688,684,736,797
773,724,730,785,688,684,736,797
773,724,730,785,688,684,736,797
773,724,730,785,688,684,736,797
773,724,730,785,687,684,736,797
773,724,730,785,688,684,736,797
773,724,730,785,688,684,736,797
773,724,730,785,687,684,736,797
773,724,730,785,688,684,736,797
773,724,730,784,687,684,736,797
773,724,730,785,687,684,736,797
773,724,730,785,687,684,736,797
773,724,730,785,687,684,736,798
773,724,730,785,687,684,736,797
773,724,730,784,687,684,736,798
773,724,730,785,687,684,736,797
773,724,730,785,687,684,736,797
773,724,730,785,687,684,736,798
773,724,730,784,687,684,736,797
773,724,730,784,687,684,736,798
773,724,730,784,687,684,736,797
773,724,730,785,687,684,736,797
773,724,730,784,687,684,736,798
773,724,729,784,687,684,736,797
773,724,729,784,687,684,736,797
773,724,730,784,687,684,735,797
773,724,730,784,687,684,736,798
773,724,729,785,687,684,736,798
773,724,729,784,687,684,735,798
773,725,729,784,687,684,736,798
773,724,729,784,687,684,735,797
773,724,729,784,687,684,736,797
773,724,729,784,687,684,735,798
773,724,729,784,687,684,736,798
773,724,729,784,687,684,735,798
773,724,729,784,687,684,735,797
773,724,729,784,687,684,736,798
773,724,729,784,687,684,735,798
